[5.627s] Invoking command in '/home/indowings/scripts/2026-06-25/ros2_ws/src/px4_mission': PYTHONPATH=/home/indowings/scripts/2026-06-25/ros2_ws/build/px4_mission/prefix_override:/home/indowings/.local/lib/python3.10/site-packages/colcon_core/task/python/colcon_distutils_commands:/home/indowings/scripts/2026-06-25/ros2_ws/install/px4_mission/lib/python3.10/site-packages:${PYTHONPATH} /usr/bin/python3 -W ignore:setup.py install is deprecated -W ignore:easy_install command is deprecated setup.py egg_info --egg-base ../../build/px4_mission build --build-base /home/indowings/scripts/2026-06-25/ros2_ws/build/px4_mission/build install --record /home/indowings/scripts/2026-06-25/ros2_ws/build/px4_mission/install.log --install-scripts $base/lib/px4_mission --single-version-externally-managed install_data
[7.403s] running egg_info
[7.546s] writing ../../build/px4_mission/px4_mission.egg-info/PKG-INFO
[7.548s] writing dependency_links to ../../build/px4_mission/px4_mission.egg-info/dependency_links.txt
[7.548s] writing entry points to ../../build/px4_mission/px4_mission.egg-info/entry_points.txt
[7.550s] writing requirements to ../../build/px4_mission/px4_mission.egg-info/requires.txt
[7.552s] writing top-level names to ../../build/px4_mission/px4_mission.egg-info/top_level.txt
[7.827s] reading manifest file '../../build/px4_mission/px4_mission.egg-info/SOURCES.txt'
[7.834s] writing manifest file '../../build/px4_mission/px4_mission.egg-info/SOURCES.txt'
[7.835s] running build
[7.836s] running build_py
[7.837s] copying px4_mission/mission.py -> /home/indowings/scripts/2026-06-25/ros2_ws/build/px4_mission/build/lib/px4_mission
[7.838s] copying px4_mission/__init__.py -> /home/indowings/scripts/2026-06-25/ros2_ws/build/px4_mission/build/lib/px4_mission
[7.843s] running install
[7.873s] running install_lib
[8.012s] running install_data
[8.014s] copying resource/px4_mission -> /home/indowings/scripts/2026-06-25/ros2_ws/install/px4_mission/share/ament_index/resource_index/packages
[8.016s] copying package.xml -> /home/indowings/scripts/2026-06-25/ros2_ws/install/px4_mission/share/px4_mission
[8.018s] running install_egg_info
[8.141s] removing '/home/indowings/scripts/2026-06-25/ros2_ws/install/px4_mission/lib/python3.10/site-packages/px4_mission-0.0.0-py3.10.egg-info' (and everything under it)
[8.142s] Copying ../../build/px4_mission/px4_mission.egg-info to /home/indowings/scripts/2026-06-25/ros2_ws/install/px4_mission/lib/python3.10/site-packages/px4_mission-0.0.0-py3.10.egg-info
[8.148s] running install_scripts
[9.073s] Installing mission script to /home/indowings/scripts/2026-06-25/ros2_ws/install/px4_mission/lib/px4_mission
[9.074s] writing list of installed files to '/home/indowings/scripts/2026-06-25/ros2_ws/build/px4_mission/install.log'
[9.208s] Invoked command in '/home/indowings/scripts/2026-06-25/ros2_ws/src/px4_mission' returned '0': PYTHONPATH=/home/indowings/scripts/2026-06-25/ros2_ws/build/px4_mission/prefix_override:/home/indowings/.local/lib/python3.10/site-packages/colcon_core/task/python/colcon_distutils_commands:/home/indowings/scripts/2026-06-25/ros2_ws/install/px4_mission/lib/python3.10/site-packages:${PYTHONPATH} /usr/bin/python3 -W ignore:setup.py install is deprecated -W ignore:easy_install command is deprecated setup.py egg_info --egg-base ../../build/px4_mission build --build-base /home/indowings/scripts/2026-06-25/ros2_ws/build/px4_mission/build install --record /home/indowings/scripts/2026-06-25/ros2_ws/build/px4_mission/install.log --install-scripts $base/lib/px4_mission --single-version-externally-managed install_data
