[6.946s] Invoking command in '/home/indowings/scripts/2026-06-25/ros2_ws/build/px4_mission': PYTHONPATH=/home/indowings/scripts/2026-06-25/ros2_ws/build/px4_mission/prefix_override:/home/indowings/.local/lib/python3.10/site-packages/colcon_core/task/python/colcon_distutils_commands:/home/indowings/scripts/2026-06-25/ros2_ws/install/px4_mission/lib/python3.10/site-packages:${PYTHONPATH} /usr/bin/python3 -W ignore:setup.py install is deprecated -W ignore:easy_install command is deprecated setup.py develop --editable --build-directory /home/indowings/scripts/2026-06-25/ros2_ws/build/px4_mission/build --no-deps symlink_data
[9.003s] running develop
[10.416s] running egg_info
[10.533s] creating px4_mission.egg-info
[10.534s] writing px4_mission.egg-info/PKG-INFO
[10.539s] writing dependency_links to px4_mission.egg-info/dependency_links.txt
[10.542s] writing entry points to px4_mission.egg-info/entry_points.txt
[10.545s] writing requirements to px4_mission.egg-info/requires.txt
[10.546s] writing top-level names to px4_mission.egg-info/top_level.txt
[10.547s] writing manifest file 'px4_mission.egg-info/SOURCES.txt'
[10.768s] reading manifest file 'px4_mission.egg-info/SOURCES.txt'
[10.773s] writing manifest file 'px4_mission.egg-info/SOURCES.txt'
[10.893s] running build_ext
[10.895s] Creating /home/indowings/scripts/2026-06-25/ros2_ws/install/px4_mission/lib/python3.10/site-packages/px4-mission.egg-link (link to .)
[10.899s] Installing mission script to /home/indowings/scripts/2026-06-25/ros2_ws/install/px4_mission/lib/px4_mission
[10.902s] 
[10.902s] Installed /home/indowings/scripts/2026-06-25/ros2_ws/build/px4_mission
[10.905s] running symlink_data
[10.906s] creating /home/indowings/scripts/2026-06-25/ros2_ws/install/px4_mission/share/ament_index/resource_index/packages
[10.907s] symbolically linking /home/indowings/scripts/2026-06-25/ros2_ws/build/px4_mission/resource/px4_mission -> /home/indowings/scripts/2026-06-25/ros2_ws/install/px4_mission/share/ament_index/resource_index/packages
[10.907s] symbolically linking /home/indowings/scripts/2026-06-25/ros2_ws/build/px4_mission/package.xml -> /home/indowings/scripts/2026-06-25/ros2_ws/install/px4_mission/share/px4_mission
[11.109s] Invoked command in '/home/indowings/scripts/2026-06-25/ros2_ws/build/px4_mission' returned '0': PYTHONPATH=/home/indowings/scripts/2026-06-25/ros2_ws/build/px4_mission/prefix_override:/home/indowings/.local/lib/python3.10/site-packages/colcon_core/task/python/colcon_distutils_commands:/home/indowings/scripts/2026-06-25/ros2_ws/install/px4_mission/lib/python3.10/site-packages:${PYTHONPATH} /usr/bin/python3 -W ignore:setup.py install is deprecated -W ignore:easy_install command is deprecated setup.py develop --editable --build-directory /home/indowings/scripts/2026-06-25/ros2_ws/build/px4_mission/build --no-deps symlink_data
