[0.057s] Invoking command in '/home/indowings/scripts/2026-06-25/ros2_ws/build/px4_ros_com': CMAKE_PREFIX_PATH=/home/indowings/scripts/2026-06-25/ros2_ws/install/px4_msgs:/home/indowings/scripts/2026-06-25/ros2_ws/install/px4_ros_com:/home/indowings/scripts/2026-06-25/ros2_ws/install/px4_mission:/opt/ros/humble LD_LIBRARY_PATH=/home/indowings/scripts/2026-06-25/ros2_ws/install/px4_msgs/lib:/home/indowings/scripts/2026-06-25/ros2_ws/install/px4_ros_com/lib:/opt/ros/humble/opt/rviz_ogre_vendor/lib:/opt/ros/humble/lib/x86_64-linux-gnu:/opt/ros/humble/lib /usr/bin/cmake /home/indowings/scripts/2026-06-25/ros2_ws/src/px4_ros_com -DCMAKE_INSTALL_PREFIX=/home/indowings/scripts/2026-06-25/ros2_ws/install/px4_ros_com
[0.115s] -- Found ament_cmake: 1.3.14 (/opt/ros/humble/share/ament_cmake/cmake)
[0.887s] -- Override CMake install command with custom implementation using symlinks instead of copying resources
[0.933s] -- Found builtin_interfaces: 1.2.2 (/opt/ros/humble/share/builtin_interfaces/cmake)
[1.077s] -- Found rosidl_generator_c: 3.1.8 (/opt/ros/humble/share/rosidl_generator_c/cmake)
[1.092s] -- Found rosidl_adapter: 3.1.8 (/opt/ros/humble/share/rosidl_adapter/cmake)
[1.132s] -- Found rosidl_generator_cpp: 3.1.8 (/opt/ros/humble/share/rosidl_generator_cpp/cmake)
[1.194s] -- Using all available rosidl_typesupport_c: rosidl_typesupport_fastrtps_c;rosidl_typesupport_introspection_c
[1.268s] -- Using all available rosidl_typesupport_cpp: rosidl_typesupport_fastrtps_cpp;rosidl_typesupport_introspection_cpp
[1.335s] -- Found eigen3_cmake_module: 0.1.1 (/opt/ros/humble/share/eigen3_cmake_module/cmake)
[1.344s] -- Found geometry_msgs: 4.9.1 (/opt/ros/humble/share/geometry_msgs/cmake)
[1.515s] -- Found px4_msgs: 1.17.0 (/home/indowings/scripts/2026-06-25/ros2_ws/install/px4_msgs/share/px4_msgs/cmake)
[1.585s] -- Found rclcpp: 16.0.19 (/opt/ros/humble/share/rclcpp/cmake)
[1.757s] -- Found rmw_implementation_cmake: 6.1.2 (/opt/ros/humble/share/rmw_implementation_cmake/cmake)
[1.765s] -- Found rmw_cyclonedds_cpp: 1.3.4 (/opt/ros/humble/share/rmw_cyclonedds_cpp/cmake)
[1.883s] -- Using RMW implementation 'rmw_cyclonedds_cpp' as default
[2.142s] -- Found sensor_msgs: 4.9.1 (/opt/ros/humble/share/sensor_msgs/cmake)
[2.240s] -- Found rclpy: 3.3.21 (/opt/ros/humble/share/rclpy/cmake)
[2.290s] -- Found ament_lint_auto: 0.12.15 (/opt/ros/humble/share/ament_lint_auto/cmake)
[2.996s] -- Added test 'copyright' to check source files copyright and LICENSE
[3.018s] -- Added test 'cppcheck' to perform static code analysis on C / C++ code
[3.021s] -- Configured cppcheck include dirs: /home/indowings/scripts/2026-06-25/ros2_ws/src/px4_ros_com/include;$<BUILD_INTERFACE:/home/indowings/scripts/2026-06-25/ros2_ws/src/px4_ros_com/include/px4_ros_com>
[3.023s] -- Configured cppcheck exclude dirs and/or files: 
[3.047s] -- Added test 'cpplint' to check C / C++ code against the Google style
[3.049s] -- Configured cpplint exclude dirs and/or files: 
[3.052s] -- Added test 'flake8' to check Python code syntax and style conventions
[3.057s] -- Added test 'lint_cmake' to check CMake code style
[3.063s] -- Added test 'pep257' to check Python code against some of the docstring style conventions in PEP 257
[3.087s] -- Added test 'uncrustify' to check C / C++ code style
[3.088s] -- Configured uncrustify additional arguments: 
[3.091s] -- Added test 'xmllint' to check XML markup files
[3.105s] -- Configuring done
[3.272s] -- Generating done
[3.332s] -- Build files have been written to: /home/indowings/scripts/2026-06-25/ros2_ws/build/px4_ros_com
[3.371s] Invoked command in '/home/indowings/scripts/2026-06-25/ros2_ws/build/px4_ros_com' returned '0': CMAKE_PREFIX_PATH=/home/indowings/scripts/2026-06-25/ros2_ws/install/px4_msgs:/home/indowings/scripts/2026-06-25/ros2_ws/install/px4_ros_com:/home/indowings/scripts/2026-06-25/ros2_ws/install/px4_mission:/opt/ros/humble LD_LIBRARY_PATH=/home/indowings/scripts/2026-06-25/ros2_ws/install/px4_msgs/lib:/home/indowings/scripts/2026-06-25/ros2_ws/install/px4_ros_com/lib:/opt/ros/humble/opt/rviz_ogre_vendor/lib:/opt/ros/humble/lib/x86_64-linux-gnu:/opt/ros/humble/lib /usr/bin/cmake /home/indowings/scripts/2026-06-25/ros2_ws/src/px4_ros_com -DCMAKE_INSTALL_PREFIX=/home/indowings/scripts/2026-06-25/ros2_ws/install/px4_ros_com
[3.378s] Invoking command in '/home/indowings/scripts/2026-06-25/ros2_ws/build/px4_ros_com': CMAKE_PREFIX_PATH=/home/indowings/scripts/2026-06-25/ros2_ws/install/px4_msgs:/home/indowings/scripts/2026-06-25/ros2_ws/install/px4_ros_com:/home/indowings/scripts/2026-06-25/ros2_ws/install/px4_mission:/opt/ros/humble LD_LIBRARY_PATH=/home/indowings/scripts/2026-06-25/ros2_ws/install/px4_msgs/lib:/home/indowings/scripts/2026-06-25/ros2_ws/install/px4_ros_com/lib:/opt/ros/humble/opt/rviz_ogre_vendor/lib:/opt/ros/humble/lib/x86_64-linux-gnu:/opt/ros/humble/lib /usr/bin/cmake --build /home/indowings/scripts/2026-06-25/ros2_ws/build/px4_ros_com -- -j8 -l8
[3.574s] [35m[1mConsolidate compiler generated dependencies of target frame_transforms[0m
[3.651s] [ 16%] Built target frame_transforms
[3.797s] [ 16%] Built target ament_cmake_python_symlink_px4_ros_com
[3.853s] [35m[1mConsolidate compiler generated dependencies of target offboard_control_srv[0m
[3.932s] [ 33%] Built target offboard_control_srv
[5.496s] running egg_info
[5.644s] writing px4_ros_com.egg-info/PKG-INFO
[5.646s] writing dependency_links to px4_ros_com.egg-info/dependency_links.txt
[5.651s] writing top-level names to px4_ros_com.egg-info/top_level.txt
[6.075s] reading manifest file 'px4_ros_com.egg-info/SOURCES.txt'
[6.080s] writing manifest file 'px4_ros_com.egg-info/SOURCES.txt'
[6.242s] [ 33%] Built target ament_cmake_python_build_px4_ros_com_egg
[6.288s] [35m[1mConsolidate compiler generated dependencies of target offboard_control[0m
[6.359s] [ 50%] Built target offboard_control
[6.408s] [35m[1mConsolidate compiler generated dependencies of target debug_vect_advertiser[0m
[6.494s] [ 66%] Built target debug_vect_advertiser
[6.550s] [35m[1mConsolidate compiler generated dependencies of target vehicle_gps_position_listener[0m
[6.634s] [ 83%] Built target vehicle_gps_position_listener
[6.690s] [35m[1mConsolidate compiler generated dependencies of target sensor_combined_listener[0m
[6.775s] [100%] Built target sensor_combined_listener
[6.835s] Invoked command in '/home/indowings/scripts/2026-06-25/ros2_ws/build/px4_ros_com' returned '0': CMAKE_PREFIX_PATH=/home/indowings/scripts/2026-06-25/ros2_ws/install/px4_msgs:/home/indowings/scripts/2026-06-25/ros2_ws/install/px4_ros_com:/home/indowings/scripts/2026-06-25/ros2_ws/install/px4_mission:/opt/ros/humble LD_LIBRARY_PATH=/home/indowings/scripts/2026-06-25/ros2_ws/install/px4_msgs/lib:/home/indowings/scripts/2026-06-25/ros2_ws/install/px4_ros_com/lib:/opt/ros/humble/opt/rviz_ogre_vendor/lib:/opt/ros/humble/lib/x86_64-linux-gnu:/opt/ros/humble/lib /usr/bin/cmake --build /home/indowings/scripts/2026-06-25/ros2_ws/build/px4_ros_com -- -j8 -l8
[6.846s] Invoking command in '/home/indowings/scripts/2026-06-25/ros2_ws/build/px4_ros_com': CMAKE_PREFIX_PATH=/home/indowings/scripts/2026-06-25/ros2_ws/install/px4_msgs:/home/indowings/scripts/2026-06-25/ros2_ws/install/px4_ros_com:/home/indowings/scripts/2026-06-25/ros2_ws/install/px4_mission:/opt/ros/humble LD_LIBRARY_PATH=/home/indowings/scripts/2026-06-25/ros2_ws/install/px4_msgs/lib:/home/indowings/scripts/2026-06-25/ros2_ws/install/px4_ros_com/lib:/opt/ros/humble/opt/rviz_ogre_vendor/lib:/opt/ros/humble/lib/x86_64-linux-gnu:/opt/ros/humble/lib /usr/bin/cmake --install /home/indowings/scripts/2026-06-25/ros2_ws/build/px4_ros_com
[6.885s] -- Install configuration: ""
[6.888s] -- Execute custom install script
[6.890s] -- Up-to-date symlink: /home/indowings/scripts/2026-06-25/ros2_ws/install/px4_ros_com/lib/px4_ros_com/sensor_combined_listener
[6.892s] -- Up-to-date symlink: /home/indowings/scripts/2026-06-25/ros2_ws/install/px4_ros_com/lib/px4_ros_com/vehicle_gps_position_listener
[6.895s] -- Up-to-date symlink: /home/indowings/scripts/2026-06-25/ros2_ws/install/px4_ros_com/lib/px4_ros_com/debug_vect_advertiser
[6.896s] -- Up-to-date symlink: /home/indowings/scripts/2026-06-25/ros2_ws/install/px4_ros_com/lib/px4_ros_com/offboard_control
[6.897s] -- Up-to-date symlink: /home/indowings/scripts/2026-06-25/ros2_ws/install/px4_ros_com/lib/px4_ros_com/offboard_control_srv
[6.897s] -- Up-to-date symlink: /home/indowings/scripts/2026-06-25/ros2_ws/install/px4_ros_com/share/px4_ros_com/environment/library_path.sh
[6.898s] -- Up-to-date symlink: /home/indowings/scripts/2026-06-25/ros2_ws/install/px4_ros_com/share/px4_ros_com/environment/library_path.dsv
[6.899s] -- Up-to-date symlink: /home/indowings/scripts/2026-06-25/ros2_ws/install/px4_ros_com/include/px4_ros_com/frame_transforms.h
[6.902s] -- Up-to-date symlink: /home/indowings/scripts/2026-06-25/ros2_ws/install/px4_ros_com/share/px4_ros_com//launch/offboard_control_launch.yaml
[6.903s] -- Up-to-date symlink: /home/indowings/scripts/2026-06-25/ros2_ws/install/px4_ros_com/share/px4_ros_com//launch/sensor_combined_listener.launch.py
[6.905s] -- Up-to-date symlink: /home/indowings/scripts/2026-06-25/ros2_ws/install/px4_ros_com/share/px4_ros_com//test/__init__.py
[6.906s] -- Up-to-date symlink: /home/indowings/scripts/2026-06-25/ros2_ws/install/px4_ros_com/share/px4_ros_com//test/pipeline_io_test.py
[6.907s] -- Up-to-date symlink: /home/indowings/scripts/2026-06-25/ros2_ws/install/px4_ros_com/share/px4_ros_com//test/test_input.py
[6.908s] -- Up-to-date symlink: /home/indowings/scripts/2026-06-25/ros2_ws/install/px4_ros_com/share/px4_ros_com//test/test_output.py
[6.909s] -- Up-to-date symlink: /home/indowings/scripts/2026-06-25/ros2_ws/install/px4_ros_com/share/px4_ros_com/environment/pythonpath.sh
[6.910s] -- Up-to-date symlink: /home/indowings/scripts/2026-06-25/ros2_ws/install/px4_ros_com/share/px4_ros_com/environment/pythonpath.dsv
[6.912s] -- Up-to-date symlink: /home/indowings/scripts/2026-06-25/ros2_ws/install/px4_ros_com/local/lib/python3.10/dist-packages/px4_ros_com-0.1.0-py3.10.egg-info/PKG-INFO
[6.914s] -- Up-to-date symlink: /home/indowings/scripts/2026-06-25/ros2_ws/install/px4_ros_com/local/lib/python3.10/dist-packages/px4_ros_com-0.1.0-py3.10.egg-info/SOURCES.txt
[6.915s] -- Up-to-date symlink: /home/indowings/scripts/2026-06-25/ros2_ws/install/px4_ros_com/local/lib/python3.10/dist-packages/px4_ros_com-0.1.0-py3.10.egg-info/dependency_links.txt
[6.916s] -- Up-to-date symlink: /home/indowings/scripts/2026-06-25/ros2_ws/install/px4_ros_com/local/lib/python3.10/dist-packages/px4_ros_com-0.1.0-py3.10.egg-info/top_level.txt
[6.917s] -- Up-to-date symlink: /home/indowings/scripts/2026-06-25/ros2_ws/install/px4_ros_com/local/lib/python3.10/dist-packages/px4_ros_com/__init__.py
[6.917s] -- Up-to-date symlink: /home/indowings/scripts/2026-06-25/ros2_ws/install/px4_ros_com/local/lib/python3.10/dist-packages/px4_ros_com/module_to_import.py
[6.918s] -- Up-to-date symlink: /home/indowings/scripts/2026-06-25/ros2_ws/install/px4_ros_com/lib/px4_ros_com/offboard_control.py
[6.918s] -- Up-to-date symlink: /home/indowings/scripts/2026-06-25/ros2_ws/install/px4_ros_com/share/ament_index/resource_index/package_run_dependencies/px4_ros_com
[6.919s] -- Up-to-date symlink: /home/indowings/scripts/2026-06-25/ros2_ws/install/px4_ros_com/share/ament_index/resource_index/parent_prefix_path/px4_ros_com
[6.919s] -- Up-to-date symlink: /home/indowings/scripts/2026-06-25/ros2_ws/install/px4_ros_com/share/px4_ros_com/environment/ament_prefix_path.sh
[6.920s] -- Up-to-date symlink: /home/indowings/scripts/2026-06-25/ros2_ws/install/px4_ros_com/share/px4_ros_com/environment/ament_prefix_path.dsv
[6.922s] -- Up-to-date symlink: /home/indowings/scripts/2026-06-25/ros2_ws/install/px4_ros_com/share/px4_ros_com/environment/path.sh
[6.923s] -- Up-to-date symlink: /home/indowings/scripts/2026-06-25/ros2_ws/install/px4_ros_com/share/px4_ros_com/environment/path.dsv
[6.925s] -- Up-to-date symlink: /home/indowings/scripts/2026-06-25/ros2_ws/install/px4_ros_com/share/px4_ros_com/local_setup.bash
[6.926s] -- Up-to-date symlink: /home/indowings/scripts/2026-06-25/ros2_ws/install/px4_ros_com/share/px4_ros_com/local_setup.sh
[6.927s] -- Up-to-date symlink: /home/indowings/scripts/2026-06-25/ros2_ws/install/px4_ros_com/share/px4_ros_com/local_setup.zsh
[6.929s] -- Up-to-date symlink: /home/indowings/scripts/2026-06-25/ros2_ws/install/px4_ros_com/share/px4_ros_com/local_setup.dsv
[6.929s] -- Symlinking: /home/indowings/scripts/2026-06-25/ros2_ws/install/px4_ros_com/share/px4_ros_com/package.dsv
[6.978s] -- Up-to-date symlink: /home/indowings/scripts/2026-06-25/ros2_ws/install/px4_ros_com/share/ament_index/resource_index/packages/px4_ros_com
[6.979s] -- Up-to-date symlink: /home/indowings/scripts/2026-06-25/ros2_ws/install/px4_ros_com/share/px4_ros_com/cmake/ament_cmake_export_dependencies-extras.cmake
[6.980s] -- Up-to-date symlink: /home/indowings/scripts/2026-06-25/ros2_ws/install/px4_ros_com/share/px4_ros_com/cmake/ament_cmake_export_targets-extras.cmake
[6.980s] -- Up-to-date symlink: /home/indowings/scripts/2026-06-25/ros2_ws/install/px4_ros_com/share/px4_ros_com/cmake/ament_cmake_export_include_directories-extras.cmake
[6.981s] -- Up-to-date symlink: /home/indowings/scripts/2026-06-25/ros2_ws/install/px4_ros_com/share/px4_ros_com/cmake/ament_cmake_export_libraries-extras.cmake
[6.981s] -- Up-to-date symlink: /home/indowings/scripts/2026-06-25/ros2_ws/install/px4_ros_com/share/px4_ros_com/cmake/px4_ros_comConfig.cmake
[6.982s] -- Up-to-date symlink: /home/indowings/scripts/2026-06-25/ros2_ws/install/px4_ros_com/share/px4_ros_com/cmake/px4_ros_comConfig-version.cmake
[6.983s] -- Up-to-date symlink: /home/indowings/scripts/2026-06-25/ros2_ws/install/px4_ros_com/share/px4_ros_com/package.xml
[6.984s] -- Up-to-date: /home/indowings/scripts/2026-06-25/ros2_ws/install/px4_ros_com/lib/libframe_transforms.so
[7.207s] Listing '/home/indowings/scripts/2026-06-25/ros2_ws/install/px4_ros_com/local/lib/python3.10/dist-packages/px4_ros_com'...
[7.234s] -- Up-to-date: /home/indowings/scripts/2026-06-25/ros2_ws/install/px4_ros_com/share/px4_ros_com/cmake/export_frame_transformsExport.cmake
[7.234s] -- Up-to-date: /home/indowings/scripts/2026-06-25/ros2_ws/install/px4_ros_com/share/px4_ros_com/cmake/export_frame_transformsExport-noconfig.cmake
[7.245s] Invoked command in '/home/indowings/scripts/2026-06-25/ros2_ws/build/px4_ros_com' returned '0': CMAKE_PREFIX_PATH=/home/indowings/scripts/2026-06-25/ros2_ws/install/px4_msgs:/home/indowings/scripts/2026-06-25/ros2_ws/install/px4_ros_com:/home/indowings/scripts/2026-06-25/ros2_ws/install/px4_mission:/opt/ros/humble LD_LIBRARY_PATH=/home/indowings/scripts/2026-06-25/ros2_ws/install/px4_msgs/lib:/home/indowings/scripts/2026-06-25/ros2_ws/install/px4_ros_com/lib:/opt/ros/humble/opt/rviz_ogre_vendor/lib:/opt/ros/humble/lib/x86_64-linux-gnu:/opt/ros/humble/lib /usr/bin/cmake --install /home/indowings/scripts/2026-06-25/ros2_ws/build/px4_ros_com
