[0.646s] DEBUG:colcon:Command line arguments: ['/usr/bin/colcon', 'build']
[0.646s] DEBUG:colcon:Parsed command line arguments: Namespace(log_base=None, log_level=None, verb_name='build', build_base='build', install_base='install', merge_install=False, symlink_install=False, test_result_base=None, continue_on_error=False, executor='parallel', parallel_workers=8, event_handlers=None, ignore_user_meta=False, metas=['./colcon.meta'], base_paths=['.'], packages_ignore=None, packages_ignore_regex=None, paths=None, packages_up_to=None, packages_up_to_regex=None, packages_above=None, packages_above_and_dependencies=None, packages_above_depth=None, packages_select_by_dep=None, packages_skip_by_dep=None, packages_skip_up_to=None, packages_select_build_failed=False, packages_skip_build_finished=False, packages_select_test_failures=False, packages_skip_test_passed=False, packages_select=None, packages_skip=None, packages_select_regex=None, packages_skip_regex=None, packages_start=None, packages_end=None, allow_overriding=[], cmake_args=None, cmake_target=None, cmake_target_skip_unavailable=False, cmake_clean_cache=False, cmake_clean_first=False, cmake_force_configure=False, ament_cmake_args=None, catkin_cmake_args=None, catkin_skip_building_tests=False, verb_parser=<colcon_defaults.argument_parser.defaults.DefaultArgumentsDecorator object at 0x716f00c6d1b0>, verb_extension=<colcon_core.verb.build.BuildVerb object at 0x716f00deace0>, main=<bound method BuildVerb.main of <colcon_core.verb.build.BuildVerb object at 0x716f00deace0>>)
[0.878s] Level 1:colcon.colcon_core.package_discovery:discover_packages(colcon_meta) check parameters
[0.878s] Level 1:colcon.colcon_core.package_discovery:discover_packages(recursive) check parameters
[0.878s] Level 1:colcon.colcon_core.package_discovery:discover_packages(ignore) check parameters
[0.878s] Level 1:colcon.colcon_core.package_discovery:discover_packages(path) check parameters
[0.878s] Level 1:colcon.colcon_core.package_discovery:discover_packages(colcon_meta) discover
[0.878s] Level 1:colcon.colcon_core.package_discovery:discover_packages(recursive) discover
[0.879s] INFO:colcon.colcon_core.package_discovery:Crawling recursively for packages in '/home/indowings/ros2_ws'
[0.879s] Level 1:colcon.colcon_core.package_identification:_identify(.) by extensions ['ignore', 'ignore_ament_install']
[0.880s] Level 1:colcon.colcon_core.package_identification:_identify(.) by extension 'ignore'
[0.880s] Level 1:colcon.colcon_core.package_identification:_identify(.) by extension 'ignore_ament_install'
[0.881s] Level 1:colcon.colcon_core.package_identification:_identify(.) by extensions ['colcon_pkg']
[0.881s] Level 1:colcon.colcon_core.package_identification:_identify(.) by extension 'colcon_pkg'
[0.882s] Level 1:colcon.colcon_core.package_identification:_identify(.) by extensions ['colcon_meta']
[0.882s] Level 1:colcon.colcon_core.package_identification:_identify(.) by extension 'colcon_meta'
[0.882s] Level 1:colcon.colcon_core.package_identification:_identify(.) by extensions ['ros']
[0.883s] Level 1:colcon.colcon_core.package_identification:_identify(.) by extension 'ros'
[0.977s] Level 1:colcon.colcon_core.package_identification:_identify(.) by extensions ['cmake', 'python']
[0.977s] Level 1:colcon.colcon_core.package_identification:_identify(.) by extension 'cmake'
[0.977s] Level 1:colcon.colcon_core.package_identification:_identify(.) by extension 'python'
[0.977s] Level 1:colcon.colcon_core.package_identification:_identify(.) by extensions ['python_setup_py']
[0.977s] Level 1:colcon.colcon_core.package_identification:_identify(.) by extension 'python_setup_py'
[0.977s] Level 1:colcon.colcon_core.package_identification:_identify(build) by extensions ['ignore', 'ignore_ament_install']
[0.978s] Level 1:colcon.colcon_core.package_identification:_identify(build) by extension 'ignore'
[0.978s] Level 1:colcon.colcon_core.package_identification:_identify(build) ignored
[0.978s] Level 1:colcon.colcon_core.package_identification:_identify(install) by extensions ['ignore', 'ignore_ament_install']
[0.978s] Level 1:colcon.colcon_core.package_identification:_identify(install) by extension 'ignore'
[0.979s] Level 1:colcon.colcon_core.package_identification:_identify(install) ignored
[0.980s] Level 1:colcon.colcon_core.package_identification:_identify(log) by extensions ['ignore', 'ignore_ament_install']
[0.981s] Level 1:colcon.colcon_core.package_identification:_identify(log) by extension 'ignore'
[0.981s] Level 1:colcon.colcon_core.package_identification:_identify(log) ignored
[0.982s] Level 1:colcon.colcon_core.package_identification:_identify(src) by extensions ['ignore', 'ignore_ament_install']
[0.982s] Level 1:colcon.colcon_core.package_identification:_identify(src) by extension 'ignore'
[0.983s] Level 1:colcon.colcon_core.package_identification:_identify(src) by extension 'ignore_ament_install'
[0.984s] Level 1:colcon.colcon_core.package_identification:_identify(src) by extensions ['colcon_pkg']
[0.984s] Level 1:colcon.colcon_core.package_identification:_identify(src) by extension 'colcon_pkg'
[0.984s] Level 1:colcon.colcon_core.package_identification:_identify(src) by extensions ['colcon_meta']
[0.985s] Level 1:colcon.colcon_core.package_identification:_identify(src) by extension 'colcon_meta'
[0.985s] Level 1:colcon.colcon_core.package_identification:_identify(src) by extensions ['ros']
[0.986s] Level 1:colcon.colcon_core.package_identification:_identify(src) by extension 'ros'
[0.987s] Level 1:colcon.colcon_core.package_identification:_identify(src) by extensions ['cmake', 'python']
[0.987s] Level 1:colcon.colcon_core.package_identification:_identify(src) by extension 'cmake'
[0.987s] Level 1:colcon.colcon_core.package_identification:_identify(src) by extension 'python'
[0.988s] Level 1:colcon.colcon_core.package_identification:_identify(src) by extensions ['python_setup_py']
[0.988s] Level 1:colcon.colcon_core.package_identification:_identify(src) by extension 'python_setup_py'
[0.989s] Level 1:colcon.colcon_core.package_identification:_identify(src/drone_takeoff) by extensions ['ignore', 'ignore_ament_install']
[0.989s] Level 1:colcon.colcon_core.package_identification:_identify(src/drone_takeoff) by extension 'ignore'
[0.990s] Level 1:colcon.colcon_core.package_identification:_identify(src/drone_takeoff) by extension 'ignore_ament_install'
[0.991s] Level 1:colcon.colcon_core.package_identification:_identify(src/drone_takeoff) by extensions ['colcon_pkg']
[0.991s] Level 1:colcon.colcon_core.package_identification:_identify(src/drone_takeoff) by extension 'colcon_pkg'
[0.992s] Level 1:colcon.colcon_core.package_identification:_identify(src/drone_takeoff) by extensions ['colcon_meta']
[0.992s] Level 1:colcon.colcon_core.package_identification:_identify(src/drone_takeoff) by extension 'colcon_meta'
[0.992s] Level 1:colcon.colcon_core.package_identification:_identify(src/drone_takeoff) by extensions ['ros']
[0.992s] Level 1:colcon.colcon_core.package_identification:_identify(src/drone_takeoff) by extension 'ros'
[1.006s] DEBUG:colcon.colcon_core.package_identification:Package 'src/drone_takeoff' with type 'ros.ament_python' and name 'drone_takeoff'
[1.006s] Level 1:colcon.colcon_core.package_discovery:discover_packages(recursive) using defaults
[1.008s] Level 1:colcon.colcon_core.package_discovery:discover_packages(ignore) discover
[1.008s] Level 1:colcon.colcon_core.package_discovery:discover_packages(ignore) using defaults
[1.008s] Level 1:colcon.colcon_core.package_discovery:discover_packages(path) discover
[1.008s] Level 1:colcon.colcon_core.package_discovery:discover_packages(path) using defaults
[1.114s] Level 1:colcon.colcon_core.package_discovery:discover_packages(prefix_path) check parameters
[1.114s] Level 1:colcon.colcon_core.package_discovery:discover_packages(prefix_path) discover
[1.128s] DEBUG:colcon.colcon_installed_package_information.package_discovery:Found 280 installed packages in /opt/ros/humble
[1.137s] Level 1:colcon.colcon_core.package_discovery:discover_packages(prefix_path) using defaults
[1.364s] Level 5:colcon.colcon_core.verb:set package 'drone_takeoff' build argument 'cmake_args' from command line to 'None'
[1.364s] Level 5:colcon.colcon_core.verb:set package 'drone_takeoff' build argument 'cmake_target' from command line to 'None'
[1.365s] Level 5:colcon.colcon_core.verb:set package 'drone_takeoff' build argument 'cmake_target_skip_unavailable' from command line to 'False'
[1.365s] Level 5:colcon.colcon_core.verb:set package 'drone_takeoff' build argument 'cmake_clean_cache' from command line to 'False'
[1.365s] Level 5:colcon.colcon_core.verb:set package 'drone_takeoff' build argument 'cmake_clean_first' from command line to 'False'
[1.365s] Level 5:colcon.colcon_core.verb:set package 'drone_takeoff' build argument 'cmake_force_configure' from command line to 'False'
[1.365s] Level 5:colcon.colcon_core.verb:set package 'drone_takeoff' build argument 'ament_cmake_args' from command line to 'None'
[1.366s] Level 5:colcon.colcon_core.verb:set package 'drone_takeoff' build argument 'catkin_cmake_args' from command line to 'None'
[1.366s] Level 5:colcon.colcon_core.verb:set package 'drone_takeoff' build argument 'catkin_skip_building_tests' from command line to 'False'
[1.366s] DEBUG:colcon.colcon_core.verb:Building package 'drone_takeoff' with the following arguments: {'ament_cmake_args': None, 'build_base': '/home/indowings/ros2_ws/build/drone_takeoff', 'catkin_cmake_args': None, 'catkin_skip_building_tests': False, 'cmake_args': None, 'cmake_clean_cache': False, 'cmake_clean_first': False, 'cmake_force_configure': False, 'cmake_target': None, 'cmake_target_skip_unavailable': False, 'install_base': '/home/indowings/ros2_ws/install/drone_takeoff', 'merge_install': False, 'path': '/home/indowings/ros2_ws/src/drone_takeoff', 'symlink_install': False, 'test_result_base': None}
[1.367s] INFO:colcon.colcon_core.executor:Executing jobs using 'parallel' executor
[1.374s] DEBUG:colcon.colcon_parallel_executor.executor.parallel:run_until_complete
[1.374s] INFO:colcon.colcon_ros.task.ament_python.build:Building ROS package in '/home/indowings/ros2_ws/src/drone_takeoff' with build type 'ament_python'
[1.375s] Level 1:colcon.colcon_core.shell:create_environment_hook('drone_takeoff', 'ament_prefix_path')
[1.381s] INFO:colcon.colcon_core.plugin_system:Skipping extension 'colcon_core.shell.bat': Not used on non-Windows systems
[1.382s] INFO:colcon.colcon_core.shell:Creating environment hook '/home/indowings/ros2_ws/install/drone_takeoff/share/drone_takeoff/hook/ament_prefix_path.ps1'
[1.387s] INFO:colcon.colcon_core.shell:Creating environment descriptor '/home/indowings/ros2_ws/install/drone_takeoff/share/drone_takeoff/hook/ament_prefix_path.dsv'
[1.391s] INFO:colcon.colcon_core.shell:Creating environment hook '/home/indowings/ros2_ws/install/drone_takeoff/share/drone_takeoff/hook/ament_prefix_path.sh'
[1.394s] INFO:colcon.colcon_core.shell:Skip shell extension 'powershell' for command environment: Not usable outside of PowerShell
[1.395s] DEBUG:colcon.colcon_core.shell:Skip shell extension 'dsv' for command environment
[2.651s] INFO:colcon.colcon_core.task.python.build:Building Python package in '/home/indowings/ros2_ws/src/drone_takeoff'
[2.653s] INFO:colcon.colcon_core.shell:Skip shell extension 'powershell' for command environment: Not usable outside of PowerShell
[2.654s] DEBUG:colcon.colcon_core.shell:Skip shell extension 'dsv' for command environment
[5.126s] DEBUG:colcon.colcon_core.event_handler.log_command:Invoking command in '/home/indowings/ros2_ws/src/drone_takeoff': PYTHONPATH=/home/indowings/ros2_ws/build/drone_takeoff/prefix_override:/usr/lib/python3/dist-packages/colcon_core/task/python/colcon_distutils_commands:/home/indowings/ros2_ws/install/drone_takeoff/lib/python3.10/site-packages:${PYTHONPATH} /usr/bin/python3 -W ignore:setup.py install is deprecated -W ignore:easy_install command is deprecated setup.py egg_info --egg-base ../../build/drone_takeoff build --build-base /home/indowings/ros2_ws/build/drone_takeoff/build install --record /home/indowings/ros2_ws/build/drone_takeoff/install.log --single-version-externally-managed install_data
[7.812s] DEBUG:colcon.colcon_core.event_handler.log_command:Invoked command in '/home/indowings/ros2_ws/src/drone_takeoff' returned '0': PYTHONPATH=/home/indowings/ros2_ws/build/drone_takeoff/prefix_override:/usr/lib/python3/dist-packages/colcon_core/task/python/colcon_distutils_commands:/home/indowings/ros2_ws/install/drone_takeoff/lib/python3.10/site-packages:${PYTHONPATH} /usr/bin/python3 -W ignore:setup.py install is deprecated -W ignore:easy_install command is deprecated setup.py egg_info --egg-base ../../build/drone_takeoff build --build-base /home/indowings/ros2_ws/build/drone_takeoff/build install --record /home/indowings/ros2_ws/build/drone_takeoff/install.log --single-version-externally-managed install_data
[7.826s] Level 1:colcon.colcon_core.environment:checking '/home/indowings/ros2_ws/install/drone_takeoff' for CMake module files
[7.828s] Level 1:colcon.colcon_core.environment:checking '/home/indowings/ros2_ws/install/drone_takeoff' for CMake config files
[7.831s] Level 1:colcon.colcon_core.environment:checking '/home/indowings/ros2_ws/install/drone_takeoff/lib'
[7.832s] Level 1:colcon.colcon_core.environment:checking '/home/indowings/ros2_ws/install/drone_takeoff/bin'
[7.833s] Level 1:colcon.colcon_core.environment:checking '/home/indowings/ros2_ws/install/drone_takeoff/lib/pkgconfig/drone_takeoff.pc'
[7.834s] Level 1:colcon.colcon_core.environment:checking '/home/indowings/ros2_ws/install/drone_takeoff/lib/python3.10/site-packages'
[7.835s] Level 1:colcon.colcon_core.shell:create_environment_hook('drone_takeoff', 'pythonpath')
[7.837s] INFO:colcon.colcon_core.shell:Creating environment hook '/home/indowings/ros2_ws/install/drone_takeoff/share/drone_takeoff/hook/pythonpath.ps1'
[7.840s] INFO:colcon.colcon_core.shell:Creating environment descriptor '/home/indowings/ros2_ws/install/drone_takeoff/share/drone_takeoff/hook/pythonpath.dsv'
[7.843s] INFO:colcon.colcon_core.shell:Creating environment hook '/home/indowings/ros2_ws/install/drone_takeoff/share/drone_takeoff/hook/pythonpath.sh'
[7.846s] Level 1:colcon.colcon_core.environment:checking '/home/indowings/ros2_ws/install/drone_takeoff/bin'
[7.846s] Level 1:colcon.colcon_core.environment:create_environment_scripts_only(drone_takeoff)
[7.847s] INFO:colcon.colcon_core.shell:Creating package script '/home/indowings/ros2_ws/install/drone_takeoff/share/drone_takeoff/package.ps1'
[7.857s] INFO:colcon.colcon_core.shell:Creating package descriptor '/home/indowings/ros2_ws/install/drone_takeoff/share/drone_takeoff/package.dsv'
[7.861s] INFO:colcon.colcon_core.shell:Creating package script '/home/indowings/ros2_ws/install/drone_takeoff/share/drone_takeoff/package.sh'
[7.864s] INFO:colcon.colcon_core.shell:Creating package script '/home/indowings/ros2_ws/install/drone_takeoff/share/drone_takeoff/package.bash'
[7.869s] INFO:colcon.colcon_core.shell:Creating package script '/home/indowings/ros2_ws/install/drone_takeoff/share/drone_takeoff/package.zsh'
[7.875s] Level 1:colcon.colcon_core.environment:create_file_with_runtime_dependencies(/home/indowings/ros2_ws/install/drone_takeoff/share/colcon-core/packages/drone_takeoff)
[7.878s] DEBUG:colcon.colcon_parallel_executor.executor.parallel:closing loop
[7.879s] DEBUG:colcon.colcon_parallel_executor.executor.parallel:loop closed
[7.880s] DEBUG:colcon.colcon_parallel_executor.executor.parallel:run_until_complete finished with '0'
[7.880s] DEBUG:colcon.colcon_core.event_reactor:joining thread
[7.907s] INFO:colcon.colcon_core.plugin_system:Skipping extension 'colcon_notification.desktop_notification.terminal_notifier': Not used on non-Darwin systems
[7.908s] INFO:colcon.colcon_core.plugin_system:Skipping extension 'colcon_notification.desktop_notification.win32': Not used on non-Windows systems
[7.908s] INFO:colcon.colcon_notification.desktop_notification:Sending desktop notification using 'notify2'
[7.965s] DEBUG:colcon.colcon_core.event_reactor:joined thread
[7.967s] INFO:colcon.colcon_core.shell:Creating prefix script '/home/indowings/ros2_ws/install/local_setup.ps1'
[7.974s] INFO:colcon.colcon_core.shell:Creating prefix util module '/home/indowings/ros2_ws/install/_local_setup_util_ps1.py'
[7.982s] INFO:colcon.colcon_core.shell:Creating prefix chain script '/home/indowings/ros2_ws/install/setup.ps1'
[7.990s] INFO:colcon.colcon_core.shell:Creating prefix script '/home/indowings/ros2_ws/install/local_setup.sh'
[7.994s] INFO:colcon.colcon_core.shell:Creating prefix util module '/home/indowings/ros2_ws/install/_local_setup_util_sh.py'
[7.996s] INFO:colcon.colcon_core.shell:Creating prefix chain script '/home/indowings/ros2_ws/install/setup.sh'
[8.003s] INFO:colcon.colcon_core.shell:Creating prefix script '/home/indowings/ros2_ws/install/local_setup.bash'
[8.008s] INFO:colcon.colcon_core.shell:Creating prefix chain script '/home/indowings/ros2_ws/install/setup.bash'
[8.012s] INFO:colcon.colcon_core.shell:Creating prefix script '/home/indowings/ros2_ws/install/local_setup.zsh'
[8.014s] INFO:colcon.colcon_core.shell:Creating prefix chain script '/home/indowings/ros2_ws/install/setup.zsh'
