[0.037s] Invoking command in '/home/indowings/scripts/2026-06-25/ros2_ws/build/px4_ros_com': CMAKE_PREFIX_PATH=/home/indowings/scripts/2026-06-25/ros2_ws/install/px4_msgs:/home/indowings/scripts/2026-06-25/ros2_ws/install/px4_ros_com:/home/indowings/scripts/2026-06-25/ros2_ws/install/px4_mission:/opt/ros/humble LD_LIBRARY_PATH=/home/indowings/scripts/2026-06-25/ros2_ws/install/px4_msgs/lib:/home/indowings/scripts/2026-06-25/ros2_ws/install/px4_ros_com/lib:/opt/ros/humble/opt/rviz_ogre_vendor/lib:/opt/ros/humble/lib/x86_64-linux-gnu:/opt/ros/humble/lib /usr/bin/cmake /home/indowings/scripts/2026-06-25/ros2_ws/src/px4_ros_com -DAMENT_CMAKE_SYMLINK_INSTALL=1 -DCMAKE_INSTALL_PREFIX=/home/indowings/scripts/2026-06-25/ros2_ws/install/px4_ros_com
[0.099s] -- Found ament_cmake: 1.3.14 (/opt/ros/humble/share/ament_cmake/cmake)
[0.864s] -- Override CMake install command with custom implementation using symlinks instead of copying resources
[0.896s] -- Found builtin_interfaces: 1.2.2 (/opt/ros/humble/share/builtin_interfaces/cmake)
[1.014s] -- Found rosidl_generator_c: 3.1.8 (/opt/ros/humble/share/rosidl_generator_c/cmake)
[1.028s] -- Found rosidl_adapter: 3.1.8 (/opt/ros/humble/share/rosidl_adapter/cmake)
[1.066s] -- Found rosidl_generator_cpp: 3.1.8 (/opt/ros/humble/share/rosidl_generator_cpp/cmake)
[1.125s] -- Using all available rosidl_typesupport_c: rosidl_typesupport_fastrtps_c;rosidl_typesupport_introspection_c
[1.199s] -- Using all available rosidl_typesupport_cpp: rosidl_typesupport_fastrtps_cpp;rosidl_typesupport_introspection_cpp
[1.271s] -- Found eigen3_cmake_module: 0.1.1 (/opt/ros/humble/share/eigen3_cmake_module/cmake)
[1.280s] -- Found geometry_msgs: 4.9.1 (/opt/ros/humble/share/geometry_msgs/cmake)
[1.413s] -- Found px4_msgs: 1.17.0 (/home/indowings/scripts/2026-06-25/ros2_ws/install/px4_msgs/share/px4_msgs/cmake)
[1.479s] -- Found rclcpp: 16.0.19 (/opt/ros/humble/share/rclcpp/cmake)
[1.625s] -- Found rmw_implementation_cmake: 6.1.2 (/opt/ros/humble/share/rmw_implementation_cmake/cmake)
[1.632s] -- Found rmw_cyclonedds_cpp: 1.3.4 (/opt/ros/humble/share/rmw_cyclonedds_cpp/cmake)
[1.739s] -- Using RMW implementation 'rmw_cyclonedds_cpp' as default
[1.983s] -- Found sensor_msgs: 4.9.1 (/opt/ros/humble/share/sensor_msgs/cmake)
[2.078s] -- Found rclpy: 3.3.21 (/opt/ros/humble/share/rclpy/cmake)
[2.136s] -- Found ament_lint_auto: 0.12.15 (/opt/ros/humble/share/ament_lint_auto/cmake)
[2.827s] -- Added test 'copyright' to check source files copyright and LICENSE
[2.847s] -- Added test 'cppcheck' to perform static code analysis on C / C++ code
[2.849s] -- Configured cppcheck include dirs: /home/indowings/scripts/2026-06-25/ros2_ws/src/px4_ros_com/include;$<BUILD_INTERFACE:/home/indowings/scripts/2026-06-25/ros2_ws/src/px4_ros_com/include/px4_ros_com>
[2.849s] -- Configured cppcheck exclude dirs and/or files: 
[2.867s] -- Added test 'cpplint' to check C / C++ code against the Google style
[2.868s] -- Configured cpplint exclude dirs and/or files: 
[2.871s] -- Added test 'flake8' to check Python code syntax and style conventions
[2.878s] -- Added test 'lint_cmake' to check CMake code style
[2.882s] -- Added test 'pep257' to check Python code against some of the docstring style conventions in PEP 257
[2.902s] -- Added test 'uncrustify' to check C / C++ code style
[2.902s] -- Configured uncrustify additional arguments: 
[2.904s] -- Added test 'xmllint' to check XML markup files
[2.919s] -- Configuring done
[3.061s] -- Generating done
[3.128s] -- Build files have been written to: /home/indowings/scripts/2026-06-25/ros2_ws/build/px4_ros_com
[3.168s] Invoked command in '/home/indowings/scripts/2026-06-25/ros2_ws/build/px4_ros_com' returned '0': CMAKE_PREFIX_PATH=/home/indowings/scripts/2026-06-25/ros2_ws/install/px4_msgs:/home/indowings/scripts/2026-06-25/ros2_ws/install/px4_ros_com:/home/indowings/scripts/2026-06-25/ros2_ws/install/px4_mission:/opt/ros/humble LD_LIBRARY_PATH=/home/indowings/scripts/2026-06-25/ros2_ws/install/px4_msgs/lib:/home/indowings/scripts/2026-06-25/ros2_ws/install/px4_ros_com/lib:/opt/ros/humble/opt/rviz_ogre_vendor/lib:/opt/ros/humble/lib/x86_64-linux-gnu:/opt/ros/humble/lib /usr/bin/cmake /home/indowings/scripts/2026-06-25/ros2_ws/src/px4_ros_com -DAMENT_CMAKE_SYMLINK_INSTALL=1 -DCMAKE_INSTALL_PREFIX=/home/indowings/scripts/2026-06-25/ros2_ws/install/px4_ros_com
[3.177s] Invoking command in '/home/indowings/scripts/2026-06-25/ros2_ws/build/px4_ros_com': CMAKE_PREFIX_PATH=/home/indowings/scripts/2026-06-25/ros2_ws/install/px4_msgs:/home/indowings/scripts/2026-06-25/ros2_ws/install/px4_ros_com:/home/indowings/scripts/2026-06-25/ros2_ws/install/px4_mission:/opt/ros/humble LD_LIBRARY_PATH=/home/indowings/scripts/2026-06-25/ros2_ws/install/px4_msgs/lib:/home/indowings/scripts/2026-06-25/ros2_ws/install/px4_ros_com/lib:/opt/ros/humble/opt/rviz_ogre_vendor/lib:/opt/ros/humble/lib/x86_64-linux-gnu:/opt/ros/humble/lib /usr/bin/cmake --build /home/indowings/scripts/2026-06-25/ros2_ws/build/px4_ros_com -- -j8 -l8
[3.374s] [35m[1mConsolidate compiler generated dependencies of target frame_transforms[0m
[3.450s] [ 16%] Built target frame_transforms
[3.590s] [ 16%] Built target ament_cmake_python_symlink_px4_ros_com
[3.645s] [35m[1mConsolidate compiler generated dependencies of target offboard_control_srv[0m
[3.730s] [ 33%] Built target offboard_control_srv
[5.201s] running egg_info
[5.345s] writing px4_ros_com.egg-info/PKG-INFO
[5.347s] writing dependency_links to px4_ros_com.egg-info/dependency_links.txt
[5.348s] writing top-level names to px4_ros_com.egg-info/top_level.txt
[5.769s] reading manifest file 'px4_ros_com.egg-info/SOURCES.txt'
[5.776s] writing manifest file 'px4_ros_com.egg-info/SOURCES.txt'
[5.927s] [ 33%] Built target ament_cmake_python_build_px4_ros_com_egg
[5.972s] [35m[1mConsolidate compiler generated dependencies of target offboard_control[0m
[6.055s] [ 50%] Built target offboard_control
[6.106s] [35m[1mConsolidate compiler generated dependencies of target debug_vect_advertiser[0m
[6.187s] [ 66%] Built target debug_vect_advertiser
[6.241s] [35m[1mConsolidate compiler generated dependencies of target vehicle_gps_position_listener[0m
[6.325s] [ 83%] Built target vehicle_gps_position_listener
[6.374s] [35m[1mConsolidate compiler generated dependencies of target sensor_combined_listener[0m
[6.456s] [100%] Built target sensor_combined_listener
[6.510s] Invoked command in '/home/indowings/scripts/2026-06-25/ros2_ws/build/px4_ros_com' returned '0': CMAKE_PREFIX_PATH=/home/indowings/scripts/2026-06-25/ros2_ws/install/px4_msgs:/home/indowings/scripts/2026-06-25/ros2_ws/install/px4_ros_com:/home/indowings/scripts/2026-06-25/ros2_ws/install/px4_mission:/opt/ros/humble LD_LIBRARY_PATH=/home/indowings/scripts/2026-06-25/ros2_ws/install/px4_msgs/lib:/home/indowings/scripts/2026-06-25/ros2_ws/install/px4_ros_com/lib:/opt/ros/humble/opt/rviz_ogre_vendor/lib:/opt/ros/humble/lib/x86_64-linux-gnu:/opt/ros/humble/lib /usr/bin/cmake --build /home/indowings/scripts/2026-06-25/ros2_ws/build/px4_ros_com -- -j8 -l8
[6.518s] Invoking command in '/home/indowings/scripts/2026-06-25/ros2_ws/build/px4_ros_com': CMAKE_PREFIX_PATH=/home/indowings/scripts/2026-06-25/ros2_ws/install/px4_msgs:/home/indowings/scripts/2026-06-25/ros2_ws/install/px4_ros_com:/home/indowings/scripts/2026-06-25/ros2_ws/install/px4_mission:/opt/ros/humble LD_LIBRARY_PATH=/home/indowings/scripts/2026-06-25/ros2_ws/install/px4_msgs/lib:/home/indowings/scripts/2026-06-25/ros2_ws/install/px4_ros_com/lib:/opt/ros/humble/opt/rviz_ogre_vendor/lib:/opt/ros/humble/lib/x86_64-linux-gnu:/opt/ros/humble/lib /usr/bin/cmake --install /home/indowings/scripts/2026-06-25/ros2_ws/build/px4_ros_com
[6.560s] -- Install configuration: ""
[6.563s] -- Execute custom install script
[6.564s] -- Up-to-date symlink: /home/indowings/scripts/2026-06-25/ros2_ws/install/px4_ros_com/lib/px4_ros_com/sensor_combined_listener
[6.564s] -- Up-to-date symlink: /home/indowings/scripts/2026-06-25/ros2_ws/install/px4_ros_com/lib/px4_ros_com/vehicle_gps_position_listener
[6.565s] -- Up-to-date symlink: /home/indowings/scripts/2026-06-25/ros2_ws/install/px4_ros_com/lib/px4_ros_com/debug_vect_advertiser
[6.567s] -- Up-to-date symlink: /home/indowings/scripts/2026-06-25/ros2_ws/install/px4_ros_com/lib/px4_ros_com/offboard_control
[6.568s] -- Up-to-date symlink: /home/indowings/scripts/2026-06-25/ros2_ws/install/px4_ros_com/lib/px4_ros_com/offboard_control_srv
[6.570s] -- Up-to-date symlink: /home/indowings/scripts/2026-06-25/ros2_ws/install/px4_ros_com/share/px4_ros_com/environment/library_path.sh
[6.571s] -- Up-to-date symlink: /home/indowings/scripts/2026-06-25/ros2_ws/install/px4_ros_com/share/px4_ros_com/environment/library_path.dsv
[6.575s] -- Up-to-date symlink: /home/indowings/scripts/2026-06-25/ros2_ws/install/px4_ros_com/include/px4_ros_com/frame_transforms.h
[6.577s] -- Up-to-date symlink: /home/indowings/scripts/2026-06-25/ros2_ws/install/px4_ros_com/share/px4_ros_com//launch/offboard_control_launch.yaml
[6.578s] -- Up-to-date symlink: /home/indowings/scripts/2026-06-25/ros2_ws/install/px4_ros_com/share/px4_ros_com//launch/sensor_combined_listener.launch.py
[6.580s] -- Up-to-date symlink: /home/indowings/scripts/2026-06-25/ros2_ws/install/px4_ros_com/share/px4_ros_com//test/__init__.py
[6.580s] -- Up-to-date symlink: /home/indowings/scripts/2026-06-25/ros2_ws/install/px4_ros_com/share/px4_ros_com//test/pipeline_io_test.py
[6.581s] -- Up-to-date symlink: /home/indowings/scripts/2026-06-25/ros2_ws/install/px4_ros_com/share/px4_ros_com//test/test_input.py
[6.582s] -- Up-to-date symlink: /home/indowings/scripts/2026-06-25/ros2_ws/install/px4_ros_com/share/px4_ros_com//test/test_output.py
[6.582s] -- Up-to-date symlink: /home/indowings/scripts/2026-06-25/ros2_ws/install/px4_ros_com/share/px4_ros_com/environment/pythonpath.sh
[6.582s] -- Up-to-date symlink: /home/indowings/scripts/2026-06-25/ros2_ws/install/px4_ros_com/share/px4_ros_com/environment/pythonpath.dsv
[6.583s] -- Up-to-date symlink: /home/indowings/scripts/2026-06-25/ros2_ws/install/px4_ros_com/local/lib/python3.10/dist-packages/px4_ros_com-0.1.0-py3.10.egg-info/PKG-INFO
[6.584s] -- Up-to-date symlink: /home/indowings/scripts/2026-06-25/ros2_ws/install/px4_ros_com/local/lib/python3.10/dist-packages/px4_ros_com-0.1.0-py3.10.egg-info/SOURCES.txt
[6.584s] -- Up-to-date symlink: /home/indowings/scripts/2026-06-25/ros2_ws/install/px4_ros_com/local/lib/python3.10/dist-packages/px4_ros_com-0.1.0-py3.10.egg-info/dependency_links.txt
[6.585s] -- Up-to-date symlink: /home/indowings/scripts/2026-06-25/ros2_ws/install/px4_ros_com/local/lib/python3.10/dist-packages/px4_ros_com-0.1.0-py3.10.egg-info/top_level.txt
[6.587s] -- Up-to-date symlink: /home/indowings/scripts/2026-06-25/ros2_ws/install/px4_ros_com/local/lib/python3.10/dist-packages/px4_ros_com/__init__.py
[6.587s] -- Up-to-date symlink: /home/indowings/scripts/2026-06-25/ros2_ws/install/px4_ros_com/local/lib/python3.10/dist-packages/px4_ros_com/module_to_import.py
[6.588s] -- Up-to-date symlink: /home/indowings/scripts/2026-06-25/ros2_ws/install/px4_ros_com/lib/px4_ros_com/offboard_control.py
[6.589s] -- Up-to-date symlink: /home/indowings/scripts/2026-06-25/ros2_ws/install/px4_ros_com/share/ament_index/resource_index/package_run_dependencies/px4_ros_com
[6.590s] -- Up-to-date symlink: /home/indowings/scripts/2026-06-25/ros2_ws/install/px4_ros_com/share/ament_index/resource_index/parent_prefix_path/px4_ros_com
[6.593s] -- Up-to-date symlink: /home/indowings/scripts/2026-06-25/ros2_ws/install/px4_ros_com/share/px4_ros_com/environment/ament_prefix_path.sh
[6.594s] -- Up-to-date symlink: /home/indowings/scripts/2026-06-25/ros2_ws/install/px4_ros_com/share/px4_ros_com/environment/ament_prefix_path.dsv
[6.595s] -- Up-to-date symlink: /home/indowings/scripts/2026-06-25/ros2_ws/install/px4_ros_com/share/px4_ros_com/environment/path.sh
[6.596s] -- Up-to-date symlink: /home/indowings/scripts/2026-06-25/ros2_ws/install/px4_ros_com/share/px4_ros_com/environment/path.dsv
[6.598s] -- Up-to-date symlink: /home/indowings/scripts/2026-06-25/ros2_ws/install/px4_ros_com/share/px4_ros_com/local_setup.bash
[6.599s] -- Up-to-date symlink: /home/indowings/scripts/2026-06-25/ros2_ws/install/px4_ros_com/share/px4_ros_com/local_setup.sh
[6.600s] -- Up-to-date symlink: /home/indowings/scripts/2026-06-25/ros2_ws/install/px4_ros_com/share/px4_ros_com/local_setup.zsh
[6.600s] -- Up-to-date symlink: /home/indowings/scripts/2026-06-25/ros2_ws/install/px4_ros_com/share/px4_ros_com/local_setup.dsv
[6.601s] -- Symlinking: /home/indowings/scripts/2026-06-25/ros2_ws/install/px4_ros_com/share/px4_ros_com/package.dsv
[6.648s] -- Up-to-date symlink: /home/indowings/scripts/2026-06-25/ros2_ws/install/px4_ros_com/share/ament_index/resource_index/packages/px4_ros_com
[6.648s] -- Up-to-date symlink: /home/indowings/scripts/2026-06-25/ros2_ws/install/px4_ros_com/share/px4_ros_com/cmake/ament_cmake_export_dependencies-extras.cmake
[6.649s] -- Up-to-date symlink: /home/indowings/scripts/2026-06-25/ros2_ws/install/px4_ros_com/share/px4_ros_com/cmake/ament_cmake_export_targets-extras.cmake
[6.650s] -- Up-to-date symlink: /home/indowings/scripts/2026-06-25/ros2_ws/install/px4_ros_com/share/px4_ros_com/cmake/ament_cmake_export_include_directories-extras.cmake
[6.650s] -- Up-to-date symlink: /home/indowings/scripts/2026-06-25/ros2_ws/install/px4_ros_com/share/px4_ros_com/cmake/ament_cmake_export_libraries-extras.cmake
[6.651s] -- Up-to-date symlink: /home/indowings/scripts/2026-06-25/ros2_ws/install/px4_ros_com/share/px4_ros_com/cmake/px4_ros_comConfig.cmake
[6.651s] -- Up-to-date symlink: /home/indowings/scripts/2026-06-25/ros2_ws/install/px4_ros_com/share/px4_ros_com/cmake/px4_ros_comConfig-version.cmake
[6.652s] -- Up-to-date symlink: /home/indowings/scripts/2026-06-25/ros2_ws/install/px4_ros_com/share/px4_ros_com/package.xml
[6.654s] -- Up-to-date: /home/indowings/scripts/2026-06-25/ros2_ws/install/px4_ros_com/lib/libframe_transforms.so
[6.864s] Listing '/home/indowings/scripts/2026-06-25/ros2_ws/install/px4_ros_com/local/lib/python3.10/dist-packages/px4_ros_com'...
[6.895s] -- Up-to-date: /home/indowings/scripts/2026-06-25/ros2_ws/install/px4_ros_com/share/px4_ros_com/cmake/export_frame_transformsExport.cmake
[6.895s] -- Up-to-date: /home/indowings/scripts/2026-06-25/ros2_ws/install/px4_ros_com/share/px4_ros_com/cmake/export_frame_transformsExport-noconfig.cmake
[6.907s] Invoked command in '/home/indowings/scripts/2026-06-25/ros2_ws/build/px4_ros_com' returned '0': CMAKE_PREFIX_PATH=/home/indowings/scripts/2026-06-25/ros2_ws/install/px4_msgs:/home/indowings/scripts/2026-06-25/ros2_ws/install/px4_ros_com:/home/indowings/scripts/2026-06-25/ros2_ws/install/px4_mission:/opt/ros/humble LD_LIBRARY_PATH=/home/indowings/scripts/2026-06-25/ros2_ws/install/px4_msgs/lib:/home/indowings/scripts/2026-06-25/ros2_ws/install/px4_ros_com/lib:/opt/ros/humble/opt/rviz_ogre_vendor/lib:/opt/ros/humble/lib/x86_64-linux-gnu:/opt/ros/humble/lib /usr/bin/cmake --install /home/indowings/scripts/2026-06-25/ros2_ws/build/px4_ros_com
