[4.668s] Invoking command in '/home/indowings/scripts/2026-06-25/ros2_ws/src/px4_mission': PYTHONPATH=/home/indowings/scripts/2026-06-25/ros2_ws/build/px4_mission/prefix_override:/home/indowings/.local/lib/python3.10/site-packages/colcon_core/task/python/colcon_distutils_commands:/home/indowings/scripts/2026-06-25/ros2_ws/install/px4_mission/lib/python3.10/site-packages:${PYTHONPATH} /usr/bin/python3 -W ignore:setup.py install is deprecated -W ignore:easy_install command is deprecated setup.py egg_info --egg-base ../../build/px4_mission build --build-base /home/indowings/scripts/2026-06-25/ros2_ws/build/px4_mission/build install --record /home/indowings/scripts/2026-06-25/ros2_ws/build/px4_mission/install.log --install-scripts $base/lib/px4_mission --single-version-externally-managed install_data
[6.352s] running egg_info
[6.466s] writing ../../build/px4_mission/px4_mission.egg-info/PKG-INFO
[6.470s] writing dependency_links to ../../build/px4_mission/px4_mission.egg-info/dependency_links.txt
[6.472s] writing entry points to ../../build/px4_mission/px4_mission.egg-info/entry_points.txt
[6.474s] writing requirements to ../../build/px4_mission/px4_mission.egg-info/requires.txt
[6.475s] writing top-level names to ../../build/px4_mission/px4_mission.egg-info/top_level.txt
[6.720s] reading manifest file '../../build/px4_mission/px4_mission.egg-info/SOURCES.txt'
[6.727s] writing manifest file '../../build/px4_mission/px4_mission.egg-info/SOURCES.txt'
[6.729s] running build
[6.730s] running build_py
[6.731s] copying px4_mission/mission.py -> /home/indowings/scripts/2026-06-25/ros2_ws/build/px4_mission/build/lib/px4_mission
[6.733s] copying px4_mission/__init__.py -> /home/indowings/scripts/2026-06-25/ros2_ws/build/px4_mission/build/lib/px4_mission
[6.734s] running install
[6.758s] running install_lib
[6.881s] running install_data
[6.882s] copying resource/px4_mission -> /home/indowings/scripts/2026-06-25/ros2_ws/install/px4_mission/share/ament_index/resource_index/packages
[6.883s] copying package.xml -> /home/indowings/scripts/2026-06-25/ros2_ws/install/px4_mission/share/px4_mission
[6.885s] running install_egg_info
[7.010s] removing '/home/indowings/scripts/2026-06-25/ros2_ws/install/px4_mission/lib/python3.10/site-packages/px4_mission-0.0.0-py3.10.egg-info' (and everything under it)
[7.011s] Copying ../../build/px4_mission/px4_mission.egg-info to /home/indowings/scripts/2026-06-25/ros2_ws/install/px4_mission/lib/python3.10/site-packages/px4_mission-0.0.0-py3.10.egg-info
[7.014s] running install_scripts
[7.873s] Installing mission script to /home/indowings/scripts/2026-06-25/ros2_ws/install/px4_mission/lib/px4_mission
[7.874s] writing list of installed files to '/home/indowings/scripts/2026-06-25/ros2_ws/build/px4_mission/install.log'
[8.031s] Invoked command in '/home/indowings/scripts/2026-06-25/ros2_ws/src/px4_mission' returned '0': PYTHONPATH=/home/indowings/scripts/2026-06-25/ros2_ws/build/px4_mission/prefix_override:/home/indowings/.local/lib/python3.10/site-packages/colcon_core/task/python/colcon_distutils_commands:/home/indowings/scripts/2026-06-25/ros2_ws/install/px4_mission/lib/python3.10/site-packages:${PYTHONPATH} /usr/bin/python3 -W ignore:setup.py install is deprecated -W ignore:easy_install command is deprecated setup.py egg_info --egg-base ../../build/px4_mission build --build-base /home/indowings/scripts/2026-06-25/ros2_ws/build/px4_mission/build install --record /home/indowings/scripts/2026-06-25/ros2_ws/build/px4_mission/install.log --install-scripts $base/lib/px4_mission --single-version-externally-managed install_data
