running develop
Removing /home/indowings/scripts/2026-06-26/ros2_ws/install/arduplane_controller/lib/python3.10/site-packages/arduplane-controller.egg-link (link to .)
running egg_info
writing ../../build/arduplane_controller/arduplane_controller.egg-info/PKG-INFO
writing dependency_links to ../../build/arduplane_controller/arduplane_controller.egg-info/dependency_links.txt
writing entry points to ../../build/arduplane_controller/arduplane_controller.egg-info/entry_points.txt
writing requirements to ../../build/arduplane_controller/arduplane_controller.egg-info/requires.txt
writing top-level names to ../../build/arduplane_controller/arduplane_controller.egg-info/top_level.txt
reading manifest file '../../build/arduplane_controller/arduplane_controller.egg-info/SOURCES.txt'
writing manifest file '../../build/arduplane_controller/arduplane_controller.egg-info/SOURCES.txt'
running build
running build_py
creating /home/indowings/scripts/2026-06-26/ros2_ws/build/arduplane_controller/build/lib/arduplane_controller
copying arduplane_controller/plane_takeoff_land.py -> /home/indowings/scripts/2026-06-26/ros2_ws/build/arduplane_controller/build/lib/arduplane_controller
copying arduplane_controller/mav_ros_takeoff.py -> /home/indowings/scripts/2026-06-26/ros2_ws/build/arduplane_controller/build/lib/arduplane_controller
copying arduplane_controller/__init__.py -> /home/indowings/scripts/2026-06-26/ros2_ws/build/arduplane_controller/build/lib/arduplane_controller
running install
running install_lib
creating /home/indowings/scripts/2026-06-26/ros2_ws/install/arduplane_controller/lib/python3.10/site-packages/arduplane_controller
copying /home/indowings/scripts/2026-06-26/ros2_ws/build/arduplane_controller/build/lib/arduplane_controller/plane_takeoff_land.py -> /home/indowings/scripts/2026-06-26/ros2_ws/install/arduplane_controller/lib/python3.10/site-packages/arduplane_controller
copying /home/indowings/scripts/2026-06-26/ros2_ws/build/arduplane_controller/build/lib/arduplane_controller/mav_ros_takeoff.py -> /home/indowings/scripts/2026-06-26/ros2_ws/install/arduplane_controller/lib/python3.10/site-packages/arduplane_controller
copying /home/indowings/scripts/2026-06-26/ros2_ws/build/arduplane_controller/build/lib/arduplane_controller/__init__.py -> /home/indowings/scripts/2026-06-26/ros2_ws/install/arduplane_controller/lib/python3.10/site-packages/arduplane_controller
byte-compiling /home/indowings/scripts/2026-06-26/ros2_ws/install/arduplane_controller/lib/python3.10/site-packages/arduplane_controller/plane_takeoff_land.py to plane_takeoff_land.cpython-310.pyc
byte-compiling /home/indowings/scripts/2026-06-26/ros2_ws/install/arduplane_controller/lib/python3.10/site-packages/arduplane_controller/mav_ros_takeoff.py to mav_ros_takeoff.cpython-310.pyc
byte-compiling /home/indowings/scripts/2026-06-26/ros2_ws/install/arduplane_controller/lib/python3.10/site-packages/arduplane_controller/__init__.py to __init__.cpython-310.pyc
running install_data
copying resource/arduplane_controller -> /home/indowings/scripts/2026-06-26/ros2_ws/install/arduplane_controller/share/ament_index/resource_index/packages
copying package.xml -> /home/indowings/scripts/2026-06-26/ros2_ws/install/arduplane_controller/share/arduplane_controller
running install_egg_info
Copying ../../build/arduplane_controller/arduplane_controller.egg-info to /home/indowings/scripts/2026-06-26/ros2_ws/install/arduplane_controller/lib/python3.10/site-packages/arduplane_controller-0.0.0-py3.10.egg-info
running install_scripts
Installing mav_ros_takeoff script to /home/indowings/scripts/2026-06-26/ros2_ws/install/arduplane_controller/lib/arduplane_controller
Installing plane_takeoff_land script to /home/indowings/scripts/2026-06-26/ros2_ws/install/arduplane_controller/lib/arduplane_controller
writing list of installed files to '/home/indowings/scripts/2026-06-26/ros2_ws/build/arduplane_controller/install.log'
