[0.982s] Invoking command in '/home/indowings/scripts/2026-06-26/ros2_ws/build/arduplane_controller': PYTHONPATH=/home/indowings/scripts/2026-06-26/ros2_ws/build/arduplane_controller/prefix_override:/home/indowings/.local/lib/python3.10/site-packages/colcon_core/task/python/colcon_distutils_commands:/home/indowings/scripts/2026-06-26/ros2_ws/install/arduplane_controller/lib/python3.10/site-packages:${PYTHONPATH} /usr/bin/python3 -W ignore:setup.py install is deprecated -W ignore:easy_install command is deprecated setup.py develop --uninstall --editable --build-directory /home/indowings/scripts/2026-06-26/ros2_ws/build/arduplane_controller/build
[1.397s] running develop
[1.657s] Removing /home/indowings/scripts/2026-06-26/ros2_ws/install/arduplane_controller/lib/python3.10/site-packages/arduplane-controller.egg-link (link to .)
[1.693s] Invoked command in '/home/indowings/scripts/2026-06-26/ros2_ws/build/arduplane_controller' returned '0': PYTHONPATH=/home/indowings/scripts/2026-06-26/ros2_ws/build/arduplane_controller/prefix_override:/home/indowings/.local/lib/python3.10/site-packages/colcon_core/task/python/colcon_distutils_commands:/home/indowings/scripts/2026-06-26/ros2_ws/install/arduplane_controller/lib/python3.10/site-packages:${PYTHONPATH} /usr/bin/python3 -W ignore:setup.py install is deprecated -W ignore:easy_install command is deprecated setup.py develop --uninstall --editable --build-directory /home/indowings/scripts/2026-06-26/ros2_ws/build/arduplane_controller/build
[1.695s] Invoking command in '/home/indowings/scripts/2026-06-26/ros2_ws/src/arduplane_controller': PYTHONPATH=/home/indowings/scripts/2026-06-26/ros2_ws/build/arduplane_controller/prefix_override:/home/indowings/.local/lib/python3.10/site-packages/colcon_core/task/python/colcon_distutils_commands:/home/indowings/scripts/2026-06-26/ros2_ws/install/arduplane_controller/lib/python3.10/site-packages:${PYTHONPATH} /usr/bin/python3 -W ignore:setup.py install is deprecated -W ignore:easy_install command is deprecated setup.py egg_info --egg-base ../../build/arduplane_controller build --build-base /home/indowings/scripts/2026-06-26/ros2_ws/build/arduplane_controller/build install --record /home/indowings/scripts/2026-06-26/ros2_ws/build/arduplane_controller/install.log --install-scripts $base/lib/arduplane_controller --single-version-externally-managed install_data --force
[2.047s] running egg_info
[2.068s] writing ../../build/arduplane_controller/arduplane_controller.egg-info/PKG-INFO
[2.069s] writing dependency_links to ../../build/arduplane_controller/arduplane_controller.egg-info/dependency_links.txt
[2.069s] writing entry points to ../../build/arduplane_controller/arduplane_controller.egg-info/entry_points.txt
[2.070s] writing requirements to ../../build/arduplane_controller/arduplane_controller.egg-info/requires.txt
[2.070s] writing top-level names to ../../build/arduplane_controller/arduplane_controller.egg-info/top_level.txt
[2.114s] reading manifest file '../../build/arduplane_controller/arduplane_controller.egg-info/SOURCES.txt'
[2.117s] writing manifest file '../../build/arduplane_controller/arduplane_controller.egg-info/SOURCES.txt'
[2.117s] running build
[2.117s] running build_py
[2.117s] creating /home/indowings/scripts/2026-06-26/ros2_ws/build/arduplane_controller/build/lib/arduplane_controller
[2.117s] copying arduplane_controller/plane_takeoff_land.py -> /home/indowings/scripts/2026-06-26/ros2_ws/build/arduplane_controller/build/lib/arduplane_controller
[2.117s] copying arduplane_controller/mav_ros_takeoff.py -> /home/indowings/scripts/2026-06-26/ros2_ws/build/arduplane_controller/build/lib/arduplane_controller
[2.118s] copying arduplane_controller/__init__.py -> /home/indowings/scripts/2026-06-26/ros2_ws/build/arduplane_controller/build/lib/arduplane_controller
[2.118s] running install
[2.125s] running install_lib
[2.149s] creating /home/indowings/scripts/2026-06-26/ros2_ws/install/arduplane_controller/lib/python3.10/site-packages/arduplane_controller
[2.150s] copying /home/indowings/scripts/2026-06-26/ros2_ws/build/arduplane_controller/build/lib/arduplane_controller/plane_takeoff_land.py -> /home/indowings/scripts/2026-06-26/ros2_ws/install/arduplane_controller/lib/python3.10/site-packages/arduplane_controller
[2.150s] copying /home/indowings/scripts/2026-06-26/ros2_ws/build/arduplane_controller/build/lib/arduplane_controller/mav_ros_takeoff.py -> /home/indowings/scripts/2026-06-26/ros2_ws/install/arduplane_controller/lib/python3.10/site-packages/arduplane_controller
[2.150s] copying /home/indowings/scripts/2026-06-26/ros2_ws/build/arduplane_controller/build/lib/arduplane_controller/__init__.py -> /home/indowings/scripts/2026-06-26/ros2_ws/install/arduplane_controller/lib/python3.10/site-packages/arduplane_controller
[2.150s] byte-compiling /home/indowings/scripts/2026-06-26/ros2_ws/install/arduplane_controller/lib/python3.10/site-packages/arduplane_controller/plane_takeoff_land.py to plane_takeoff_land.cpython-310.pyc
[2.151s] byte-compiling /home/indowings/scripts/2026-06-26/ros2_ws/install/arduplane_controller/lib/python3.10/site-packages/arduplane_controller/mav_ros_takeoff.py to mav_ros_takeoff.cpython-310.pyc
[2.152s] byte-compiling /home/indowings/scripts/2026-06-26/ros2_ws/install/arduplane_controller/lib/python3.10/site-packages/arduplane_controller/__init__.py to __init__.cpython-310.pyc
[2.152s] running install_data
[2.153s] copying resource/arduplane_controller -> /home/indowings/scripts/2026-06-26/ros2_ws/install/arduplane_controller/share/ament_index/resource_index/packages
[2.153s] copying package.xml -> /home/indowings/scripts/2026-06-26/ros2_ws/install/arduplane_controller/share/arduplane_controller
[2.153s] running install_egg_info
[2.177s] Copying ../../build/arduplane_controller/arduplane_controller.egg-info to /home/indowings/scripts/2026-06-26/ros2_ws/install/arduplane_controller/lib/python3.10/site-packages/arduplane_controller-0.0.0-py3.10.egg-info
[2.178s] running install_scripts
[2.361s] Installing mav_ros_takeoff script to /home/indowings/scripts/2026-06-26/ros2_ws/install/arduplane_controller/lib/arduplane_controller
[2.361s] Installing plane_takeoff_land script to /home/indowings/scripts/2026-06-26/ros2_ws/install/arduplane_controller/lib/arduplane_controller
[2.361s] writing list of installed files to '/home/indowings/scripts/2026-06-26/ros2_ws/build/arduplane_controller/install.log'
[2.406s] Invoked command in '/home/indowings/scripts/2026-06-26/ros2_ws/src/arduplane_controller' returned '0': PYTHONPATH=/home/indowings/scripts/2026-06-26/ros2_ws/build/arduplane_controller/prefix_override:/home/indowings/.local/lib/python3.10/site-packages/colcon_core/task/python/colcon_distutils_commands:/home/indowings/scripts/2026-06-26/ros2_ws/install/arduplane_controller/lib/python3.10/site-packages:${PYTHONPATH} /usr/bin/python3 -W ignore:setup.py install is deprecated -W ignore:easy_install command is deprecated setup.py egg_info --egg-base ../../build/arduplane_controller build --build-base /home/indowings/scripts/2026-06-26/ros2_ws/build/arduplane_controller/build install --record /home/indowings/scripts/2026-06-26/ros2_ws/build/arduplane_controller/install.log --install-scripts $base/lib/arduplane_controller --single-version-externally-managed install_data --force
