[1.780s] Invoking command in '/home/indowings/scripts/2026-06-26/ros2_ws/build/arduplane_controller': PYTHONPATH=/home/indowings/scripts/2026-06-26/ros2_ws/build/arduplane_controller/prefix_override:/home/indowings/.local/lib/python3.10/site-packages/colcon_core/task/python/colcon_distutils_commands:/home/indowings/scripts/2026-06-26/ros2_ws/install/arduplane_controller/lib/python3.10/site-packages:${PYTHONPATH} /usr/bin/python3 -W ignore:setup.py install is deprecated -W ignore:easy_install command is deprecated setup.py develop --editable --build-directory /home/indowings/scripts/2026-06-26/ros2_ws/build/arduplane_controller/build --no-deps symlink_data
[2.527s] running develop
[2.982s] running egg_info
[3.015s] creating arduplane_controller.egg-info
[3.015s] writing arduplane_controller.egg-info/PKG-INFO
[3.016s] writing dependency_links to arduplane_controller.egg-info/dependency_links.txt
[3.017s] writing entry points to arduplane_controller.egg-info/entry_points.txt
[3.017s] writing requirements to arduplane_controller.egg-info/requires.txt
[3.017s] writing top-level names to arduplane_controller.egg-info/top_level.txt
[3.017s] writing manifest file 'arduplane_controller.egg-info/SOURCES.txt'
[3.077s] reading manifest file 'arduplane_controller.egg-info/SOURCES.txt'
[3.078s] writing manifest file 'arduplane_controller.egg-info/SOURCES.txt'
[3.108s] running build_ext
[3.108s] Creating /home/indowings/scripts/2026-06-26/ros2_ws/install/arduplane_controller/lib/python3.10/site-packages/arduplane-controller.egg-link (link to .)
[3.109s] Installing plane_takeoff_land script to /home/indowings/scripts/2026-06-26/ros2_ws/install/arduplane_controller/lib/arduplane_controller
[3.109s] 
[3.110s] Installed /home/indowings/scripts/2026-06-26/ros2_ws/build/arduplane_controller
[3.110s] running symlink_data
[3.110s] creating /home/indowings/scripts/2026-06-26/ros2_ws/install/arduplane_controller/share/ament_index/resource_index/packages
[3.110s] symbolically linking /home/indowings/scripts/2026-06-26/ros2_ws/build/arduplane_controller/resource/arduplane_controller -> /home/indowings/scripts/2026-06-26/ros2_ws/install/arduplane_controller/share/ament_index/resource_index/packages
[3.110s] symbolically linking /home/indowings/scripts/2026-06-26/ros2_ws/build/arduplane_controller/package.xml -> /home/indowings/scripts/2026-06-26/ros2_ws/install/arduplane_controller/share/arduplane_controller
[3.164s] Invoked command in '/home/indowings/scripts/2026-06-26/ros2_ws/build/arduplane_controller' returned '0': PYTHONPATH=/home/indowings/scripts/2026-06-26/ros2_ws/build/arduplane_controller/prefix_override:/home/indowings/.local/lib/python3.10/site-packages/colcon_core/task/python/colcon_distutils_commands:/home/indowings/scripts/2026-06-26/ros2_ws/install/arduplane_controller/lib/python3.10/site-packages:${PYTHONPATH} /usr/bin/python3 -W ignore:setup.py install is deprecated -W ignore:easy_install command is deprecated setup.py develop --editable --build-directory /home/indowings/scripts/2026-06-26/ros2_ws/build/arduplane_controller/build --no-deps symlink_data
