[0.923s] DEBUG:colcon:Command line arguments: ['/home/indowings/.local/bin/colcon', 'build']
[0.923s] DEBUG:colcon:Parsed command line arguments: Namespace(log_base=None, log_level=None, verb_name='build', build_base='build', install_base='install', merge_install=False, symlink_install=False, test_result_base=None, continue_on_error=False, executor='parallel', parallel_workers=8, event_handlers=None, ignore_user_meta=False, metas=['./colcon.meta'], base_paths=['.'], packages_ignore=None, packages_ignore_regex=None, paths=None, packages_up_to=None, packages_up_to_regex=None, packages_above=None, packages_above_and_dependencies=None, packages_above_depth=None, packages_select_by_dep=None, packages_skip_by_dep=None, packages_skip_up_to=None, packages_select_build_failed=False, packages_skip_build_finished=False, packages_select_test_failures=False, packages_skip_test_passed=False, packages_select=None, packages_skip=None, packages_select_regex=None, packages_skip_regex=None, packages_start=None, packages_end=None, allow_overriding=[], cmake_args=None, cmake_target=None, cmake_target_skip_unavailable=False, cmake_clean_cache=False, cmake_clean_first=False, cmake_force_configure=False, ament_cmake_args=None, catkin_cmake_args=None, catkin_skip_building_tests=False, verb_parser=<colcon_defaults.argument_parser.defaults.DefaultArgumentsDecorator object at 0x7c963eef5b40>, verb_extension=<colcon_core.verb.build.BuildVerb object at 0x7c963eef5630>, main=<bound method BuildVerb.main of <colcon_core.verb.build.BuildVerb object at 0x7c963eef5630>>)
[1.199s] Level 1:colcon.colcon_core.package_discovery:discover_packages(colcon_meta) check parameters
[1.199s] Level 1:colcon.colcon_core.package_discovery:discover_packages(recursive) check parameters
[1.200s] Level 1:colcon.colcon_core.package_discovery:discover_packages(ignore) check parameters
[1.200s] Level 1:colcon.colcon_core.package_discovery:discover_packages(path) check parameters
[1.200s] Level 1:colcon.colcon_core.package_discovery:discover_packages(colcon_meta) discover
[1.201s] Level 1:colcon.colcon_core.package_discovery:discover_packages(recursive) discover
[1.202s] INFO:colcon.colcon_core.package_discovery:Crawling recursively for packages in '/home/indowings/scripts/2026-06-19'
[1.203s] Level 1:colcon.colcon_core.package_identification:_identify(.) by extensions ['ignore', 'ignore_ament_install']
[1.203s] Level 1:colcon.colcon_core.package_identification:_identify(.) by extension 'ignore'
[1.204s] Level 1:colcon.colcon_core.package_identification:_identify(.) by extension 'ignore_ament_install'
[1.205s] Level 1:colcon.colcon_core.package_identification:_identify(.) by extensions ['colcon_pkg']
[1.205s] Level 1:colcon.colcon_core.package_identification:_identify(.) by extension 'colcon_pkg'
[1.205s] Level 1:colcon.colcon_core.package_identification:_identify(.) by extensions ['colcon_meta']
[1.205s] Level 1:colcon.colcon_core.package_identification:_identify(.) by extension 'colcon_meta'
[1.206s] Level 1:colcon.colcon_core.package_identification:_identify(.) by extensions ['ros']
[1.206s] Level 1:colcon.colcon_core.package_identification:_identify(.) by extension 'ros'
[1.406s] Level 1:colcon.colcon_core.package_identification:_identify(.) by extensions ['cmake', 'python']
[1.406s] Level 1:colcon.colcon_core.package_identification:_identify(.) by extension 'cmake'
[1.406s] Level 1:colcon.colcon_core.package_identification:_identify(.) by extension 'python'
[1.406s] Level 1:colcon.colcon_core.package_identification:_identify(.) by extensions ['python_setup_py']
[1.406s] Level 1:colcon.colcon_core.package_identification:_identify(.) by extension 'python_setup_py'
[1.407s] Level 1:colcon.colcon_core.package_identification:_identify(build) by extensions ['ignore', 'ignore_ament_install']
[1.408s] Level 1:colcon.colcon_core.package_identification:_identify(build) by extension 'ignore'
[1.408s] Level 1:colcon.colcon_core.package_identification:_identify(build) ignored
[1.409s] Level 1:colcon.colcon_core.package_identification:_identify(install) by extensions ['ignore', 'ignore_ament_install']
[1.410s] Level 1:colcon.colcon_core.package_identification:_identify(install) by extension 'ignore'
[1.411s] Level 1:colcon.colcon_core.package_identification:_identify(install) ignored
[1.412s] Level 1:colcon.colcon_core.package_identification:_identify(log) by extensions ['ignore', 'ignore_ament_install']
[1.413s] Level 1:colcon.colcon_core.package_identification:_identify(log) by extension 'ignore'
[1.413s] Level 1:colcon.colcon_core.package_identification:_identify(log) ignored
[1.415s] Level 1:colcon.colcon_core.package_identification:_identify(ros2_ws) by extensions ['ignore', 'ignore_ament_install']
[1.415s] Level 1:colcon.colcon_core.package_identification:_identify(ros2_ws) by extension 'ignore'
[1.415s] Level 1:colcon.colcon_core.package_identification:_identify(ros2_ws) by extension 'ignore_ament_install'
[1.416s] Level 1:colcon.colcon_core.package_identification:_identify(ros2_ws) by extensions ['colcon_pkg']
[1.416s] Level 1:colcon.colcon_core.package_identification:_identify(ros2_ws) by extension 'colcon_pkg'
[1.417s] Level 1:colcon.colcon_core.package_identification:_identify(ros2_ws) by extensions ['colcon_meta']
[1.417s] Level 1:colcon.colcon_core.package_identification:_identify(ros2_ws) by extension 'colcon_meta'
[1.417s] Level 1:colcon.colcon_core.package_identification:_identify(ros2_ws) by extensions ['ros']
[1.417s] Level 1:colcon.colcon_core.package_identification:_identify(ros2_ws) by extension 'ros'
[1.418s] Level 1:colcon.colcon_core.package_identification:_identify(ros2_ws) by extensions ['cmake', 'python']
[1.419s] Level 1:colcon.colcon_core.package_identification:_identify(ros2_ws) by extension 'cmake'
[1.419s] Level 1:colcon.colcon_core.package_identification:_identify(ros2_ws) by extension 'python'
[1.419s] Level 1:colcon.colcon_core.package_identification:_identify(ros2_ws) by extensions ['python_setup_py']
[1.419s] Level 1:colcon.colcon_core.package_identification:_identify(ros2_ws) by extension 'python_setup_py'
[1.422s] Level 1:colcon.colcon_core.package_identification:_identify(ros2_ws/build) by extensions ['ignore', 'ignore_ament_install']
[1.423s] Level 1:colcon.colcon_core.package_identification:_identify(ros2_ws/build) by extension 'ignore'
[1.423s] Level 1:colcon.colcon_core.package_identification:_identify(ros2_ws/build) ignored
[1.424s] Level 1:colcon.colcon_core.package_identification:_identify(ros2_ws/install) by extensions ['ignore', 'ignore_ament_install']
[1.424s] Level 1:colcon.colcon_core.package_identification:_identify(ros2_ws/install) by extension 'ignore'
[1.424s] Level 1:colcon.colcon_core.package_identification:_identify(ros2_ws/install) ignored
[1.426s] Level 1:colcon.colcon_core.package_identification:_identify(ros2_ws/log) by extensions ['ignore', 'ignore_ament_install']
[1.426s] Level 1:colcon.colcon_core.package_identification:_identify(ros2_ws/log) by extension 'ignore'
[1.427s] Level 1:colcon.colcon_core.package_identification:_identify(ros2_ws/log) ignored
[1.429s] Level 1:colcon.colcon_core.package_identification:_identify(ros2_ws/src) by extensions ['ignore', 'ignore_ament_install']
[1.430s] Level 1:colcon.colcon_core.package_identification:_identify(ros2_ws/src) by extension 'ignore'
[1.431s] Level 1:colcon.colcon_core.package_identification:_identify(ros2_ws/src) by extension 'ignore_ament_install'
[1.431s] Level 1:colcon.colcon_core.package_identification:_identify(ros2_ws/src) by extensions ['colcon_pkg']
[1.432s] Level 1:colcon.colcon_core.package_identification:_identify(ros2_ws/src) by extension 'colcon_pkg'
[1.432s] Level 1:colcon.colcon_core.package_identification:_identify(ros2_ws/src) by extensions ['colcon_meta']
[1.433s] Level 1:colcon.colcon_core.package_identification:_identify(ros2_ws/src) by extension 'colcon_meta'
[1.433s] Level 1:colcon.colcon_core.package_identification:_identify(ros2_ws/src) by extensions ['ros']
[1.433s] Level 1:colcon.colcon_core.package_identification:_identify(ros2_ws/src) by extension 'ros'
[1.434s] Level 1:colcon.colcon_core.package_identification:_identify(ros2_ws/src) by extensions ['cmake', 'python']
[1.434s] Level 1:colcon.colcon_core.package_identification:_identify(ros2_ws/src) by extension 'cmake'
[1.435s] Level 1:colcon.colcon_core.package_identification:_identify(ros2_ws/src) by extension 'python'
[1.436s] Level 1:colcon.colcon_core.package_identification:_identify(ros2_ws/src) by extensions ['python_setup_py']
[1.437s] Level 1:colcon.colcon_core.package_identification:_identify(ros2_ws/src) by extension 'python_setup_py'
[1.438s] Level 1:colcon.colcon_core.package_identification:_identify(ros2_ws/src/drone_takeoff) by extensions ['ignore', 'ignore_ament_install']
[1.440s] Level 1:colcon.colcon_core.package_identification:_identify(ros2_ws/src/drone_takeoff) by extension 'ignore'
[1.440s] Level 1:colcon.colcon_core.package_identification:_identify(ros2_ws/src/drone_takeoff) by extension 'ignore_ament_install'
[1.440s] Level 1:colcon.colcon_core.package_identification:_identify(ros2_ws/src/drone_takeoff) by extensions ['colcon_pkg']
[1.441s] Level 1:colcon.colcon_core.package_identification:_identify(ros2_ws/src/drone_takeoff) by extension 'colcon_pkg'
[1.441s] Level 1:colcon.colcon_core.package_identification:_identify(ros2_ws/src/drone_takeoff) by extensions ['colcon_meta']
[1.441s] Level 1:colcon.colcon_core.package_identification:_identify(ros2_ws/src/drone_takeoff) by extension 'colcon_meta'
[1.441s] Level 1:colcon.colcon_core.package_identification:_identify(ros2_ws/src/drone_takeoff) by extensions ['ros']
[1.441s] Level 1:colcon.colcon_core.package_identification:_identify(ros2_ws/src/drone_takeoff) by extension 'ros'
[1.458s] DEBUG:colcon.colcon_core.package_identification:Package 'ros2_ws/src/drone_takeoff' with type 'ros.ament_python' and name 'drone_takeoff'
[1.458s] Level 1:colcon.colcon_core.package_discovery:discover_packages(recursive) using defaults
[1.458s] Level 1:colcon.colcon_core.package_discovery:discover_packages(ignore) discover
[1.458s] Level 1:colcon.colcon_core.package_discovery:discover_packages(ignore) using defaults
[1.458s] Level 1:colcon.colcon_core.package_discovery:discover_packages(path) discover
[1.458s] Level 1:colcon.colcon_core.package_discovery:discover_packages(path) using defaults
[1.590s] Level 1:colcon.colcon_core.package_discovery:discover_packages(prefix_path) check parameters
[1.590s] Level 1:colcon.colcon_core.package_discovery:discover_packages(prefix_path) discover
[1.603s] DEBUG:colcon.colcon_installed_package_information.package_discovery:Found 3 installed packages in /home/indowings/scripts/2026-06-25/ros2_ws/install
[1.612s] DEBUG:colcon.colcon_installed_package_information.package_discovery:Found 281 installed packages in /opt/ros/humble
[1.623s] Level 1:colcon.colcon_core.package_discovery:discover_packages(prefix_path) using defaults
[1.949s] Level 5:colcon.colcon_core.verb:set package 'drone_takeoff' build argument 'cmake_args' from command line to 'None'
[1.949s] Level 5:colcon.colcon_core.verb:set package 'drone_takeoff' build argument 'cmake_target' from command line to 'None'
[1.949s] Level 5:colcon.colcon_core.verb:set package 'drone_takeoff' build argument 'cmake_target_skip_unavailable' from command line to 'False'
[1.950s] Level 5:colcon.colcon_core.verb:set package 'drone_takeoff' build argument 'cmake_clean_cache' from command line to 'False'
[1.950s] Level 5:colcon.colcon_core.verb:set package 'drone_takeoff' build argument 'cmake_clean_first' from command line to 'False'
[1.950s] Level 5:colcon.colcon_core.verb:set package 'drone_takeoff' build argument 'cmake_force_configure' from command line to 'False'
[1.950s] Level 5:colcon.colcon_core.verb:set package 'drone_takeoff' build argument 'ament_cmake_args' from command line to 'None'
[1.950s] Level 5:colcon.colcon_core.verb:set package 'drone_takeoff' build argument 'catkin_cmake_args' from command line to 'None'
[1.950s] Level 5:colcon.colcon_core.verb:set package 'drone_takeoff' build argument 'catkin_skip_building_tests' from command line to 'False'
[1.951s] DEBUG:colcon.colcon_core.verb:Building package 'drone_takeoff' with the following arguments: {'ament_cmake_args': None, 'build_base': '/home/indowings/scripts/2026-06-19/build/drone_takeoff', 'catkin_cmake_args': None, 'catkin_skip_building_tests': False, 'cmake_args': None, 'cmake_clean_cache': False, 'cmake_clean_first': False, 'cmake_force_configure': False, 'cmake_target': None, 'cmake_target_skip_unavailable': False, 'install_base': '/home/indowings/scripts/2026-06-19/install/drone_takeoff', 'merge_install': False, 'path': '/home/indowings/scripts/2026-06-19/ros2_ws/src/drone_takeoff', 'symlink_install': False, 'test_result_base': None}
[1.952s] INFO:colcon.colcon_core.executor:Executing jobs using 'parallel' executor
[1.955s] DEBUG:colcon.colcon_parallel_executor.executor.parallel:run_until_complete
[1.956s] INFO:colcon.colcon_ros.task.ament_python.build:Building ROS package in '/home/indowings/scripts/2026-06-19/ros2_ws/src/drone_takeoff' with build type 'ament_python'
[1.957s] Level 1:colcon.colcon_core.shell:create_environment_hook('drone_takeoff', 'ament_prefix_path')
[1.971s] INFO:colcon.colcon_core.plugin_system:Skipping extension 'colcon_core.shell.bat': Not used on non-Windows systems
[1.971s] INFO:colcon.colcon_core.shell:Creating environment hook '/home/indowings/scripts/2026-06-19/install/drone_takeoff/share/drone_takeoff/hook/ament_prefix_path.ps1'
[1.974s] INFO:colcon.colcon_core.shell:Creating environment descriptor '/home/indowings/scripts/2026-06-19/install/drone_takeoff/share/drone_takeoff/hook/ament_prefix_path.dsv'
[1.977s] INFO:colcon.colcon_core.shell:Creating environment hook '/home/indowings/scripts/2026-06-19/install/drone_takeoff/share/drone_takeoff/hook/ament_prefix_path.sh'
[1.984s] INFO:colcon.colcon_core.shell:Skip shell extension 'powershell' for command environment: Not usable outside of PowerShell
[1.984s] DEBUG:colcon.colcon_core.shell:Skip shell extension 'dsv' for command environment
[3.531s] INFO:colcon.colcon_core.task.python.build:Building Python package in '/home/indowings/scripts/2026-06-19/ros2_ws/src/drone_takeoff'
[3.533s] INFO:colcon.colcon_core.shell:Skip shell extension 'powershell' for command environment: Not usable outside of PowerShell
[3.534s] DEBUG:colcon.colcon_core.shell:Skip shell extension 'dsv' for command environment
[7.156s] DEBUG:colcon.colcon_core.task.python.build:Available setuptools commands: check, symlink_data, clean, extract_messages, bdist_egg, compile_catalog, setopt, build_py, install_data, bdist_dumb, build, easy_install, install, install_lib, install_scripts, bdist_wheel, egg_info, alias, editable_wheel, build_scripts, sdist, update_catalog, bdist, build_ext, bdist_rpm, develop, rotate, build_clib, install_headers, saveopts, install_egg_info, init_catalog, dist_info
[7.164s] DEBUG:colcon.colcon_core.event_handler.log_command:Invoking command in '/home/indowings/scripts/2026-06-19/ros2_ws/src/drone_takeoff': PYTHONPATH=/home/indowings/scripts/2026-06-19/build/drone_takeoff/prefix_override:/home/indowings/.local/lib/python3.10/site-packages/colcon_core/task/python/colcon_distutils_commands:/home/indowings/scripts/2026-06-19/install/drone_takeoff/lib/python3.10/site-packages:${PYTHONPATH} /usr/bin/python3 -W ignore:setup.py install is deprecated -W ignore:easy_install command is deprecated setup.py egg_info --egg-base ../../../build/drone_takeoff build --build-base /home/indowings/scripts/2026-06-19/build/drone_takeoff/build install --record /home/indowings/scripts/2026-06-19/build/drone_takeoff/install.log --install-scripts $base/lib/drone_takeoff --single-version-externally-managed install_data
[10.887s] DEBUG:colcon.colcon_core.event_handler.log_command:Invoked command in '/home/indowings/scripts/2026-06-19/ros2_ws/src/drone_takeoff' returned '0': PYTHONPATH=/home/indowings/scripts/2026-06-19/build/drone_takeoff/prefix_override:/home/indowings/.local/lib/python3.10/site-packages/colcon_core/task/python/colcon_distutils_commands:/home/indowings/scripts/2026-06-19/install/drone_takeoff/lib/python3.10/site-packages:${PYTHONPATH} /usr/bin/python3 -W ignore:setup.py install is deprecated -W ignore:easy_install command is deprecated setup.py egg_info --egg-base ../../../build/drone_takeoff build --build-base /home/indowings/scripts/2026-06-19/build/drone_takeoff/build install --record /home/indowings/scripts/2026-06-19/build/drone_takeoff/install.log --install-scripts $base/lib/drone_takeoff --single-version-externally-managed install_data
[10.900s] Level 1:colcon.colcon_core.environment:checking '/home/indowings/scripts/2026-06-19/install/drone_takeoff' for CMake module files
[10.903s] Level 1:colcon.colcon_core.environment:checking '/home/indowings/scripts/2026-06-19/install/drone_takeoff' for CMake config files
[10.905s] Level 1:colcon.colcon_core.environment:checking '/home/indowings/scripts/2026-06-19/install/drone_takeoff/lib'
[10.905s] Level 1:colcon.colcon_core.environment:checking '/home/indowings/scripts/2026-06-19/install/drone_takeoff/bin'
[10.906s] Level 1:colcon.colcon_core.environment:checking '/home/indowings/scripts/2026-06-19/install/drone_takeoff/lib/pkgconfig/drone_takeoff.pc'
[10.907s] Level 1:colcon.colcon_core.environment:checking '/home/indowings/scripts/2026-06-19/install/drone_takeoff/lib/python3.10/site-packages'
[10.907s] Level 1:colcon.colcon_core.shell:create_environment_hook('drone_takeoff', 'pythonpath')
[10.908s] INFO:colcon.colcon_core.shell:Creating environment hook '/home/indowings/scripts/2026-06-19/install/drone_takeoff/share/drone_takeoff/hook/pythonpath.ps1'
[10.909s] INFO:colcon.colcon_core.shell:Creating environment descriptor '/home/indowings/scripts/2026-06-19/install/drone_takeoff/share/drone_takeoff/hook/pythonpath.dsv'
[10.910s] INFO:colcon.colcon_core.shell:Creating environment hook '/home/indowings/scripts/2026-06-19/install/drone_takeoff/share/drone_takeoff/hook/pythonpath.sh'
[10.915s] Level 1:colcon.colcon_core.environment:checking '/home/indowings/scripts/2026-06-19/install/drone_takeoff/bin'
[10.915s] Level 1:colcon.colcon_core.environment:create_environment_scripts_only(drone_takeoff)
[10.918s] INFO:colcon.colcon_core.shell:Creating package script '/home/indowings/scripts/2026-06-19/install/drone_takeoff/share/drone_takeoff/package.ps1'
[10.925s] INFO:colcon.colcon_core.shell:Creating package descriptor '/home/indowings/scripts/2026-06-19/install/drone_takeoff/share/drone_takeoff/package.dsv'
[10.927s] INFO:colcon.colcon_core.shell:Creating package script '/home/indowings/scripts/2026-06-19/install/drone_takeoff/share/drone_takeoff/package.sh'
[10.929s] INFO:colcon.colcon_core.shell:Creating package script '/home/indowings/scripts/2026-06-19/install/drone_takeoff/share/drone_takeoff/package.bash'
[10.936s] INFO:colcon.colcon_core.shell:Creating package script '/home/indowings/scripts/2026-06-19/install/drone_takeoff/share/drone_takeoff/package.zsh'
[10.942s] Level 1:colcon.colcon_core.environment:create_file_with_runtime_dependencies(/home/indowings/scripts/2026-06-19/install/drone_takeoff/share/colcon-core/packages/drone_takeoff)
[10.944s] DEBUG:colcon.colcon_parallel_executor.executor.parallel:closing loop
[10.945s] DEBUG:colcon.colcon_parallel_executor.executor.parallel:loop closed
[10.946s] DEBUG:colcon.colcon_parallel_executor.executor.parallel:run_until_complete finished with '0'
[10.946s] DEBUG:colcon.colcon_core.event_reactor:joining thread
[10.970s] INFO:colcon.colcon_core.plugin_system:Skipping extension 'colcon_notification.desktop_notification.terminal_notifier': Not used on non-Darwin systems
[10.970s] INFO:colcon.colcon_core.plugin_system:Skipping extension 'colcon_notification.desktop_notification.win32': Not used on non-Windows systems
[10.970s] INFO:colcon.colcon_notification.desktop_notification:Sending desktop notification using 'notify2'
[11.041s] DEBUG:colcon.colcon_core.event_reactor:joined thread
[11.042s] INFO:colcon.colcon_core.shell:Creating prefix script '/home/indowings/scripts/2026-06-19/install/local_setup.ps1'
[11.045s] INFO:colcon.colcon_core.shell:Creating prefix util module '/home/indowings/scripts/2026-06-19/install/_local_setup_util_ps1.py'
[11.051s] INFO:colcon.colcon_core.shell:Creating prefix chain script '/home/indowings/scripts/2026-06-19/install/setup.ps1'
[11.058s] INFO:colcon.colcon_core.shell:Creating prefix script '/home/indowings/scripts/2026-06-19/install/local_setup.sh'
[11.061s] INFO:colcon.colcon_core.shell:Creating prefix util module '/home/indowings/scripts/2026-06-19/install/_local_setup_util_sh.py'
[11.064s] INFO:colcon.colcon_core.shell:Creating prefix chain script '/home/indowings/scripts/2026-06-19/install/setup.sh'
[11.073s] INFO:colcon.colcon_core.shell:Creating prefix script '/home/indowings/scripts/2026-06-19/install/local_setup.bash'
[11.076s] INFO:colcon.colcon_core.shell:Creating prefix chain script '/home/indowings/scripts/2026-06-19/install/setup.bash'
[11.084s] INFO:colcon.colcon_core.shell:Creating prefix script '/home/indowings/scripts/2026-06-19/install/local_setup.zsh'
[11.089s] INFO:colcon.colcon_core.shell:Creating prefix chain script '/home/indowings/scripts/2026-06-19/install/setup.zsh'
