[1.160s] DEBUG:colcon:Command line arguments: ['/home/indowings/.local/bin/colcon', 'build']
[1.160s] DEBUG:colcon:Parsed command line arguments: Namespace(log_base=None, log_level=None, verb_name='build', build_base='build', install_base='install', merge_install=False, symlink_install=False, test_result_base=None, continue_on_error=False, executor='parallel', parallel_workers=8, event_handlers=None, ignore_user_meta=False, metas=['./colcon.meta'], base_paths=['.'], packages_ignore=None, packages_ignore_regex=None, paths=None, packages_up_to=None, packages_up_to_regex=None, packages_above=None, packages_above_and_dependencies=None, packages_above_depth=None, packages_select_by_dep=None, packages_skip_by_dep=None, packages_skip_up_to=None, packages_select_build_failed=False, packages_skip_build_finished=False, packages_select_test_failures=False, packages_skip_test_passed=False, packages_select=None, packages_skip=None, packages_select_regex=None, packages_skip_regex=None, packages_start=None, packages_end=None, allow_overriding=[], cmake_args=None, cmake_target=None, cmake_target_skip_unavailable=False, cmake_clean_cache=False, cmake_clean_first=False, cmake_force_configure=False, ament_cmake_args=None, catkin_cmake_args=None, catkin_skip_building_tests=False, verb_parser=<colcon_defaults.argument_parser.defaults.DefaultArgumentsDecorator object at 0x7cefb7355b10>, verb_extension=<colcon_core.verb.build.BuildVerb object at 0x7cefb7355600>, main=<bound method BuildVerb.main of <colcon_core.verb.build.BuildVerb object at 0x7cefb7355600>>)
[1.511s] Level 1:colcon.colcon_core.package_discovery:discover_packages(colcon_meta) check parameters
[1.512s] Level 1:colcon.colcon_core.package_discovery:discover_packages(recursive) check parameters
[1.512s] Level 1:colcon.colcon_core.package_discovery:discover_packages(ignore) check parameters
[1.512s] Level 1:colcon.colcon_core.package_discovery:discover_packages(path) check parameters
[1.512s] Level 1:colcon.colcon_core.package_discovery:discover_packages(colcon_meta) discover
[1.513s] Level 1:colcon.colcon_core.package_discovery:discover_packages(recursive) discover
[1.513s] INFO:colcon.colcon_core.package_discovery:Crawling recursively for packages in '/home/indowings/scripts/2026-06-25/ros2_ws'
[1.514s] Level 1:colcon.colcon_core.package_identification:_identify(.) by extensions ['ignore', 'ignore_ament_install']
[1.515s] Level 1:colcon.colcon_core.package_identification:_identify(.) by extension 'ignore'
[1.516s] Level 1:colcon.colcon_core.package_identification:_identify(.) by extension 'ignore_ament_install'
[1.517s] Level 1:colcon.colcon_core.package_identification:_identify(.) by extensions ['colcon_pkg']
[1.517s] Level 1:colcon.colcon_core.package_identification:_identify(.) by extension 'colcon_pkg'
[1.518s] Level 1:colcon.colcon_core.package_identification:_identify(.) by extensions ['colcon_meta']
[1.518s] Level 1:colcon.colcon_core.package_identification:_identify(.) by extension 'colcon_meta'
[1.518s] Level 1:colcon.colcon_core.package_identification:_identify(.) by extensions ['ros']
[1.518s] Level 1:colcon.colcon_core.package_identification:_identify(.) by extension 'ros'
[1.711s] Level 1:colcon.colcon_core.package_identification:_identify(.) by extensions ['cmake', 'python']
[1.712s] Level 1:colcon.colcon_core.package_identification:_identify(.) by extension 'cmake'
[1.712s] Level 1:colcon.colcon_core.package_identification:_identify(.) by extension 'python'
[1.712s] Level 1:colcon.colcon_core.package_identification:_identify(.) by extensions ['python_setup_py']
[1.712s] Level 1:colcon.colcon_core.package_identification:_identify(.) by extension 'python_setup_py'
[1.713s] Level 1:colcon.colcon_core.package_identification:_identify(build) by extensions ['ignore', 'ignore_ament_install']
[1.713s] Level 1:colcon.colcon_core.package_identification:_identify(build) by extension 'ignore'
[1.714s] Level 1:colcon.colcon_core.package_identification:_identify(build) ignored
[1.714s] Level 1:colcon.colcon_core.package_identification:_identify(install) by extensions ['ignore', 'ignore_ament_install']
[1.715s] Level 1:colcon.colcon_core.package_identification:_identify(install) by extension 'ignore'
[1.715s] Level 1:colcon.colcon_core.package_identification:_identify(install) ignored
[1.715s] Level 1:colcon.colcon_core.package_identification:_identify(log) by extensions ['ignore', 'ignore_ament_install']
[1.716s] Level 1:colcon.colcon_core.package_identification:_identify(log) by extension 'ignore'
[1.717s] Level 1:colcon.colcon_core.package_identification:_identify(log) ignored
[1.717s] Level 1:colcon.colcon_core.package_identification:_identify(src) by extensions ['ignore', 'ignore_ament_install']
[1.718s] Level 1:colcon.colcon_core.package_identification:_identify(src) by extension 'ignore'
[1.718s] Level 1:colcon.colcon_core.package_identification:_identify(src) by extension 'ignore_ament_install'
[1.718s] Level 1:colcon.colcon_core.package_identification:_identify(src) by extensions ['colcon_pkg']
[1.718s] Level 1:colcon.colcon_core.package_identification:_identify(src) by extension 'colcon_pkg'
[1.718s] Level 1:colcon.colcon_core.package_identification:_identify(src) by extensions ['colcon_meta']
[1.718s] Level 1:colcon.colcon_core.package_identification:_identify(src) by extension 'colcon_meta'
[1.718s] Level 1:colcon.colcon_core.package_identification:_identify(src) by extensions ['ros']
[1.718s] Level 1:colcon.colcon_core.package_identification:_identify(src) by extension 'ros'
[1.719s] Level 1:colcon.colcon_core.package_identification:_identify(src) by extensions ['cmake', 'python']
[1.719s] Level 1:colcon.colcon_core.package_identification:_identify(src) by extension 'cmake'
[1.719s] Level 1:colcon.colcon_core.package_identification:_identify(src) by extension 'python'
[1.719s] Level 1:colcon.colcon_core.package_identification:_identify(src) by extensions ['python_setup_py']
[1.719s] Level 1:colcon.colcon_core.package_identification:_identify(src) by extension 'python_setup_py'
[1.720s] Level 1:colcon.colcon_core.package_identification:_identify(src/px4_mission) by extensions ['ignore', 'ignore_ament_install']
[1.721s] Level 1:colcon.colcon_core.package_identification:_identify(src/px4_mission) by extension 'ignore'
[1.721s] Level 1:colcon.colcon_core.package_identification:_identify(src/px4_mission) by extension 'ignore_ament_install'
[1.722s] Level 1:colcon.colcon_core.package_identification:_identify(src/px4_mission) by extensions ['colcon_pkg']
[1.722s] Level 1:colcon.colcon_core.package_identification:_identify(src/px4_mission) by extension 'colcon_pkg'
[1.723s] Level 1:colcon.colcon_core.package_identification:_identify(src/px4_mission) by extensions ['colcon_meta']
[1.723s] Level 1:colcon.colcon_core.package_identification:_identify(src/px4_mission) by extension 'colcon_meta'
[1.724s] Level 1:colcon.colcon_core.package_identification:_identify(src/px4_mission) by extensions ['ros']
[1.724s] Level 1:colcon.colcon_core.package_identification:_identify(src/px4_mission) by extension 'ros'
[1.739s] DEBUG:colcon.colcon_core.package_identification:Package 'src/px4_mission' with type 'ros.ament_python' and name 'px4_mission'
[1.740s] Level 1:colcon.colcon_core.package_identification:_identify(src/px4_msgs) by extensions ['ignore', 'ignore_ament_install']
[1.741s] Level 1:colcon.colcon_core.package_identification:_identify(src/px4_msgs) by extension 'ignore'
[1.741s] Level 1:colcon.colcon_core.package_identification:_identify(src/px4_msgs) by extension 'ignore_ament_install'
[1.741s] Level 1:colcon.colcon_core.package_identification:_identify(src/px4_msgs) by extensions ['colcon_pkg']
[1.741s] Level 1:colcon.colcon_core.package_identification:_identify(src/px4_msgs) by extension 'colcon_pkg'
[1.742s] Level 1:colcon.colcon_core.package_identification:_identify(src/px4_msgs) by extensions ['colcon_meta']
[1.742s] Level 1:colcon.colcon_core.package_identification:_identify(src/px4_msgs) by extension 'colcon_meta'
[1.742s] Level 1:colcon.colcon_core.package_identification:_identify(src/px4_msgs) by extensions ['ros']
[1.742s] Level 1:colcon.colcon_core.package_identification:_identify(src/px4_msgs) by extension 'ros'
[1.745s] DEBUG:colcon.colcon_core.package_identification:Package 'src/px4_msgs' with type 'ros.ament_cmake' and name 'px4_msgs'
[1.746s] Level 1:colcon.colcon_core.package_identification:_identify(src/px4_ros_com) by extensions ['ignore', 'ignore_ament_install']
[1.746s] Level 1:colcon.colcon_core.package_identification:_identify(src/px4_ros_com) by extension 'ignore'
[1.746s] Level 1:colcon.colcon_core.package_identification:_identify(src/px4_ros_com) by extension 'ignore_ament_install'
[1.746s] Level 1:colcon.colcon_core.package_identification:_identify(src/px4_ros_com) by extensions ['colcon_pkg']
[1.746s] Level 1:colcon.colcon_core.package_identification:_identify(src/px4_ros_com) by extension 'colcon_pkg'
[1.746s] Level 1:colcon.colcon_core.package_identification:_identify(src/px4_ros_com) by extensions ['colcon_meta']
[1.746s] Level 1:colcon.colcon_core.package_identification:_identify(src/px4_ros_com) by extension 'colcon_meta'
[1.746s] Level 1:colcon.colcon_core.package_identification:_identify(src/px4_ros_com) by extensions ['ros']
[1.747s] Level 1:colcon.colcon_core.package_identification:_identify(src/px4_ros_com) by extension 'ros'
[1.753s] DEBUG:colcon.colcon_core.package_identification:Package 'src/px4_ros_com' with type 'ros.ament_cmake' and name 'px4_ros_com'
[1.753s] Level 1:colcon.colcon_core.package_discovery:discover_packages(recursive) using defaults
[1.754s] Level 1:colcon.colcon_core.package_discovery:discover_packages(ignore) discover
[1.754s] Level 1:colcon.colcon_core.package_discovery:discover_packages(ignore) using defaults
[1.754s] Level 1:colcon.colcon_core.package_discovery:discover_packages(path) discover
[1.754s] Level 1:colcon.colcon_core.package_discovery:discover_packages(path) using defaults
[1.907s] Level 1:colcon.colcon_core.package_discovery:discover_packages(prefix_path) check parameters
[1.908s] Level 1:colcon.colcon_core.package_discovery:discover_packages(prefix_path) discover
[1.924s] DEBUG:colcon.colcon_installed_package_information.package_discovery:Found 3 installed packages in /home/indowings/scripts/2026-06-25/ros2_ws/install
[1.934s] DEBUG:colcon.colcon_installed_package_information.package_discovery:Found 281 installed packages in /opt/ros/humble
[1.943s] Level 1:colcon.colcon_core.package_discovery:discover_packages(prefix_path) using defaults
[2.444s] Level 5:colcon.colcon_core.verb:set package 'px4_mission' build argument 'cmake_args' from command line to 'None'
[2.444s] Level 5:colcon.colcon_core.verb:set package 'px4_mission' build argument 'cmake_target' from command line to 'None'
[2.445s] Level 5:colcon.colcon_core.verb:set package 'px4_mission' build argument 'cmake_target_skip_unavailable' from command line to 'False'
[2.445s] Level 5:colcon.colcon_core.verb:set package 'px4_mission' build argument 'cmake_clean_cache' from command line to 'False'
[2.445s] Level 5:colcon.colcon_core.verb:set package 'px4_mission' build argument 'cmake_clean_first' from command line to 'False'
[2.446s] Level 5:colcon.colcon_core.verb:set package 'px4_mission' build argument 'cmake_force_configure' from command line to 'False'
[2.446s] Level 5:colcon.colcon_core.verb:set package 'px4_mission' build argument 'ament_cmake_args' from command line to 'None'
[2.446s] Level 5:colcon.colcon_core.verb:set package 'px4_mission' build argument 'catkin_cmake_args' from command line to 'None'
[2.446s] Level 5:colcon.colcon_core.verb:set package 'px4_mission' build argument 'catkin_skip_building_tests' from command line to 'False'
[2.447s] DEBUG:colcon.colcon_core.verb:Building package 'px4_mission' with the following arguments: {'ament_cmake_args': None, 'build_base': '/home/indowings/scripts/2026-06-25/ros2_ws/build/px4_mission', 'catkin_cmake_args': None, 'catkin_skip_building_tests': False, 'cmake_args': None, 'cmake_clean_cache': False, 'cmake_clean_first': False, 'cmake_force_configure': False, 'cmake_target': None, 'cmake_target_skip_unavailable': False, 'install_base': '/home/indowings/scripts/2026-06-25/ros2_ws/install/px4_mission', 'merge_install': False, 'path': '/home/indowings/scripts/2026-06-25/ros2_ws/src/px4_mission', 'symlink_install': False, 'test_result_base': None}
[2.449s] Level 5:colcon.colcon_core.verb:set package 'px4_msgs' build argument 'cmake_args' from command line to 'None'
[2.449s] Level 5:colcon.colcon_core.verb:set package 'px4_msgs' build argument 'cmake_target' from command line to 'None'
[2.449s] Level 5:colcon.colcon_core.verb:set package 'px4_msgs' build argument 'cmake_target_skip_unavailable' from command line to 'False'
[2.449s] Level 5:colcon.colcon_core.verb:set package 'px4_msgs' build argument 'cmake_clean_cache' from command line to 'False'
[2.449s] Level 5:colcon.colcon_core.verb:set package 'px4_msgs' build argument 'cmake_clean_first' from command line to 'False'
[2.450s] Level 5:colcon.colcon_core.verb:set package 'px4_msgs' build argument 'cmake_force_configure' from command line to 'False'
[2.450s] Level 5:colcon.colcon_core.verb:set package 'px4_msgs' build argument 'ament_cmake_args' from command line to 'None'
[2.450s] Level 5:colcon.colcon_core.verb:set package 'px4_msgs' build argument 'catkin_cmake_args' from command line to 'None'
[2.450s] Level 5:colcon.colcon_core.verb:set package 'px4_msgs' build argument 'catkin_skip_building_tests' from command line to 'False'
[2.450s] DEBUG:colcon.colcon_core.verb:Building package 'px4_msgs' with the following arguments: {'ament_cmake_args': None, 'build_base': '/home/indowings/scripts/2026-06-25/ros2_ws/build/px4_msgs', 'catkin_cmake_args': None, 'catkin_skip_building_tests': False, 'cmake_args': None, 'cmake_clean_cache': False, 'cmake_clean_first': False, 'cmake_force_configure': False, 'cmake_target': None, 'cmake_target_skip_unavailable': False, 'install_base': '/home/indowings/scripts/2026-06-25/ros2_ws/install/px4_msgs', 'merge_install': False, 'path': '/home/indowings/scripts/2026-06-25/ros2_ws/src/px4_msgs', 'symlink_install': False, 'test_result_base': None}
[2.452s] Level 5:colcon.colcon_core.verb:set package 'px4_ros_com' build argument 'cmake_args' from command line to 'None'
[2.453s] Level 5:colcon.colcon_core.verb:set package 'px4_ros_com' build argument 'cmake_target' from command line to 'None'
[2.453s] Level 5:colcon.colcon_core.verb:set package 'px4_ros_com' build argument 'cmake_target_skip_unavailable' from command line to 'False'
[2.453s] Level 5:colcon.colcon_core.verb:set package 'px4_ros_com' build argument 'cmake_clean_cache' from command line to 'False'
[2.454s] Level 5:colcon.colcon_core.verb:set package 'px4_ros_com' build argument 'cmake_clean_first' from command line to 'False'
[2.454s] Level 5:colcon.colcon_core.verb:set package 'px4_ros_com' build argument 'cmake_force_configure' from command line to 'False'
[2.454s] Level 5:colcon.colcon_core.verb:set package 'px4_ros_com' build argument 'ament_cmake_args' from command line to 'None'
[2.454s] Level 5:colcon.colcon_core.verb:set package 'px4_ros_com' build argument 'catkin_cmake_args' from command line to 'None'
[2.454s] Level 5:colcon.colcon_core.verb:set package 'px4_ros_com' build argument 'catkin_skip_building_tests' from command line to 'False'
[2.455s] DEBUG:colcon.colcon_core.verb:Building package 'px4_ros_com' with the following arguments: {'ament_cmake_args': None, 'build_base': '/home/indowings/scripts/2026-06-25/ros2_ws/build/px4_ros_com', 'catkin_cmake_args': None, 'catkin_skip_building_tests': False, 'cmake_args': None, 'cmake_clean_cache': False, 'cmake_clean_first': False, 'cmake_force_configure': False, 'cmake_target': None, 'cmake_target_skip_unavailable': False, 'install_base': '/home/indowings/scripts/2026-06-25/ros2_ws/install/px4_ros_com', 'merge_install': False, 'path': '/home/indowings/scripts/2026-06-25/ros2_ws/src/px4_ros_com', 'symlink_install': False, 'test_result_base': None}
[2.456s] INFO:colcon.colcon_core.executor:Executing jobs using 'parallel' executor
[2.459s] DEBUG:colcon.colcon_parallel_executor.executor.parallel:run_until_complete
[2.461s] INFO:colcon.colcon_ros.task.ament_cmake.build:Building ROS package in '/home/indowings/scripts/2026-06-25/ros2_ws/src/px4_msgs' with build type 'ament_cmake'
[2.462s] INFO:colcon.colcon_cmake.task.cmake.build:Building CMake package in '/home/indowings/scripts/2026-06-25/ros2_ws/src/px4_msgs'
[2.488s] INFO:colcon.colcon_core.plugin_system:Skipping extension 'colcon_core.shell.bat': Not used on non-Windows systems
[2.490s] INFO:colcon.colcon_core.shell:Skip shell extension 'powershell' for command environment: Not usable outside of PowerShell
[2.490s] DEBUG:colcon.colcon_core.shell:Skip shell extension 'dsv' for command environment
[2.512s] INFO:colcon.colcon_ros.task.ament_python.build:Building ROS package in '/home/indowings/scripts/2026-06-25/ros2_ws/src/px4_mission' with build type 'ament_python'
[2.513s] Level 1:colcon.colcon_core.shell:create_environment_hook('px4_mission', 'ament_prefix_path')
[2.515s] INFO:colcon.colcon_core.shell:Creating environment hook '/home/indowings/scripts/2026-06-25/ros2_ws/install/px4_mission/share/px4_mission/hook/ament_prefix_path.ps1'
[2.518s] INFO:colcon.colcon_core.shell:Creating environment descriptor '/home/indowings/scripts/2026-06-25/ros2_ws/install/px4_mission/share/px4_mission/hook/ament_prefix_path.dsv'
[2.524s] INFO:colcon.colcon_core.shell:Creating environment hook '/home/indowings/scripts/2026-06-25/ros2_ws/install/px4_mission/share/px4_mission/hook/ament_prefix_path.sh'
[2.531s] INFO:colcon.colcon_core.shell:Skip shell extension 'powershell' for command environment: Not usable outside of PowerShell
[2.531s] DEBUG:colcon.colcon_core.shell:Skip shell extension 'dsv' for command environment
[2.576s] DEBUG:colcon.colcon_core.event_handler.log_command:Invoking command in '/home/indowings/scripts/2026-06-25/ros2_ws/build/px4_msgs': CMAKE_PREFIX_PATH=${CMAKE_PREFIX_PATH}:/home/indowings/scripts/2026-06-25/ros2_ws/install/px4_mission:/opt/ros/humble /usr/bin/cmake --build /home/indowings/scripts/2026-06-25/ros2_ws/build/px4_msgs -- -j8 -l8
[4.030s] INFO:colcon.colcon_core.task.python.build:Building Python package in '/home/indowings/scripts/2026-06-25/ros2_ws/src/px4_mission'
[4.031s] INFO:colcon.colcon_core.shell:Skip shell extension 'powershell' for command environment: Not usable outside of PowerShell
[4.031s] DEBUG:colcon.colcon_core.shell:Skip shell extension 'dsv' for command environment
[8.126s] DEBUG:colcon.colcon_core.task.python.build:Available setuptools commands: setopt, install_data, build_clib, bdist_egg, clean, check, install_scripts, build, bdist_rpm, init_catalog, dist_info, install_egg_info, install, easy_install, saveopts, update_catalog, compile_catalog, bdist_wheel, egg_info, build_ext, rotate, build_py, bdist_dumb, bdist, install_headers, develop, sdist, symlink_data, alias, editable_wheel, build_scripts, extract_messages, install_lib
[8.142s] DEBUG:colcon.colcon_core.event_handler.log_command:Invoking command in '/home/indowings/scripts/2026-06-25/ros2_ws/src/px4_mission': PYTHONPATH=/home/indowings/scripts/2026-06-25/ros2_ws/build/px4_mission/prefix_override:/home/indowings/.local/lib/python3.10/site-packages/colcon_core/task/python/colcon_distutils_commands:/home/indowings/scripts/2026-06-25/ros2_ws/install/px4_mission/lib/python3.10/site-packages:${PYTHONPATH} /usr/bin/python3 -W ignore:setup.py install is deprecated -W ignore:easy_install command is deprecated setup.py egg_info --egg-base ../../build/px4_mission build --build-base /home/indowings/scripts/2026-06-25/ros2_ws/build/px4_mission/build install --record /home/indowings/scripts/2026-06-25/ros2_ws/build/px4_mission/install.log --install-scripts $base/lib/px4_mission --single-version-externally-managed install_data
[11.723s] DEBUG:colcon.colcon_core.event_handler.log_command:Invoked command in '/home/indowings/scripts/2026-06-25/ros2_ws/src/px4_mission' returned '0': PYTHONPATH=/home/indowings/scripts/2026-06-25/ros2_ws/build/px4_mission/prefix_override:/home/indowings/.local/lib/python3.10/site-packages/colcon_core/task/python/colcon_distutils_commands:/home/indowings/scripts/2026-06-25/ros2_ws/install/px4_mission/lib/python3.10/site-packages:${PYTHONPATH} /usr/bin/python3 -W ignore:setup.py install is deprecated -W ignore:easy_install command is deprecated setup.py egg_info --egg-base ../../build/px4_mission build --build-base /home/indowings/scripts/2026-06-25/ros2_ws/build/px4_mission/build install --record /home/indowings/scripts/2026-06-25/ros2_ws/build/px4_mission/install.log --install-scripts $base/lib/px4_mission --single-version-externally-managed install_data
[11.743s] Level 1:colcon.colcon_core.environment:checking '/home/indowings/scripts/2026-06-25/ros2_ws/install/px4_mission' for CMake module files
[11.744s] Level 1:colcon.colcon_core.environment:checking '/home/indowings/scripts/2026-06-25/ros2_ws/install/px4_mission' for CMake config files
[11.746s] Level 1:colcon.colcon_core.environment:checking '/home/indowings/scripts/2026-06-25/ros2_ws/install/px4_mission/lib'
[11.747s] Level 1:colcon.colcon_core.environment:checking '/home/indowings/scripts/2026-06-25/ros2_ws/install/px4_mission/bin'
[11.748s] Level 1:colcon.colcon_core.environment:checking '/home/indowings/scripts/2026-06-25/ros2_ws/install/px4_mission/lib/pkgconfig/px4_mission.pc'
[11.750s] Level 1:colcon.colcon_core.environment:checking '/home/indowings/scripts/2026-06-25/ros2_ws/install/px4_mission/lib/python3.10/site-packages'
[11.750s] Level 1:colcon.colcon_core.shell:create_environment_hook('px4_mission', 'pythonpath')
[11.752s] INFO:colcon.colcon_core.shell:Creating environment hook '/home/indowings/scripts/2026-06-25/ros2_ws/install/px4_mission/share/px4_mission/hook/pythonpath.ps1'
[11.758s] INFO:colcon.colcon_core.shell:Creating environment descriptor '/home/indowings/scripts/2026-06-25/ros2_ws/install/px4_mission/share/px4_mission/hook/pythonpath.dsv'
[11.760s] INFO:colcon.colcon_core.shell:Creating environment hook '/home/indowings/scripts/2026-06-25/ros2_ws/install/px4_mission/share/px4_mission/hook/pythonpath.sh'
[11.762s] Level 1:colcon.colcon_core.environment:checking '/home/indowings/scripts/2026-06-25/ros2_ws/install/px4_mission/bin'
[11.762s] Level 1:colcon.colcon_core.environment:create_environment_scripts_only(px4_mission)
[11.764s] INFO:colcon.colcon_core.shell:Creating package script '/home/indowings/scripts/2026-06-25/ros2_ws/install/px4_mission/share/px4_mission/package.ps1'
[11.775s] INFO:colcon.colcon_core.shell:Creating package descriptor '/home/indowings/scripts/2026-06-25/ros2_ws/install/px4_mission/share/px4_mission/package.dsv'
[11.777s] INFO:colcon.colcon_core.shell:Creating package script '/home/indowings/scripts/2026-06-25/ros2_ws/install/px4_mission/share/px4_mission/package.sh'
[11.781s] INFO:colcon.colcon_core.shell:Creating package script '/home/indowings/scripts/2026-06-25/ros2_ws/install/px4_mission/share/px4_mission/package.bash'
[11.790s] INFO:colcon.colcon_core.shell:Creating package script '/home/indowings/scripts/2026-06-25/ros2_ws/install/px4_mission/share/px4_mission/package.zsh'
[11.794s] Level 1:colcon.colcon_core.environment:create_file_with_runtime_dependencies(/home/indowings/scripts/2026-06-25/ros2_ws/install/px4_mission/share/colcon-core/packages/px4_mission)
[21.664s] DEBUG:colcon.colcon_core.event_handler.log_command:Invoked command in '/home/indowings/scripts/2026-06-25/ros2_ws/build/px4_msgs' returned '0': CMAKE_PREFIX_PATH=${CMAKE_PREFIX_PATH}:/home/indowings/scripts/2026-06-25/ros2_ws/install/px4_mission:/opt/ros/humble /usr/bin/cmake --build /home/indowings/scripts/2026-06-25/ros2_ws/build/px4_msgs -- -j8 -l8
[21.706s] DEBUG:colcon.colcon_core.event_handler.log_command:Invoking command in '/home/indowings/scripts/2026-06-25/ros2_ws/build/px4_msgs': CMAKE_PREFIX_PATH=${CMAKE_PREFIX_PATH}:/home/indowings/scripts/2026-06-25/ros2_ws/install/px4_mission:/opt/ros/humble /usr/bin/cmake --install /home/indowings/scripts/2026-06-25/ros2_ws/build/px4_msgs
[25.797s] Level 1:colcon.colcon_core.environment:create_environment_scripts_only(px4_msgs)
[25.798s] Level 1:colcon.colcon_core.environment:checking '/home/indowings/scripts/2026-06-25/ros2_ws/install/px4_msgs' for CMake module files
[25.802s] DEBUG:colcon.colcon_core.event_handler.log_command:Invoked command in '/home/indowings/scripts/2026-06-25/ros2_ws/build/px4_msgs' returned '0': CMAKE_PREFIX_PATH=${CMAKE_PREFIX_PATH}:/home/indowings/scripts/2026-06-25/ros2_ws/install/px4_mission:/opt/ros/humble /usr/bin/cmake --install /home/indowings/scripts/2026-06-25/ros2_ws/build/px4_msgs
[25.808s] Level 1:colcon.colcon_core.environment:checking '/home/indowings/scripts/2026-06-25/ros2_ws/install/px4_msgs' for CMake config files
[25.825s] Level 1:colcon.colcon_core.shell:create_environment_hook('px4_msgs', 'cmake_prefix_path')
[25.827s] INFO:colcon.colcon_core.shell:Creating environment hook '/home/indowings/scripts/2026-06-25/ros2_ws/install/px4_msgs/share/px4_msgs/hook/cmake_prefix_path.ps1'
[25.830s] INFO:colcon.colcon_core.shell:Creating environment descriptor '/home/indowings/scripts/2026-06-25/ros2_ws/install/px4_msgs/share/px4_msgs/hook/cmake_prefix_path.dsv'
[25.832s] INFO:colcon.colcon_core.shell:Creating environment hook '/home/indowings/scripts/2026-06-25/ros2_ws/install/px4_msgs/share/px4_msgs/hook/cmake_prefix_path.sh'
[25.837s] Level 1:colcon.colcon_core.environment:checking '/home/indowings/scripts/2026-06-25/ros2_ws/install/px4_msgs/lib'
[25.838s] Level 1:colcon.colcon_core.shell:create_environment_hook('px4_msgs', 'ld_library_path_lib')
[25.841s] INFO:colcon.colcon_core.shell:Creating environment hook '/home/indowings/scripts/2026-06-25/ros2_ws/install/px4_msgs/share/px4_msgs/hook/ld_library_path_lib.ps1'
[25.844s] INFO:colcon.colcon_core.shell:Creating environment descriptor '/home/indowings/scripts/2026-06-25/ros2_ws/install/px4_msgs/share/px4_msgs/hook/ld_library_path_lib.dsv'
[25.846s] INFO:colcon.colcon_core.shell:Creating environment hook '/home/indowings/scripts/2026-06-25/ros2_ws/install/px4_msgs/share/px4_msgs/hook/ld_library_path_lib.sh'
[25.848s] Level 1:colcon.colcon_core.environment:checking '/home/indowings/scripts/2026-06-25/ros2_ws/install/px4_msgs/bin'
[25.849s] Level 1:colcon.colcon_core.environment:checking '/home/indowings/scripts/2026-06-25/ros2_ws/install/px4_msgs/lib/pkgconfig/px4_msgs.pc'
[25.851s] Level 1:colcon.colcon_core.environment:checking '/home/indowings/scripts/2026-06-25/ros2_ws/install/px4_msgs/lib/python3.10/site-packages'
[25.853s] Level 1:colcon.colcon_core.environment:checking '/home/indowings/scripts/2026-06-25/ros2_ws/install/px4_msgs/bin'
[25.856s] INFO:colcon.colcon_core.shell:Creating package script '/home/indowings/scripts/2026-06-25/ros2_ws/install/px4_msgs/share/px4_msgs/package.ps1'
[25.858s] INFO:colcon.colcon_core.shell:Creating package descriptor '/home/indowings/scripts/2026-06-25/ros2_ws/install/px4_msgs/share/px4_msgs/package.dsv'
[25.862s] INFO:colcon.colcon_core.shell:Creating package script '/home/indowings/scripts/2026-06-25/ros2_ws/install/px4_msgs/share/px4_msgs/package.sh'
[25.865s] INFO:colcon.colcon_core.shell:Creating package script '/home/indowings/scripts/2026-06-25/ros2_ws/install/px4_msgs/share/px4_msgs/package.bash'
[25.868s] INFO:colcon.colcon_core.shell:Creating package script '/home/indowings/scripts/2026-06-25/ros2_ws/install/px4_msgs/share/px4_msgs/package.zsh'
[25.872s] Level 1:colcon.colcon_core.environment:create_file_with_runtime_dependencies(/home/indowings/scripts/2026-06-25/ros2_ws/install/px4_msgs/share/colcon-core/packages/px4_msgs)
[25.876s] Level 1:colcon.colcon_core.environment:create_environment_scripts_only(px4_msgs)
[25.877s] Level 1:colcon.colcon_core.environment:checking '/home/indowings/scripts/2026-06-25/ros2_ws/install/px4_msgs' for CMake module files
[25.882s] Level 1:colcon.colcon_core.environment:checking '/home/indowings/scripts/2026-06-25/ros2_ws/install/px4_msgs' for CMake config files
[25.898s] Level 1:colcon.colcon_core.shell:create_environment_hook('px4_msgs', 'cmake_prefix_path')
[25.901s] INFO:colcon.colcon_core.shell:Creating environment hook '/home/indowings/scripts/2026-06-25/ros2_ws/install/px4_msgs/share/px4_msgs/hook/cmake_prefix_path.ps1'
[25.904s] INFO:colcon.colcon_core.shell:Creating environment descriptor '/home/indowings/scripts/2026-06-25/ros2_ws/install/px4_msgs/share/px4_msgs/hook/cmake_prefix_path.dsv'
[25.908s] INFO:colcon.colcon_core.shell:Creating environment hook '/home/indowings/scripts/2026-06-25/ros2_ws/install/px4_msgs/share/px4_msgs/hook/cmake_prefix_path.sh'
[25.912s] Level 1:colcon.colcon_core.environment:checking '/home/indowings/scripts/2026-06-25/ros2_ws/install/px4_msgs/lib'
[25.912s] Level 1:colcon.colcon_core.shell:create_environment_hook('px4_msgs', 'ld_library_path_lib')
[25.913s] INFO:colcon.colcon_core.shell:Creating environment hook '/home/indowings/scripts/2026-06-25/ros2_ws/install/px4_msgs/share/px4_msgs/hook/ld_library_path_lib.ps1'
[25.917s] INFO:colcon.colcon_core.shell:Creating environment descriptor '/home/indowings/scripts/2026-06-25/ros2_ws/install/px4_msgs/share/px4_msgs/hook/ld_library_path_lib.dsv'
[25.920s] INFO:colcon.colcon_core.shell:Creating environment hook '/home/indowings/scripts/2026-06-25/ros2_ws/install/px4_msgs/share/px4_msgs/hook/ld_library_path_lib.sh'
[25.927s] Level 1:colcon.colcon_core.environment:checking '/home/indowings/scripts/2026-06-25/ros2_ws/install/px4_msgs/bin'
[25.927s] Level 1:colcon.colcon_core.environment:checking '/home/indowings/scripts/2026-06-25/ros2_ws/install/px4_msgs/lib/pkgconfig/px4_msgs.pc'
[25.928s] Level 1:colcon.colcon_core.environment:checking '/home/indowings/scripts/2026-06-25/ros2_ws/install/px4_msgs/lib/python3.10/site-packages'
[25.931s] Level 1:colcon.colcon_core.environment:checking '/home/indowings/scripts/2026-06-25/ros2_ws/install/px4_msgs/bin'
[25.932s] INFO:colcon.colcon_core.shell:Creating package script '/home/indowings/scripts/2026-06-25/ros2_ws/install/px4_msgs/share/px4_msgs/package.ps1'
[25.938s] INFO:colcon.colcon_core.shell:Creating package descriptor '/home/indowings/scripts/2026-06-25/ros2_ws/install/px4_msgs/share/px4_msgs/package.dsv'
[25.943s] INFO:colcon.colcon_core.shell:Creating package script '/home/indowings/scripts/2026-06-25/ros2_ws/install/px4_msgs/share/px4_msgs/package.sh'
[25.946s] INFO:colcon.colcon_core.shell:Creating package script '/home/indowings/scripts/2026-06-25/ros2_ws/install/px4_msgs/share/px4_msgs/package.bash'
[25.949s] INFO:colcon.colcon_core.shell:Creating package script '/home/indowings/scripts/2026-06-25/ros2_ws/install/px4_msgs/share/px4_msgs/package.zsh'
[25.952s] Level 1:colcon.colcon_core.environment:create_file_with_runtime_dependencies(/home/indowings/scripts/2026-06-25/ros2_ws/install/px4_msgs/share/colcon-core/packages/px4_msgs)
[25.953s] INFO:colcon.colcon_ros.task.ament_cmake.build:Building ROS package in '/home/indowings/scripts/2026-06-25/ros2_ws/src/px4_ros_com' with build type 'ament_cmake'
[25.956s] INFO:colcon.colcon_cmake.task.cmake.build:Building CMake package in '/home/indowings/scripts/2026-06-25/ros2_ws/src/px4_ros_com'
[25.958s] INFO:colcon.colcon_core.shell:Skip shell extension 'powershell' for command environment: Not usable outside of PowerShell
[25.959s] DEBUG:colcon.colcon_core.shell:Skip shell extension 'dsv' for command environment
[26.019s] DEBUG:colcon.colcon_core.event_handler.log_command:Invoking command in '/home/indowings/scripts/2026-06-25/ros2_ws/build/px4_ros_com': CMAKE_PREFIX_PATH=/home/indowings/scripts/2026-06-25/ros2_ws/install/px4_msgs:/home/indowings/scripts/2026-06-25/ros2_ws/install/px4_ros_com:/home/indowings/scripts/2026-06-25/ros2_ws/install/px4_mission:/opt/ros/humble LD_LIBRARY_PATH=/home/indowings/scripts/2026-06-25/ros2_ws/install/px4_msgs/lib:/home/indowings/scripts/2026-06-25/ros2_ws/install/px4_ros_com/lib:/opt/ros/humble/opt/rviz_ogre_vendor/lib:/opt/ros/humble/lib/x86_64-linux-gnu:/opt/ros/humble/lib /usr/bin/cmake --build /home/indowings/scripts/2026-06-25/ros2_ws/build/px4_ros_com -- -j8 -l8
[28.936s] DEBUG:colcon.colcon_core.event_handler.log_command:Invoked command in '/home/indowings/scripts/2026-06-25/ros2_ws/build/px4_ros_com' returned '0': CMAKE_PREFIX_PATH=/home/indowings/scripts/2026-06-25/ros2_ws/install/px4_msgs:/home/indowings/scripts/2026-06-25/ros2_ws/install/px4_ros_com:/home/indowings/scripts/2026-06-25/ros2_ws/install/px4_mission:/opt/ros/humble LD_LIBRARY_PATH=/home/indowings/scripts/2026-06-25/ros2_ws/install/px4_msgs/lib:/home/indowings/scripts/2026-06-25/ros2_ws/install/px4_ros_com/lib:/opt/ros/humble/opt/rviz_ogre_vendor/lib:/opt/ros/humble/lib/x86_64-linux-gnu:/opt/ros/humble/lib /usr/bin/cmake --build /home/indowings/scripts/2026-06-25/ros2_ws/build/px4_ros_com -- -j8 -l8
[28.942s] DEBUG:colcon.colcon_core.event_handler.log_command:Invoking command in '/home/indowings/scripts/2026-06-25/ros2_ws/build/px4_ros_com': CMAKE_PREFIX_PATH=/home/indowings/scripts/2026-06-25/ros2_ws/install/px4_msgs:/home/indowings/scripts/2026-06-25/ros2_ws/install/px4_ros_com:/home/indowings/scripts/2026-06-25/ros2_ws/install/px4_mission:/opt/ros/humble LD_LIBRARY_PATH=/home/indowings/scripts/2026-06-25/ros2_ws/install/px4_msgs/lib:/home/indowings/scripts/2026-06-25/ros2_ws/install/px4_ros_com/lib:/opt/ros/humble/opt/rviz_ogre_vendor/lib:/opt/ros/humble/lib/x86_64-linux-gnu:/opt/ros/humble/lib /usr/bin/cmake --install /home/indowings/scripts/2026-06-25/ros2_ws/build/px4_ros_com
[29.308s] Level 1:colcon.colcon_core.environment:create_environment_scripts_only(px4_ros_com)
[29.310s] Level 1:colcon.colcon_core.environment:checking '/home/indowings/scripts/2026-06-25/ros2_ws/install/px4_ros_com' for CMake module files
[29.313s] DEBUG:colcon.colcon_core.event_handler.log_command:Invoked command in '/home/indowings/scripts/2026-06-25/ros2_ws/build/px4_ros_com' returned '0': CMAKE_PREFIX_PATH=/home/indowings/scripts/2026-06-25/ros2_ws/install/px4_msgs:/home/indowings/scripts/2026-06-25/ros2_ws/install/px4_ros_com:/home/indowings/scripts/2026-06-25/ros2_ws/install/px4_mission:/opt/ros/humble LD_LIBRARY_PATH=/home/indowings/scripts/2026-06-25/ros2_ws/install/px4_msgs/lib:/home/indowings/scripts/2026-06-25/ros2_ws/install/px4_ros_com/lib:/opt/ros/humble/opt/rviz_ogre_vendor/lib:/opt/ros/humble/lib/x86_64-linux-gnu:/opt/ros/humble/lib /usr/bin/cmake --install /home/indowings/scripts/2026-06-25/ros2_ws/build/px4_ros_com
[29.317s] Level 1:colcon.colcon_core.environment:checking '/home/indowings/scripts/2026-06-25/ros2_ws/install/px4_ros_com' for CMake config files
[29.318s] Level 1:colcon.colcon_core.shell:create_environment_hook('px4_ros_com', 'cmake_prefix_path')
[29.320s] INFO:colcon.colcon_core.shell:Creating environment hook '/home/indowings/scripts/2026-06-25/ros2_ws/install/px4_ros_com/share/px4_ros_com/hook/cmake_prefix_path.ps1'
[29.325s] INFO:colcon.colcon_core.shell:Creating environment descriptor '/home/indowings/scripts/2026-06-25/ros2_ws/install/px4_ros_com/share/px4_ros_com/hook/cmake_prefix_path.dsv'
[29.326s] INFO:colcon.colcon_core.shell:Creating environment hook '/home/indowings/scripts/2026-06-25/ros2_ws/install/px4_ros_com/share/px4_ros_com/hook/cmake_prefix_path.sh'
[29.327s] Level 1:colcon.colcon_core.environment:checking '/home/indowings/scripts/2026-06-25/ros2_ws/install/px4_ros_com/lib'
[29.328s] Level 1:colcon.colcon_core.shell:create_environment_hook('px4_ros_com', 'ld_library_path_lib')
[29.328s] INFO:colcon.colcon_core.shell:Creating environment hook '/home/indowings/scripts/2026-06-25/ros2_ws/install/px4_ros_com/share/px4_ros_com/hook/ld_library_path_lib.ps1'
[29.330s] INFO:colcon.colcon_core.shell:Creating environment descriptor '/home/indowings/scripts/2026-06-25/ros2_ws/install/px4_ros_com/share/px4_ros_com/hook/ld_library_path_lib.dsv'
[29.332s] INFO:colcon.colcon_core.shell:Creating environment hook '/home/indowings/scripts/2026-06-25/ros2_ws/install/px4_ros_com/share/px4_ros_com/hook/ld_library_path_lib.sh'
[29.336s] Level 1:colcon.colcon_core.environment:checking '/home/indowings/scripts/2026-06-25/ros2_ws/install/px4_ros_com/bin'
[29.337s] Level 1:colcon.colcon_core.environment:checking '/home/indowings/scripts/2026-06-25/ros2_ws/install/px4_ros_com/lib/pkgconfig/px4_ros_com.pc'
[29.338s] Level 1:colcon.colcon_core.environment:checking '/home/indowings/scripts/2026-06-25/ros2_ws/install/px4_ros_com/lib/python3.10/site-packages'
[29.341s] Level 1:colcon.colcon_core.environment:checking '/home/indowings/scripts/2026-06-25/ros2_ws/install/px4_ros_com/bin'
[29.344s] INFO:colcon.colcon_core.shell:Creating package script '/home/indowings/scripts/2026-06-25/ros2_ws/install/px4_ros_com/share/px4_ros_com/package.ps1'
[29.347s] INFO:colcon.colcon_core.shell:Creating package descriptor '/home/indowings/scripts/2026-06-25/ros2_ws/install/px4_ros_com/share/px4_ros_com/package.dsv'
[29.349s] INFO:colcon.colcon_core.shell:Creating package script '/home/indowings/scripts/2026-06-25/ros2_ws/install/px4_ros_com/share/px4_ros_com/package.sh'
[29.352s] INFO:colcon.colcon_core.shell:Creating package script '/home/indowings/scripts/2026-06-25/ros2_ws/install/px4_ros_com/share/px4_ros_com/package.bash'
[29.355s] INFO:colcon.colcon_core.shell:Creating package script '/home/indowings/scripts/2026-06-25/ros2_ws/install/px4_ros_com/share/px4_ros_com/package.zsh'
[29.358s] Level 1:colcon.colcon_core.environment:create_file_with_runtime_dependencies(/home/indowings/scripts/2026-06-25/ros2_ws/install/px4_ros_com/share/colcon-core/packages/px4_ros_com)
[29.363s] Level 1:colcon.colcon_core.environment:create_environment_scripts_only(px4_ros_com)
[29.365s] Level 1:colcon.colcon_core.environment:checking '/home/indowings/scripts/2026-06-25/ros2_ws/install/px4_ros_com' for CMake module files
[29.367s] Level 1:colcon.colcon_core.environment:checking '/home/indowings/scripts/2026-06-25/ros2_ws/install/px4_ros_com' for CMake config files
[29.368s] Level 1:colcon.colcon_core.shell:create_environment_hook('px4_ros_com', 'cmake_prefix_path')
[29.370s] INFO:colcon.colcon_core.shell:Creating environment hook '/home/indowings/scripts/2026-06-25/ros2_ws/install/px4_ros_com/share/px4_ros_com/hook/cmake_prefix_path.ps1'
[29.374s] INFO:colcon.colcon_core.shell:Creating environment descriptor '/home/indowings/scripts/2026-06-25/ros2_ws/install/px4_ros_com/share/px4_ros_com/hook/cmake_prefix_path.dsv'
[29.378s] INFO:colcon.colcon_core.shell:Creating environment hook '/home/indowings/scripts/2026-06-25/ros2_ws/install/px4_ros_com/share/px4_ros_com/hook/cmake_prefix_path.sh'
[29.382s] Level 1:colcon.colcon_core.environment:checking '/home/indowings/scripts/2026-06-25/ros2_ws/install/px4_ros_com/lib'
[29.383s] Level 1:colcon.colcon_core.shell:create_environment_hook('px4_ros_com', 'ld_library_path_lib')
[29.384s] INFO:colcon.colcon_core.shell:Creating environment hook '/home/indowings/scripts/2026-06-25/ros2_ws/install/px4_ros_com/share/px4_ros_com/hook/ld_library_path_lib.ps1'
[29.387s] INFO:colcon.colcon_core.shell:Creating environment descriptor '/home/indowings/scripts/2026-06-25/ros2_ws/install/px4_ros_com/share/px4_ros_com/hook/ld_library_path_lib.dsv'
[29.390s] INFO:colcon.colcon_core.shell:Creating environment hook '/home/indowings/scripts/2026-06-25/ros2_ws/install/px4_ros_com/share/px4_ros_com/hook/ld_library_path_lib.sh'
[29.395s] Level 1:colcon.colcon_core.environment:checking '/home/indowings/scripts/2026-06-25/ros2_ws/install/px4_ros_com/bin'
[29.396s] Level 1:colcon.colcon_core.environment:checking '/home/indowings/scripts/2026-06-25/ros2_ws/install/px4_ros_com/lib/pkgconfig/px4_ros_com.pc'
[29.397s] Level 1:colcon.colcon_core.environment:checking '/home/indowings/scripts/2026-06-25/ros2_ws/install/px4_ros_com/lib/python3.10/site-packages'
[29.399s] Level 1:colcon.colcon_core.environment:checking '/home/indowings/scripts/2026-06-25/ros2_ws/install/px4_ros_com/bin'
[29.401s] INFO:colcon.colcon_core.shell:Creating package script '/home/indowings/scripts/2026-06-25/ros2_ws/install/px4_ros_com/share/px4_ros_com/package.ps1'
[29.404s] INFO:colcon.colcon_core.shell:Creating package descriptor '/home/indowings/scripts/2026-06-25/ros2_ws/install/px4_ros_com/share/px4_ros_com/package.dsv'
[29.407s] INFO:colcon.colcon_core.shell:Creating package script '/home/indowings/scripts/2026-06-25/ros2_ws/install/px4_ros_com/share/px4_ros_com/package.sh'
[29.409s] INFO:colcon.colcon_core.shell:Creating package script '/home/indowings/scripts/2026-06-25/ros2_ws/install/px4_ros_com/share/px4_ros_com/package.bash'
[29.412s] INFO:colcon.colcon_core.shell:Creating package script '/home/indowings/scripts/2026-06-25/ros2_ws/install/px4_ros_com/share/px4_ros_com/package.zsh'
[29.416s] Level 1:colcon.colcon_core.environment:create_file_with_runtime_dependencies(/home/indowings/scripts/2026-06-25/ros2_ws/install/px4_ros_com/share/colcon-core/packages/px4_ros_com)
[29.418s] DEBUG:colcon.colcon_parallel_executor.executor.parallel:closing loop
[29.419s] DEBUG:colcon.colcon_parallel_executor.executor.parallel:loop closed
[29.419s] DEBUG:colcon.colcon_parallel_executor.executor.parallel:run_until_complete finished with '0'
[29.421s] DEBUG:colcon.colcon_core.event_reactor:joining thread
[29.453s] INFO:colcon.colcon_core.plugin_system:Skipping extension 'colcon_notification.desktop_notification.terminal_notifier': Not used on non-Darwin systems
[29.454s] INFO:colcon.colcon_core.plugin_system:Skipping extension 'colcon_notification.desktop_notification.win32': Not used on non-Windows systems
[29.454s] INFO:colcon.colcon_notification.desktop_notification:Sending desktop notification using 'notify2'
[29.678s] DEBUG:colcon.colcon_core.event_reactor:joined thread
[29.679s] INFO:colcon.colcon_core.shell:Creating prefix script '/home/indowings/scripts/2026-06-25/ros2_ws/install/local_setup.ps1'
[29.691s] INFO:colcon.colcon_core.shell:Creating prefix util module '/home/indowings/scripts/2026-06-25/ros2_ws/install/_local_setup_util_ps1.py'
[29.698s] INFO:colcon.colcon_core.shell:Creating prefix chain script '/home/indowings/scripts/2026-06-25/ros2_ws/install/setup.ps1'
[29.704s] INFO:colcon.colcon_core.shell:Creating prefix script '/home/indowings/scripts/2026-06-25/ros2_ws/install/local_setup.sh'
[29.709s] INFO:colcon.colcon_core.shell:Creating prefix util module '/home/indowings/scripts/2026-06-25/ros2_ws/install/_local_setup_util_sh.py'
[29.713s] INFO:colcon.colcon_core.shell:Creating prefix chain script '/home/indowings/scripts/2026-06-25/ros2_ws/install/setup.sh'
[29.720s] INFO:colcon.colcon_core.shell:Creating prefix script '/home/indowings/scripts/2026-06-25/ros2_ws/install/local_setup.bash'
[29.722s] INFO:colcon.colcon_core.shell:Creating prefix chain script '/home/indowings/scripts/2026-06-25/ros2_ws/install/setup.bash'
[29.726s] INFO:colcon.colcon_core.shell:Creating prefix script '/home/indowings/scripts/2026-06-25/ros2_ws/install/local_setup.zsh'
[29.728s] INFO:colcon.colcon_core.shell:Creating prefix chain script '/home/indowings/scripts/2026-06-25/ros2_ws/install/setup.zsh'
