[5.205s] Invoking command in '/home/indowings/scripts/2026-06-19/ros2_ws/src/drone_takeoff': PYTHONPATH=/home/indowings/scripts/2026-06-19/build/drone_takeoff/prefix_override:/home/indowings/.local/lib/python3.10/site-packages/colcon_core/task/python/colcon_distutils_commands:/home/indowings/scripts/2026-06-19/install/drone_takeoff/lib/python3.10/site-packages:${PYTHONPATH} /usr/bin/python3 -W ignore:setup.py install is deprecated -W ignore:easy_install command is deprecated setup.py egg_info --egg-base ../../../build/drone_takeoff build --build-base /home/indowings/scripts/2026-06-19/build/drone_takeoff/build install --record /home/indowings/scripts/2026-06-19/build/drone_takeoff/install.log --install-scripts $base/lib/drone_takeoff --single-version-externally-managed install_data
[7.201s] running egg_info
[7.327s] creating ../../../build/drone_takeoff/drone_takeoff.egg-info
[7.327s] writing ../../../build/drone_takeoff/drone_takeoff.egg-info/PKG-INFO
[7.331s] writing dependency_links to ../../../build/drone_takeoff/drone_takeoff.egg-info/dependency_links.txt
[7.333s] writing entry points to ../../../build/drone_takeoff/drone_takeoff.egg-info/entry_points.txt
[7.336s] writing requirements to ../../../build/drone_takeoff/drone_takeoff.egg-info/requires.txt
[7.337s] writing top-level names to ../../../build/drone_takeoff/drone_takeoff.egg-info/top_level.txt
[7.338s] writing manifest file '../../../build/drone_takeoff/drone_takeoff.egg-info/SOURCES.txt'
[7.598s] reading manifest file '../../../build/drone_takeoff/drone_takeoff.egg-info/SOURCES.txt'
[7.606s] writing manifest file '../../../build/drone_takeoff/drone_takeoff.egg-info/SOURCES.txt'
[7.607s] running build
[7.609s] running build_py
[7.609s] creating /home/indowings/scripts/2026-06-19/build/drone_takeoff/build/lib/drone_takeoff
[7.610s] copying drone_takeoff/takeoff_node.py -> /home/indowings/scripts/2026-06-19/build/drone_takeoff/build/lib/drone_takeoff
[7.611s] copying drone_takeoff/__init__.py -> /home/indowings/scripts/2026-06-19/build/drone_takeoff/build/lib/drone_takeoff
[7.613s] running install
[7.640s] running install_lib
[7.766s] creating /home/indowings/scripts/2026-06-19/install/drone_takeoff/lib/python3.10/site-packages/drone_takeoff
[7.767s] copying /home/indowings/scripts/2026-06-19/build/drone_takeoff/build/lib/drone_takeoff/takeoff_node.py -> /home/indowings/scripts/2026-06-19/install/drone_takeoff/lib/python3.10/site-packages/drone_takeoff
[7.767s] copying /home/indowings/scripts/2026-06-19/build/drone_takeoff/build/lib/drone_takeoff/__init__.py -> /home/indowings/scripts/2026-06-19/install/drone_takeoff/lib/python3.10/site-packages/drone_takeoff
[7.769s] byte-compiling /home/indowings/scripts/2026-06-19/install/drone_takeoff/lib/python3.10/site-packages/drone_takeoff/takeoff_node.py to takeoff_node.cpython-310.pyc
[7.774s] byte-compiling /home/indowings/scripts/2026-06-19/install/drone_takeoff/lib/python3.10/site-packages/drone_takeoff/__init__.py to __init__.cpython-310.pyc
[7.777s] running install_data
[7.780s] creating /home/indowings/scripts/2026-06-19/install/drone_takeoff/share/ament_index/resource_index/packages
[7.784s] copying resource/drone_takeoff -> /home/indowings/scripts/2026-06-19/install/drone_takeoff/share/ament_index/resource_index/packages
[7.787s] copying package.xml -> /home/indowings/scripts/2026-06-19/install/drone_takeoff/share/drone_takeoff
[7.788s] running install_egg_info
[7.887s] Copying ../../../build/drone_takeoff/drone_takeoff.egg-info to /home/indowings/scripts/2026-06-19/install/drone_takeoff/lib/python3.10/site-packages/drone_takeoff-0.0.0-py3.10.egg-info
[7.889s] running install_scripts
[8.785s] Installing takeoff_node script to /home/indowings/scripts/2026-06-19/install/drone_takeoff/lib/drone_takeoff
[8.788s] writing list of installed files to '/home/indowings/scripts/2026-06-19/build/drone_takeoff/install.log'
[8.928s] Invoked command in '/home/indowings/scripts/2026-06-19/ros2_ws/src/drone_takeoff' returned '0': PYTHONPATH=/home/indowings/scripts/2026-06-19/build/drone_takeoff/prefix_override:/home/indowings/.local/lib/python3.10/site-packages/colcon_core/task/python/colcon_distutils_commands:/home/indowings/scripts/2026-06-19/install/drone_takeoff/lib/python3.10/site-packages:${PYTHONPATH} /usr/bin/python3 -W ignore:setup.py install is deprecated -W ignore:easy_install command is deprecated setup.py egg_info --egg-base ../../../build/drone_takeoff build --build-base /home/indowings/scripts/2026-06-19/build/drone_takeoff/build install --record /home/indowings/scripts/2026-06-19/build/drone_takeoff/install.log --install-scripts $base/lib/drone_takeoff --single-version-externally-managed install_data
