running egg_info
writing ../../build/drone_takeoff/drone_takeoff.egg-info/PKG-INFO
writing dependency_links to ../../build/drone_takeoff/drone_takeoff.egg-info/dependency_links.txt
writing entry points to ../../build/drone_takeoff/drone_takeoff.egg-info/entry_points.txt
writing requirements to ../../build/drone_takeoff/drone_takeoff.egg-info/requires.txt
writing top-level names to ../../build/drone_takeoff/drone_takeoff.egg-info/top_level.txt
reading manifest file '../../build/drone_takeoff/drone_takeoff.egg-info/SOURCES.txt'
writing manifest file '../../build/drone_takeoff/drone_takeoff.egg-info/SOURCES.txt'
running build
running build_py
copying drone_takeoff/takeoff_node.py -> /home/indowings/ros2_ws/build/drone_takeoff/build/lib/drone_takeoff
copying drone_takeoff/__init__.py -> /home/indowings/ros2_ws/build/drone_takeoff/build/lib/drone_takeoff
running install
running install_lib
running install_data
copying resource/drone_takeoff -> /home/indowings/ros2_ws/install/drone_takeoff/share/ament_index/resource_index/packages
copying package.xml -> /home/indowings/ros2_ws/install/drone_takeoff/share/drone_takeoff
running install_egg_info
removing '/home/indowings/ros2_ws/install/drone_takeoff/lib/python3.10/site-packages/drone_takeoff-0.0.0-py3.10.egg-info' (and everything under it)
Copying ../../build/drone_takeoff/drone_takeoff.egg-info to /home/indowings/ros2_ws/install/drone_takeoff/lib/python3.10/site-packages/drone_takeoff-0.0.0-py3.10.egg-info
running install_scripts
Installing takeoff_node script to /home/indowings/ros2_ws/install/drone_takeoff/lib/drone_takeoff
writing list of installed files to '/home/indowings/ros2_ws/build/drone_takeoff/install.log'
