[0.812s] DEBUG:colcon:Command line arguments: ['/home/indowings/.local/bin/colcon', 'build']
[0.812s] DEBUG:colcon:Parsed command line arguments: Namespace(log_base=None, log_level=None, verb_name='build', build_base='build', install_base='install', merge_install=False, symlink_install=False, test_result_base=None, continue_on_error=False, executor='parallel', parallel_workers=8, event_handlers=None, ignore_user_meta=False, metas=['./colcon.meta'], base_paths=['.'], packages_ignore=None, packages_ignore_regex=None, paths=None, packages_up_to=None, packages_up_to_regex=None, packages_above=None, packages_above_and_dependencies=None, packages_above_depth=None, packages_select_by_dep=None, packages_skip_by_dep=None, packages_skip_up_to=None, packages_select_build_failed=False, packages_skip_build_finished=False, packages_select_test_failures=False, packages_skip_test_passed=False, packages_select=None, packages_skip=None, packages_select_regex=None, packages_skip_regex=None, packages_start=None, packages_end=None, allow_overriding=[], cmake_args=None, cmake_target=None, cmake_target_skip_unavailable=False, cmake_clean_cache=False, cmake_clean_first=False, cmake_force_configure=False, ament_cmake_args=None, catkin_cmake_args=None, catkin_skip_building_tests=False, verb_parser=<colcon_defaults.argument_parser.defaults.DefaultArgumentsDecorator object at 0x7a76b7ef5b10>, verb_extension=<colcon_core.verb.build.BuildVerb object at 0x7a76b7ef5600>, main=<bound method BuildVerb.main of <colcon_core.verb.build.BuildVerb object at 0x7a76b7ef5600>>)
[1.063s] Level 1:colcon.colcon_core.package_discovery:discover_packages(colcon_meta) check parameters
[1.064s] Level 1:colcon.colcon_core.package_discovery:discover_packages(recursive) check parameters
[1.064s] Level 1:colcon.colcon_core.package_discovery:discover_packages(ignore) check parameters
[1.064s] Level 1:colcon.colcon_core.package_discovery:discover_packages(path) check parameters
[1.064s] Level 1:colcon.colcon_core.package_discovery:discover_packages(colcon_meta) discover
[1.065s] Level 1:colcon.colcon_core.package_discovery:discover_packages(recursive) discover
[1.065s] INFO:colcon.colcon_core.package_discovery:Crawling recursively for packages in '/home/indowings/scripts/2026-06-25/ros2_ws'
[1.066s] Level 1:colcon.colcon_core.package_identification:_identify(.) by extensions ['ignore', 'ignore_ament_install']
[1.067s] Level 1:colcon.colcon_core.package_identification:_identify(.) by extension 'ignore'
[1.067s] Level 1:colcon.colcon_core.package_identification:_identify(.) by extension 'ignore_ament_install'
[1.068s] Level 1:colcon.colcon_core.package_identification:_identify(.) by extensions ['colcon_pkg']
[1.069s] Level 1:colcon.colcon_core.package_identification:_identify(.) by extension 'colcon_pkg'
[1.070s] Level 1:colcon.colcon_core.package_identification:_identify(.) by extensions ['colcon_meta']
[1.070s] Level 1:colcon.colcon_core.package_identification:_identify(.) by extension 'colcon_meta'
[1.071s] Level 1:colcon.colcon_core.package_identification:_identify(.) by extensions ['ros']
[1.071s] Level 1:colcon.colcon_core.package_identification:_identify(.) by extension 'ros'
[1.240s] Level 1:colcon.colcon_core.package_identification:_identify(.) by extensions ['cmake', 'python']
[1.240s] Level 1:colcon.colcon_core.package_identification:_identify(.) by extension 'cmake'
[1.240s] Level 1:colcon.colcon_core.package_identification:_identify(.) by extension 'python'
[1.240s] Level 1:colcon.colcon_core.package_identification:_identify(.) by extensions ['python_setup_py']
[1.240s] Level 1:colcon.colcon_core.package_identification:_identify(.) by extension 'python_setup_py'
[1.241s] Level 1:colcon.colcon_core.package_identification:_identify(build) by extensions ['ignore', 'ignore_ament_install']
[1.241s] Level 1:colcon.colcon_core.package_identification:_identify(build) by extension 'ignore'
[1.241s] Level 1:colcon.colcon_core.package_identification:_identify(build) ignored
[1.242s] Level 1:colcon.colcon_core.package_identification:_identify(install) by extensions ['ignore', 'ignore_ament_install']
[1.243s] Level 1:colcon.colcon_core.package_identification:_identify(install) by extension 'ignore'
[1.243s] Level 1:colcon.colcon_core.package_identification:_identify(install) ignored
[1.244s] Level 1:colcon.colcon_core.package_identification:_identify(log) by extensions ['ignore', 'ignore_ament_install']
[1.245s] Level 1:colcon.colcon_core.package_identification:_identify(log) by extension 'ignore'
[1.245s] Level 1:colcon.colcon_core.package_identification:_identify(log) ignored
[1.246s] Level 1:colcon.colcon_core.package_identification:_identify(src) by extensions ['ignore', 'ignore_ament_install']
[1.247s] Level 1:colcon.colcon_core.package_identification:_identify(src) by extension 'ignore'
[1.247s] Level 1:colcon.colcon_core.package_identification:_identify(src) by extension 'ignore_ament_install'
[1.248s] Level 1:colcon.colcon_core.package_identification:_identify(src) by extensions ['colcon_pkg']
[1.248s] Level 1:colcon.colcon_core.package_identification:_identify(src) by extension 'colcon_pkg'
[1.248s] Level 1:colcon.colcon_core.package_identification:_identify(src) by extensions ['colcon_meta']
[1.248s] Level 1:colcon.colcon_core.package_identification:_identify(src) by extension 'colcon_meta'
[1.248s] Level 1:colcon.colcon_core.package_identification:_identify(src) by extensions ['ros']
[1.248s] Level 1:colcon.colcon_core.package_identification:_identify(src) by extension 'ros'
[1.249s] Level 1:colcon.colcon_core.package_identification:_identify(src) by extensions ['cmake', 'python']
[1.249s] Level 1:colcon.colcon_core.package_identification:_identify(src) by extension 'cmake'
[1.249s] Level 1:colcon.colcon_core.package_identification:_identify(src) by extension 'python'
[1.249s] Level 1:colcon.colcon_core.package_identification:_identify(src) by extensions ['python_setup_py']
[1.249s] Level 1:colcon.colcon_core.package_identification:_identify(src) by extension 'python_setup_py'
[1.250s] Level 1:colcon.colcon_core.package_identification:_identify(src/px4_mission) by extensions ['ignore', 'ignore_ament_install']
[1.250s] Level 1:colcon.colcon_core.package_identification:_identify(src/px4_mission) by extension 'ignore'
[1.250s] Level 1:colcon.colcon_core.package_identification:_identify(src/px4_mission) by extension 'ignore_ament_install'
[1.251s] Level 1:colcon.colcon_core.package_identification:_identify(src/px4_mission) by extensions ['colcon_pkg']
[1.251s] Level 1:colcon.colcon_core.package_identification:_identify(src/px4_mission) by extension 'colcon_pkg'
[1.251s] Level 1:colcon.colcon_core.package_identification:_identify(src/px4_mission) by extensions ['colcon_meta']
[1.251s] Level 1:colcon.colcon_core.package_identification:_identify(src/px4_mission) by extension 'colcon_meta'
[1.251s] Level 1:colcon.colcon_core.package_identification:_identify(src/px4_mission) by extensions ['ros']
[1.252s] Level 1:colcon.colcon_core.package_identification:_identify(src/px4_mission) by extension 'ros'
[1.260s] DEBUG:colcon.colcon_core.package_identification:Package 'src/px4_mission' with type 'ros.ament_python' and name 'px4_mission'
[1.261s] Level 1:colcon.colcon_core.package_identification:_identify(src/px4_msgs) by extensions ['ignore', 'ignore_ament_install']
[1.262s] Level 1:colcon.colcon_core.package_identification:_identify(src/px4_msgs) by extension 'ignore'
[1.262s] Level 1:colcon.colcon_core.package_identification:_identify(src/px4_msgs) by extension 'ignore_ament_install'
[1.263s] Level 1:colcon.colcon_core.package_identification:_identify(src/px4_msgs) by extensions ['colcon_pkg']
[1.263s] Level 1:colcon.colcon_core.package_identification:_identify(src/px4_msgs) by extension 'colcon_pkg'
[1.264s] Level 1:colcon.colcon_core.package_identification:_identify(src/px4_msgs) by extensions ['colcon_meta']
[1.264s] Level 1:colcon.colcon_core.package_identification:_identify(src/px4_msgs) by extension 'colcon_meta'
[1.265s] Level 1:colcon.colcon_core.package_identification:_identify(src/px4_msgs) by extensions ['ros']
[1.265s] Level 1:colcon.colcon_core.package_identification:_identify(src/px4_msgs) by extension 'ros'
[1.269s] DEBUG:colcon.colcon_core.package_identification:Package 'src/px4_msgs' with type 'ros.ament_cmake' and name 'px4_msgs'
[1.269s] Level 1:colcon.colcon_core.package_identification:_identify(src/px4_ros_com) by extensions ['ignore', 'ignore_ament_install']
[1.270s] Level 1:colcon.colcon_core.package_identification:_identify(src/px4_ros_com) by extension 'ignore'
[1.271s] Level 1:colcon.colcon_core.package_identification:_identify(src/px4_ros_com) by extension 'ignore_ament_install'
[1.271s] Level 1:colcon.colcon_core.package_identification:_identify(src/px4_ros_com) by extensions ['colcon_pkg']
[1.271s] Level 1:colcon.colcon_core.package_identification:_identify(src/px4_ros_com) by extension 'colcon_pkg'
[1.272s] Level 1:colcon.colcon_core.package_identification:_identify(src/px4_ros_com) by extensions ['colcon_meta']
[1.272s] Level 1:colcon.colcon_core.package_identification:_identify(src/px4_ros_com) by extension 'colcon_meta'
[1.272s] Level 1:colcon.colcon_core.package_identification:_identify(src/px4_ros_com) by extensions ['ros']
[1.272s] Level 1:colcon.colcon_core.package_identification:_identify(src/px4_ros_com) by extension 'ros'
[1.278s] DEBUG:colcon.colcon_core.package_identification:Package 'src/px4_ros_com' with type 'ros.ament_cmake' and name 'px4_ros_com'
[1.278s] Level 1:colcon.colcon_core.package_discovery:discover_packages(recursive) using defaults
[1.279s] Level 1:colcon.colcon_core.package_discovery:discover_packages(ignore) discover
[1.279s] Level 1:colcon.colcon_core.package_discovery:discover_packages(ignore) using defaults
[1.279s] Level 1:colcon.colcon_core.package_discovery:discover_packages(path) discover
[1.279s] Level 1:colcon.colcon_core.package_discovery:discover_packages(path) using defaults
[1.374s] Level 1:colcon.colcon_core.package_discovery:discover_packages(prefix_path) check parameters
[1.374s] Level 1:colcon.colcon_core.package_discovery:discover_packages(prefix_path) discover
[1.384s] DEBUG:colcon.colcon_installed_package_information.package_discovery:Found 3 installed packages in /home/indowings/scripts/2026-06-25/ros2_ws/install
[1.391s] DEBUG:colcon.colcon_installed_package_information.package_discovery:Found 281 installed packages in /opt/ros/humble
[1.400s] Level 1:colcon.colcon_core.package_discovery:discover_packages(prefix_path) using defaults
[1.727s] Level 5:colcon.colcon_core.verb:set package 'px4_mission' build argument 'cmake_args' from command line to 'None'
[1.728s] Level 5:colcon.colcon_core.verb:set package 'px4_mission' build argument 'cmake_target' from command line to 'None'
[1.728s] Level 5:colcon.colcon_core.verb:set package 'px4_mission' build argument 'cmake_target_skip_unavailable' from command line to 'False'
[1.728s] Level 5:colcon.colcon_core.verb:set package 'px4_mission' build argument 'cmake_clean_cache' from command line to 'False'
[1.728s] Level 5:colcon.colcon_core.verb:set package 'px4_mission' build argument 'cmake_clean_first' from command line to 'False'
[1.728s] Level 5:colcon.colcon_core.verb:set package 'px4_mission' build argument 'cmake_force_configure' from command line to 'False'
[1.728s] Level 5:colcon.colcon_core.verb:set package 'px4_mission' build argument 'ament_cmake_args' from command line to 'None'
[1.728s] Level 5:colcon.colcon_core.verb:set package 'px4_mission' build argument 'catkin_cmake_args' from command line to 'None'
[1.728s] Level 5:colcon.colcon_core.verb:set package 'px4_mission' build argument 'catkin_skip_building_tests' from command line to 'False'
[1.728s] DEBUG:colcon.colcon_core.verb:Building package 'px4_mission' with the following arguments: {'ament_cmake_args': None, 'build_base': '/home/indowings/scripts/2026-06-25/ros2_ws/build/px4_mission', 'catkin_cmake_args': None, 'catkin_skip_building_tests': False, 'cmake_args': None, 'cmake_clean_cache': False, 'cmake_clean_first': False, 'cmake_force_configure': False, 'cmake_target': None, 'cmake_target_skip_unavailable': False, 'install_base': '/home/indowings/scripts/2026-06-25/ros2_ws/install/px4_mission', 'merge_install': False, 'path': '/home/indowings/scripts/2026-06-25/ros2_ws/src/px4_mission', 'symlink_install': False, 'test_result_base': None}
[1.730s] Level 5:colcon.colcon_core.verb:set package 'px4_msgs' build argument 'cmake_args' from command line to 'None'
[1.731s] Level 5:colcon.colcon_core.verb:set package 'px4_msgs' build argument 'cmake_target' from command line to 'None'
[1.731s] Level 5:colcon.colcon_core.verb:set package 'px4_msgs' build argument 'cmake_target_skip_unavailable' from command line to 'False'
[1.731s] Level 5:colcon.colcon_core.verb:set package 'px4_msgs' build argument 'cmake_clean_cache' from command line to 'False'
[1.731s] Level 5:colcon.colcon_core.verb:set package 'px4_msgs' build argument 'cmake_clean_first' from command line to 'False'
[1.732s] Level 5:colcon.colcon_core.verb:set package 'px4_msgs' build argument 'cmake_force_configure' from command line to 'False'
[1.732s] Level 5:colcon.colcon_core.verb:set package 'px4_msgs' build argument 'ament_cmake_args' from command line to 'None'
[1.732s] Level 5:colcon.colcon_core.verb:set package 'px4_msgs' build argument 'catkin_cmake_args' from command line to 'None'
[1.732s] Level 5:colcon.colcon_core.verb:set package 'px4_msgs' build argument 'catkin_skip_building_tests' from command line to 'False'
[1.732s] DEBUG:colcon.colcon_core.verb:Building package 'px4_msgs' with the following arguments: {'ament_cmake_args': None, 'build_base': '/home/indowings/scripts/2026-06-25/ros2_ws/build/px4_msgs', 'catkin_cmake_args': None, 'catkin_skip_building_tests': False, 'cmake_args': None, 'cmake_clean_cache': False, 'cmake_clean_first': False, 'cmake_force_configure': False, 'cmake_target': None, 'cmake_target_skip_unavailable': False, 'install_base': '/home/indowings/scripts/2026-06-25/ros2_ws/install/px4_msgs', 'merge_install': False, 'path': '/home/indowings/scripts/2026-06-25/ros2_ws/src/px4_msgs', 'symlink_install': False, 'test_result_base': None}
[1.734s] Level 5:colcon.colcon_core.verb:set package 'px4_ros_com' build argument 'cmake_args' from command line to 'None'
[1.735s] Level 5:colcon.colcon_core.verb:set package 'px4_ros_com' build argument 'cmake_target' from command line to 'None'
[1.735s] Level 5:colcon.colcon_core.verb:set package 'px4_ros_com' build argument 'cmake_target_skip_unavailable' from command line to 'False'
[1.735s] Level 5:colcon.colcon_core.verb:set package 'px4_ros_com' build argument 'cmake_clean_cache' from command line to 'False'
[1.736s] Level 5:colcon.colcon_core.verb:set package 'px4_ros_com' build argument 'cmake_clean_first' from command line to 'False'
[1.736s] Level 5:colcon.colcon_core.verb:set package 'px4_ros_com' build argument 'cmake_force_configure' from command line to 'False'
[1.736s] Level 5:colcon.colcon_core.verb:set package 'px4_ros_com' build argument 'ament_cmake_args' from command line to 'None'
[1.736s] Level 5:colcon.colcon_core.verb:set package 'px4_ros_com' build argument 'catkin_cmake_args' from command line to 'None'
[1.737s] Level 5:colcon.colcon_core.verb:set package 'px4_ros_com' build argument 'catkin_skip_building_tests' from command line to 'False'
[1.737s] DEBUG:colcon.colcon_core.verb:Building package 'px4_ros_com' with the following arguments: {'ament_cmake_args': None, 'build_base': '/home/indowings/scripts/2026-06-25/ros2_ws/build/px4_ros_com', 'catkin_cmake_args': None, 'catkin_skip_building_tests': False, 'cmake_args': None, 'cmake_clean_cache': False, 'cmake_clean_first': False, 'cmake_force_configure': False, 'cmake_target': None, 'cmake_target_skip_unavailable': False, 'install_base': '/home/indowings/scripts/2026-06-25/ros2_ws/install/px4_ros_com', 'merge_install': False, 'path': '/home/indowings/scripts/2026-06-25/ros2_ws/src/px4_ros_com', 'symlink_install': False, 'test_result_base': None}
[1.738s] INFO:colcon.colcon_core.executor:Executing jobs using 'parallel' executor
[1.743s] DEBUG:colcon.colcon_parallel_executor.executor.parallel:run_until_complete
[1.744s] INFO:colcon.colcon_ros.task.ament_cmake.build:Building ROS package in '/home/indowings/scripts/2026-06-25/ros2_ws/src/px4_msgs' with build type 'ament_cmake'
[1.744s] INFO:colcon.colcon_cmake.task.cmake.build:Building CMake package in '/home/indowings/scripts/2026-06-25/ros2_ws/src/px4_msgs'
[1.760s] INFO:colcon.colcon_core.plugin_system:Skipping extension 'colcon_core.shell.bat': Not used on non-Windows systems
[1.761s] INFO:colcon.colcon_core.shell:Skip shell extension 'powershell' for command environment: Not usable outside of PowerShell
[1.761s] DEBUG:colcon.colcon_core.shell:Skip shell extension 'dsv' for command environment
[1.780s] INFO:colcon.colcon_ros.task.ament_python.build:Building ROS package in '/home/indowings/scripts/2026-06-25/ros2_ws/src/px4_mission' with build type 'ament_python'
[1.781s] Level 1:colcon.colcon_core.shell:create_environment_hook('px4_mission', 'ament_prefix_path')
[1.783s] INFO:colcon.colcon_core.shell:Creating environment hook '/home/indowings/scripts/2026-06-25/ros2_ws/install/px4_mission/share/px4_mission/hook/ament_prefix_path.ps1'
[1.790s] INFO:colcon.colcon_core.shell:Creating environment descriptor '/home/indowings/scripts/2026-06-25/ros2_ws/install/px4_mission/share/px4_mission/hook/ament_prefix_path.dsv'
[1.793s] INFO:colcon.colcon_core.shell:Creating environment hook '/home/indowings/scripts/2026-06-25/ros2_ws/install/px4_mission/share/px4_mission/hook/ament_prefix_path.sh'
[1.799s] INFO:colcon.colcon_core.shell:Skip shell extension 'powershell' for command environment: Not usable outside of PowerShell
[1.799s] DEBUG:colcon.colcon_core.shell:Skip shell extension 'dsv' for command environment
[1.829s] DEBUG:colcon.colcon_core.event_handler.log_command:Invoking command in '/home/indowings/scripts/2026-06-25/ros2_ws/build/px4_msgs': CMAKE_PREFIX_PATH=${CMAKE_PREFIX_PATH}:/home/indowings/scripts/2026-06-25/ros2_ws/install/px4_mission:/opt/ros/humble /usr/bin/cmake /home/indowings/scripts/2026-06-25/ros2_ws/src/px4_msgs -DCMAKE_INSTALL_PREFIX=/home/indowings/scripts/2026-06-25/ros2_ws/install/px4_msgs
[3.196s] INFO:colcon.colcon_core.task.python.build:Building Python package in '/home/indowings/scripts/2026-06-25/ros2_ws/src/px4_mission'
[3.198s] INFO:colcon.colcon_core.shell:Skip shell extension 'powershell' for command environment: Not usable outside of PowerShell
[3.199s] DEBUG:colcon.colcon_core.shell:Skip shell extension 'dsv' for command environment
[6.501s] DEBUG:colcon.colcon_core.task.python.build:Available setuptools commands: install, install_lib, clean, bdist_wheel, build_ext, build, extract_messages, build_scripts, develop, update_catalog, bdist_dumb, setopt, init_catalog, rotate, build_py, saveopts, bdist, install_egg_info, egg_info, bdist_rpm, bdist_egg, symlink_data, editable_wheel, install_data, install_scripts, check, easy_install, build_clib, compile_catalog, alias, dist_info, sdist, install_headers
[6.515s] DEBUG:colcon.colcon_core.event_handler.log_command:Invoking command in '/home/indowings/scripts/2026-06-25/ros2_ws/src/px4_mission': PYTHONPATH=/home/indowings/scripts/2026-06-25/ros2_ws/build/px4_mission/prefix_override:/home/indowings/.local/lib/python3.10/site-packages/colcon_core/task/python/colcon_distutils_commands:/home/indowings/scripts/2026-06-25/ros2_ws/install/px4_mission/lib/python3.10/site-packages:${PYTHONPATH} /usr/bin/python3 -W ignore:setup.py install is deprecated -W ignore:easy_install command is deprecated setup.py egg_info --egg-base ../../build/px4_mission build --build-base /home/indowings/scripts/2026-06-25/ros2_ws/build/px4_mission/build install --record /home/indowings/scripts/2026-06-25/ros2_ws/build/px4_mission/install.log --install-scripts $base/lib/px4_mission --single-version-externally-managed install_data
[9.933s] DEBUG:colcon.colcon_core.event_handler.log_command:Invoked command in '/home/indowings/scripts/2026-06-25/ros2_ws/src/px4_mission' returned '0': PYTHONPATH=/home/indowings/scripts/2026-06-25/ros2_ws/build/px4_mission/prefix_override:/home/indowings/.local/lib/python3.10/site-packages/colcon_core/task/python/colcon_distutils_commands:/home/indowings/scripts/2026-06-25/ros2_ws/install/px4_mission/lib/python3.10/site-packages:${PYTHONPATH} /usr/bin/python3 -W ignore:setup.py install is deprecated -W ignore:easy_install command is deprecated setup.py egg_info --egg-base ../../build/px4_mission build --build-base /home/indowings/scripts/2026-06-25/ros2_ws/build/px4_mission/build install --record /home/indowings/scripts/2026-06-25/ros2_ws/build/px4_mission/install.log --install-scripts $base/lib/px4_mission --single-version-externally-managed install_data
[9.949s] Level 1:colcon.colcon_core.environment:checking '/home/indowings/scripts/2026-06-25/ros2_ws/install/px4_mission' for CMake module files
[9.951s] Level 1:colcon.colcon_core.environment:checking '/home/indowings/scripts/2026-06-25/ros2_ws/install/px4_mission' for CMake config files
[9.953s] Level 1:colcon.colcon_core.environment:checking '/home/indowings/scripts/2026-06-25/ros2_ws/install/px4_mission/lib'
[9.955s] Level 1:colcon.colcon_core.environment:checking '/home/indowings/scripts/2026-06-25/ros2_ws/install/px4_mission/bin'
[9.955s] Level 1:colcon.colcon_core.environment:checking '/home/indowings/scripts/2026-06-25/ros2_ws/install/px4_mission/lib/pkgconfig/px4_mission.pc'
[9.957s] Level 1:colcon.colcon_core.environment:checking '/home/indowings/scripts/2026-06-25/ros2_ws/install/px4_mission/lib/python3.10/site-packages'
[9.957s] Level 1:colcon.colcon_core.shell:create_environment_hook('px4_mission', 'pythonpath')
[9.959s] INFO:colcon.colcon_core.shell:Creating environment hook '/home/indowings/scripts/2026-06-25/ros2_ws/install/px4_mission/share/px4_mission/hook/pythonpath.ps1'
[9.960s] INFO:colcon.colcon_core.shell:Creating environment descriptor '/home/indowings/scripts/2026-06-25/ros2_ws/install/px4_mission/share/px4_mission/hook/pythonpath.dsv'
[9.961s] INFO:colcon.colcon_core.shell:Creating environment hook '/home/indowings/scripts/2026-06-25/ros2_ws/install/px4_mission/share/px4_mission/hook/pythonpath.sh'
[9.965s] Level 1:colcon.colcon_core.environment:checking '/home/indowings/scripts/2026-06-25/ros2_ws/install/px4_mission/bin'
[9.966s] Level 1:colcon.colcon_core.environment:create_environment_scripts_only(px4_mission)
[9.970s] INFO:colcon.colcon_core.shell:Creating package script '/home/indowings/scripts/2026-06-25/ros2_ws/install/px4_mission/share/px4_mission/package.ps1'
[9.980s] INFO:colcon.colcon_core.shell:Creating package descriptor '/home/indowings/scripts/2026-06-25/ros2_ws/install/px4_mission/share/px4_mission/package.dsv'
[9.984s] INFO:colcon.colcon_core.shell:Creating package script '/home/indowings/scripts/2026-06-25/ros2_ws/install/px4_mission/share/px4_mission/package.sh'
[9.987s] INFO:colcon.colcon_core.shell:Creating package script '/home/indowings/scripts/2026-06-25/ros2_ws/install/px4_mission/share/px4_mission/package.bash'
[9.989s] INFO:colcon.colcon_core.shell:Creating package script '/home/indowings/scripts/2026-06-25/ros2_ws/install/px4_mission/share/px4_mission/package.zsh'
[9.991s] Level 1:colcon.colcon_core.environment:create_file_with_runtime_dependencies(/home/indowings/scripts/2026-06-25/ros2_ws/install/px4_mission/share/colcon-core/packages/px4_mission)
[23.740s] DEBUG:colcon.colcon_core.event_handler.log_command:Invoked command in '/home/indowings/scripts/2026-06-25/ros2_ws/build/px4_msgs' returned '0': CMAKE_PREFIX_PATH=${CMAKE_PREFIX_PATH}:/home/indowings/scripts/2026-06-25/ros2_ws/install/px4_mission:/opt/ros/humble /usr/bin/cmake /home/indowings/scripts/2026-06-25/ros2_ws/src/px4_msgs -DCMAKE_INSTALL_PREFIX=/home/indowings/scripts/2026-06-25/ros2_ws/install/px4_msgs
[23.747s] DEBUG:colcon.colcon_core.event_handler.log_command:Invoking command in '/home/indowings/scripts/2026-06-25/ros2_ws/build/px4_msgs': CMAKE_PREFIX_PATH=${CMAKE_PREFIX_PATH}:/home/indowings/scripts/2026-06-25/ros2_ws/install/px4_mission:/opt/ros/humble /usr/bin/cmake --build /home/indowings/scripts/2026-06-25/ros2_ws/build/px4_msgs -- -j8 -l8
[46.076s] DEBUG:colcon.colcon_core.event_handler.log_command:Invoked command in '/home/indowings/scripts/2026-06-25/ros2_ws/build/px4_msgs' returned '0': CMAKE_PREFIX_PATH=${CMAKE_PREFIX_PATH}:/home/indowings/scripts/2026-06-25/ros2_ws/install/px4_mission:/opt/ros/humble /usr/bin/cmake --build /home/indowings/scripts/2026-06-25/ros2_ws/build/px4_msgs -- -j8 -l8
[46.128s] DEBUG:colcon.colcon_core.event_handler.log_command:Invoking command in '/home/indowings/scripts/2026-06-25/ros2_ws/build/px4_msgs': CMAKE_PREFIX_PATH=${CMAKE_PREFIX_PATH}:/home/indowings/scripts/2026-06-25/ros2_ws/install/px4_mission:/opt/ros/humble /usr/bin/cmake --install /home/indowings/scripts/2026-06-25/ros2_ws/build/px4_msgs
[50.120s] Level 1:colcon.colcon_core.environment:create_environment_scripts_only(px4_msgs)
[50.121s] Level 1:colcon.colcon_core.environment:checking '/home/indowings/scripts/2026-06-25/ros2_ws/install/px4_msgs' for CMake module files
[50.123s] DEBUG:colcon.colcon_core.event_handler.log_command:Invoked command in '/home/indowings/scripts/2026-06-25/ros2_ws/build/px4_msgs' returned '0': CMAKE_PREFIX_PATH=${CMAKE_PREFIX_PATH}:/home/indowings/scripts/2026-06-25/ros2_ws/install/px4_mission:/opt/ros/humble /usr/bin/cmake --install /home/indowings/scripts/2026-06-25/ros2_ws/build/px4_msgs
[50.124s] Level 1:colcon.colcon_core.environment:checking '/home/indowings/scripts/2026-06-25/ros2_ws/install/px4_msgs' for CMake config files
[50.141s] Level 1:colcon.colcon_core.shell:create_environment_hook('px4_msgs', 'cmake_prefix_path')
[50.143s] INFO:colcon.colcon_core.shell:Creating environment hook '/home/indowings/scripts/2026-06-25/ros2_ws/install/px4_msgs/share/px4_msgs/hook/cmake_prefix_path.ps1'
[50.147s] INFO:colcon.colcon_core.shell:Creating environment descriptor '/home/indowings/scripts/2026-06-25/ros2_ws/install/px4_msgs/share/px4_msgs/hook/cmake_prefix_path.dsv'
[50.151s] INFO:colcon.colcon_core.shell:Creating environment hook '/home/indowings/scripts/2026-06-25/ros2_ws/install/px4_msgs/share/px4_msgs/hook/cmake_prefix_path.sh'
[50.157s] Level 1:colcon.colcon_core.environment:checking '/home/indowings/scripts/2026-06-25/ros2_ws/install/px4_msgs/lib'
[50.157s] Level 1:colcon.colcon_core.shell:create_environment_hook('px4_msgs', 'ld_library_path_lib')
[50.158s] INFO:colcon.colcon_core.shell:Creating environment hook '/home/indowings/scripts/2026-06-25/ros2_ws/install/px4_msgs/share/px4_msgs/hook/ld_library_path_lib.ps1'
[50.159s] INFO:colcon.colcon_core.shell:Creating environment descriptor '/home/indowings/scripts/2026-06-25/ros2_ws/install/px4_msgs/share/px4_msgs/hook/ld_library_path_lib.dsv'
[50.161s] INFO:colcon.colcon_core.shell:Creating environment hook '/home/indowings/scripts/2026-06-25/ros2_ws/install/px4_msgs/share/px4_msgs/hook/ld_library_path_lib.sh'
[50.165s] Level 1:colcon.colcon_core.environment:checking '/home/indowings/scripts/2026-06-25/ros2_ws/install/px4_msgs/bin'
[50.166s] Level 1:colcon.colcon_core.environment:checking '/home/indowings/scripts/2026-06-25/ros2_ws/install/px4_msgs/lib/pkgconfig/px4_msgs.pc'
[50.168s] Level 1:colcon.colcon_core.environment:checking '/home/indowings/scripts/2026-06-25/ros2_ws/install/px4_msgs/lib/python3.10/site-packages'
[50.170s] Level 1:colcon.colcon_core.environment:checking '/home/indowings/scripts/2026-06-25/ros2_ws/install/px4_msgs/bin'
[50.172s] INFO:colcon.colcon_core.shell:Creating package script '/home/indowings/scripts/2026-06-25/ros2_ws/install/px4_msgs/share/px4_msgs/package.ps1'
[50.175s] INFO:colcon.colcon_core.shell:Creating package descriptor '/home/indowings/scripts/2026-06-25/ros2_ws/install/px4_msgs/share/px4_msgs/package.dsv'
[50.176s] INFO:colcon.colcon_core.shell:Creating package script '/home/indowings/scripts/2026-06-25/ros2_ws/install/px4_msgs/share/px4_msgs/package.sh'
[50.180s] INFO:colcon.colcon_core.shell:Creating package script '/home/indowings/scripts/2026-06-25/ros2_ws/install/px4_msgs/share/px4_msgs/package.bash'
[50.183s] INFO:colcon.colcon_core.shell:Creating package script '/home/indowings/scripts/2026-06-25/ros2_ws/install/px4_msgs/share/px4_msgs/package.zsh'
[50.187s] Level 1:colcon.colcon_core.environment:create_file_with_runtime_dependencies(/home/indowings/scripts/2026-06-25/ros2_ws/install/px4_msgs/share/colcon-core/packages/px4_msgs)
[50.191s] Level 1:colcon.colcon_core.environment:create_environment_scripts_only(px4_msgs)
[50.192s] Level 1:colcon.colcon_core.environment:checking '/home/indowings/scripts/2026-06-25/ros2_ws/install/px4_msgs' for CMake module files
[50.194s] Level 1:colcon.colcon_core.environment:checking '/home/indowings/scripts/2026-06-25/ros2_ws/install/px4_msgs' for CMake config files
[50.208s] Level 1:colcon.colcon_core.shell:create_environment_hook('px4_msgs', 'cmake_prefix_path')
[50.209s] INFO:colcon.colcon_core.shell:Creating environment hook '/home/indowings/scripts/2026-06-25/ros2_ws/install/px4_msgs/share/px4_msgs/hook/cmake_prefix_path.ps1'
[50.211s] INFO:colcon.colcon_core.shell:Creating environment descriptor '/home/indowings/scripts/2026-06-25/ros2_ws/install/px4_msgs/share/px4_msgs/hook/cmake_prefix_path.dsv'
[50.214s] INFO:colcon.colcon_core.shell:Creating environment hook '/home/indowings/scripts/2026-06-25/ros2_ws/install/px4_msgs/share/px4_msgs/hook/cmake_prefix_path.sh'
[50.219s] Level 1:colcon.colcon_core.environment:checking '/home/indowings/scripts/2026-06-25/ros2_ws/install/px4_msgs/lib'
[50.219s] Level 1:colcon.colcon_core.shell:create_environment_hook('px4_msgs', 'ld_library_path_lib')
[50.220s] INFO:colcon.colcon_core.shell:Creating environment hook '/home/indowings/scripts/2026-06-25/ros2_ws/install/px4_msgs/share/px4_msgs/hook/ld_library_path_lib.ps1'
[50.223s] INFO:colcon.colcon_core.shell:Creating environment descriptor '/home/indowings/scripts/2026-06-25/ros2_ws/install/px4_msgs/share/px4_msgs/hook/ld_library_path_lib.dsv'
[50.224s] INFO:colcon.colcon_core.shell:Creating environment hook '/home/indowings/scripts/2026-06-25/ros2_ws/install/px4_msgs/share/px4_msgs/hook/ld_library_path_lib.sh'
[50.225s] Level 1:colcon.colcon_core.environment:checking '/home/indowings/scripts/2026-06-25/ros2_ws/install/px4_msgs/bin'
[50.226s] Level 1:colcon.colcon_core.environment:checking '/home/indowings/scripts/2026-06-25/ros2_ws/install/px4_msgs/lib/pkgconfig/px4_msgs.pc'
[50.227s] Level 1:colcon.colcon_core.environment:checking '/home/indowings/scripts/2026-06-25/ros2_ws/install/px4_msgs/lib/python3.10/site-packages'
[50.230s] Level 1:colcon.colcon_core.environment:checking '/home/indowings/scripts/2026-06-25/ros2_ws/install/px4_msgs/bin'
[50.232s] INFO:colcon.colcon_core.shell:Creating package script '/home/indowings/scripts/2026-06-25/ros2_ws/install/px4_msgs/share/px4_msgs/package.ps1'
[50.236s] INFO:colcon.colcon_core.shell:Creating package descriptor '/home/indowings/scripts/2026-06-25/ros2_ws/install/px4_msgs/share/px4_msgs/package.dsv'
[50.239s] INFO:colcon.colcon_core.shell:Creating package script '/home/indowings/scripts/2026-06-25/ros2_ws/install/px4_msgs/share/px4_msgs/package.sh'
[50.241s] INFO:colcon.colcon_core.shell:Creating package script '/home/indowings/scripts/2026-06-25/ros2_ws/install/px4_msgs/share/px4_msgs/package.bash'
[50.242s] INFO:colcon.colcon_core.shell:Creating package script '/home/indowings/scripts/2026-06-25/ros2_ws/install/px4_msgs/share/px4_msgs/package.zsh'
[50.245s] Level 1:colcon.colcon_core.environment:create_file_with_runtime_dependencies(/home/indowings/scripts/2026-06-25/ros2_ws/install/px4_msgs/share/colcon-core/packages/px4_msgs)
[50.248s] INFO:colcon.colcon_ros.task.ament_cmake.build:Building ROS package in '/home/indowings/scripts/2026-06-25/ros2_ws/src/px4_ros_com' with build type 'ament_cmake'
[50.249s] INFO:colcon.colcon_cmake.task.cmake.build:Building CMake package in '/home/indowings/scripts/2026-06-25/ros2_ws/src/px4_ros_com'
[50.250s] INFO:colcon.colcon_core.shell:Skip shell extension 'powershell' for command environment: Not usable outside of PowerShell
[50.251s] DEBUG:colcon.colcon_core.shell:Skip shell extension 'dsv' for command environment
[50.297s] DEBUG:colcon.colcon_core.event_handler.log_command:Invoking command in '/home/indowings/scripts/2026-06-25/ros2_ws/build/px4_ros_com': CMAKE_PREFIX_PATH=/home/indowings/scripts/2026-06-25/ros2_ws/install/px4_msgs:/home/indowings/scripts/2026-06-25/ros2_ws/install/px4_ros_com:/home/indowings/scripts/2026-06-25/ros2_ws/install/px4_mission:/opt/ros/humble LD_LIBRARY_PATH=/home/indowings/scripts/2026-06-25/ros2_ws/install/px4_msgs/lib:/home/indowings/scripts/2026-06-25/ros2_ws/install/px4_ros_com/lib:/opt/ros/humble/opt/rviz_ogre_vendor/lib:/opt/ros/humble/lib/x86_64-linux-gnu:/opt/ros/humble/lib /usr/bin/cmake /home/indowings/scripts/2026-06-25/ros2_ws/src/px4_ros_com -DCMAKE_INSTALL_PREFIX=/home/indowings/scripts/2026-06-25/ros2_ws/install/px4_ros_com
[53.343s] DEBUG:colcon.colcon_core.event_handler.log_command:Invoked command in '/home/indowings/scripts/2026-06-25/ros2_ws/build/px4_ros_com' returned '0': CMAKE_PREFIX_PATH=/home/indowings/scripts/2026-06-25/ros2_ws/install/px4_msgs:/home/indowings/scripts/2026-06-25/ros2_ws/install/px4_ros_com:/home/indowings/scripts/2026-06-25/ros2_ws/install/px4_mission:/opt/ros/humble LD_LIBRARY_PATH=/home/indowings/scripts/2026-06-25/ros2_ws/install/px4_msgs/lib:/home/indowings/scripts/2026-06-25/ros2_ws/install/px4_ros_com/lib:/opt/ros/humble/opt/rviz_ogre_vendor/lib:/opt/ros/humble/lib/x86_64-linux-gnu:/opt/ros/humble/lib /usr/bin/cmake /home/indowings/scripts/2026-06-25/ros2_ws/src/px4_ros_com -DCMAKE_INSTALL_PREFIX=/home/indowings/scripts/2026-06-25/ros2_ws/install/px4_ros_com
[53.350s] DEBUG:colcon.colcon_core.event_handler.log_command:Invoking command in '/home/indowings/scripts/2026-06-25/ros2_ws/build/px4_ros_com': CMAKE_PREFIX_PATH=/home/indowings/scripts/2026-06-25/ros2_ws/install/px4_msgs:/home/indowings/scripts/2026-06-25/ros2_ws/install/px4_ros_com:/home/indowings/scripts/2026-06-25/ros2_ws/install/px4_mission:/opt/ros/humble LD_LIBRARY_PATH=/home/indowings/scripts/2026-06-25/ros2_ws/install/px4_msgs/lib:/home/indowings/scripts/2026-06-25/ros2_ws/install/px4_ros_com/lib:/opt/ros/humble/opt/rviz_ogre_vendor/lib:/opt/ros/humble/lib/x86_64-linux-gnu:/opt/ros/humble/lib /usr/bin/cmake --build /home/indowings/scripts/2026-06-25/ros2_ws/build/px4_ros_com -- -j8 -l8
[56.655s] DEBUG:colcon.colcon_core.event_handler.log_command:Invoked command in '/home/indowings/scripts/2026-06-25/ros2_ws/build/px4_ros_com' returned '0': CMAKE_PREFIX_PATH=/home/indowings/scripts/2026-06-25/ros2_ws/install/px4_msgs:/home/indowings/scripts/2026-06-25/ros2_ws/install/px4_ros_com:/home/indowings/scripts/2026-06-25/ros2_ws/install/px4_mission:/opt/ros/humble LD_LIBRARY_PATH=/home/indowings/scripts/2026-06-25/ros2_ws/install/px4_msgs/lib:/home/indowings/scripts/2026-06-25/ros2_ws/install/px4_ros_com/lib:/opt/ros/humble/opt/rviz_ogre_vendor/lib:/opt/ros/humble/lib/x86_64-linux-gnu:/opt/ros/humble/lib /usr/bin/cmake --build /home/indowings/scripts/2026-06-25/ros2_ws/build/px4_ros_com -- -j8 -l8
[56.659s] DEBUG:colcon.colcon_core.event_handler.log_command:Invoking command in '/home/indowings/scripts/2026-06-25/ros2_ws/build/px4_ros_com': CMAKE_PREFIX_PATH=/home/indowings/scripts/2026-06-25/ros2_ws/install/px4_msgs:/home/indowings/scripts/2026-06-25/ros2_ws/install/px4_ros_com:/home/indowings/scripts/2026-06-25/ros2_ws/install/px4_mission:/opt/ros/humble LD_LIBRARY_PATH=/home/indowings/scripts/2026-06-25/ros2_ws/install/px4_msgs/lib:/home/indowings/scripts/2026-06-25/ros2_ws/install/px4_ros_com/lib:/opt/ros/humble/opt/rviz_ogre_vendor/lib:/opt/ros/humble/lib/x86_64-linux-gnu:/opt/ros/humble/lib /usr/bin/cmake --install /home/indowings/scripts/2026-06-25/ros2_ws/build/px4_ros_com
[57.025s] Level 1:colcon.colcon_core.environment:create_environment_scripts_only(px4_ros_com)
[57.028s] DEBUG:colcon.colcon_core.event_handler.log_command:Invoked command in '/home/indowings/scripts/2026-06-25/ros2_ws/build/px4_ros_com' returned '0': CMAKE_PREFIX_PATH=/home/indowings/scripts/2026-06-25/ros2_ws/install/px4_msgs:/home/indowings/scripts/2026-06-25/ros2_ws/install/px4_ros_com:/home/indowings/scripts/2026-06-25/ros2_ws/install/px4_mission:/opt/ros/humble LD_LIBRARY_PATH=/home/indowings/scripts/2026-06-25/ros2_ws/install/px4_msgs/lib:/home/indowings/scripts/2026-06-25/ros2_ws/install/px4_ros_com/lib:/opt/ros/humble/opt/rviz_ogre_vendor/lib:/opt/ros/humble/lib/x86_64-linux-gnu:/opt/ros/humble/lib /usr/bin/cmake --install /home/indowings/scripts/2026-06-25/ros2_ws/build/px4_ros_com
[57.031s] Level 1:colcon.colcon_core.environment:checking '/home/indowings/scripts/2026-06-25/ros2_ws/install/px4_ros_com' for CMake module files
[57.036s] Level 1:colcon.colcon_core.environment:checking '/home/indowings/scripts/2026-06-25/ros2_ws/install/px4_ros_com' for CMake config files
[57.038s] Level 1:colcon.colcon_core.shell:create_environment_hook('px4_ros_com', 'cmake_prefix_path')
[57.040s] INFO:colcon.colcon_core.shell:Creating environment hook '/home/indowings/scripts/2026-06-25/ros2_ws/install/px4_ros_com/share/px4_ros_com/hook/cmake_prefix_path.ps1'
[57.042s] INFO:colcon.colcon_core.shell:Creating environment descriptor '/home/indowings/scripts/2026-06-25/ros2_ws/install/px4_ros_com/share/px4_ros_com/hook/cmake_prefix_path.dsv'
[57.043s] INFO:colcon.colcon_core.shell:Creating environment hook '/home/indowings/scripts/2026-06-25/ros2_ws/install/px4_ros_com/share/px4_ros_com/hook/cmake_prefix_path.sh'
[57.046s] Level 1:colcon.colcon_core.environment:checking '/home/indowings/scripts/2026-06-25/ros2_ws/install/px4_ros_com/lib'
[57.047s] Level 1:colcon.colcon_core.shell:create_environment_hook('px4_ros_com', 'ld_library_path_lib')
[57.049s] INFO:colcon.colcon_core.shell:Creating environment hook '/home/indowings/scripts/2026-06-25/ros2_ws/install/px4_ros_com/share/px4_ros_com/hook/ld_library_path_lib.ps1'
[57.053s] INFO:colcon.colcon_core.shell:Creating environment descriptor '/home/indowings/scripts/2026-06-25/ros2_ws/install/px4_ros_com/share/px4_ros_com/hook/ld_library_path_lib.dsv'
[57.055s] INFO:colcon.colcon_core.shell:Creating environment hook '/home/indowings/scripts/2026-06-25/ros2_ws/install/px4_ros_com/share/px4_ros_com/hook/ld_library_path_lib.sh'
[57.059s] Level 1:colcon.colcon_core.environment:checking '/home/indowings/scripts/2026-06-25/ros2_ws/install/px4_ros_com/bin'
[57.060s] Level 1:colcon.colcon_core.environment:checking '/home/indowings/scripts/2026-06-25/ros2_ws/install/px4_ros_com/lib/pkgconfig/px4_ros_com.pc'
[57.061s] Level 1:colcon.colcon_core.environment:checking '/home/indowings/scripts/2026-06-25/ros2_ws/install/px4_ros_com/lib/python3.10/site-packages'
[57.062s] Level 1:colcon.colcon_core.environment:checking '/home/indowings/scripts/2026-06-25/ros2_ws/install/px4_ros_com/bin'
[57.064s] INFO:colcon.colcon_core.shell:Creating package script '/home/indowings/scripts/2026-06-25/ros2_ws/install/px4_ros_com/share/px4_ros_com/package.ps1'
[57.069s] INFO:colcon.colcon_core.shell:Creating package descriptor '/home/indowings/scripts/2026-06-25/ros2_ws/install/px4_ros_com/share/px4_ros_com/package.dsv'
[57.072s] INFO:colcon.colcon_core.shell:Creating package script '/home/indowings/scripts/2026-06-25/ros2_ws/install/px4_ros_com/share/px4_ros_com/package.sh'
[57.076s] INFO:colcon.colcon_core.shell:Creating package script '/home/indowings/scripts/2026-06-25/ros2_ws/install/px4_ros_com/share/px4_ros_com/package.bash'
[57.079s] INFO:colcon.colcon_core.shell:Creating package script '/home/indowings/scripts/2026-06-25/ros2_ws/install/px4_ros_com/share/px4_ros_com/package.zsh'
[57.080s] Level 1:colcon.colcon_core.environment:create_file_with_runtime_dependencies(/home/indowings/scripts/2026-06-25/ros2_ws/install/px4_ros_com/share/colcon-core/packages/px4_ros_com)
[57.083s] Level 1:colcon.colcon_core.environment:create_environment_scripts_only(px4_ros_com)
[57.085s] Level 1:colcon.colcon_core.environment:checking '/home/indowings/scripts/2026-06-25/ros2_ws/install/px4_ros_com' for CMake module files
[57.090s] Level 1:colcon.colcon_core.environment:checking '/home/indowings/scripts/2026-06-25/ros2_ws/install/px4_ros_com' for CMake config files
[57.092s] Level 1:colcon.colcon_core.shell:create_environment_hook('px4_ros_com', 'cmake_prefix_path')
[57.094s] INFO:colcon.colcon_core.shell:Creating environment hook '/home/indowings/scripts/2026-06-25/ros2_ws/install/px4_ros_com/share/px4_ros_com/hook/cmake_prefix_path.ps1'
[57.097s] INFO:colcon.colcon_core.shell:Creating environment descriptor '/home/indowings/scripts/2026-06-25/ros2_ws/install/px4_ros_com/share/px4_ros_com/hook/cmake_prefix_path.dsv'
[57.098s] INFO:colcon.colcon_core.shell:Creating environment hook '/home/indowings/scripts/2026-06-25/ros2_ws/install/px4_ros_com/share/px4_ros_com/hook/cmake_prefix_path.sh'
[57.099s] Level 1:colcon.colcon_core.environment:checking '/home/indowings/scripts/2026-06-25/ros2_ws/install/px4_ros_com/lib'
[57.100s] Level 1:colcon.colcon_core.shell:create_environment_hook('px4_ros_com', 'ld_library_path_lib')
[57.102s] INFO:colcon.colcon_core.shell:Creating environment hook '/home/indowings/scripts/2026-06-25/ros2_ws/install/px4_ros_com/share/px4_ros_com/hook/ld_library_path_lib.ps1'
[57.106s] INFO:colcon.colcon_core.shell:Creating environment descriptor '/home/indowings/scripts/2026-06-25/ros2_ws/install/px4_ros_com/share/px4_ros_com/hook/ld_library_path_lib.dsv'
[57.109s] INFO:colcon.colcon_core.shell:Creating environment hook '/home/indowings/scripts/2026-06-25/ros2_ws/install/px4_ros_com/share/px4_ros_com/hook/ld_library_path_lib.sh'
[57.113s] Level 1:colcon.colcon_core.environment:checking '/home/indowings/scripts/2026-06-25/ros2_ws/install/px4_ros_com/bin'
[57.114s] Level 1:colcon.colcon_core.environment:checking '/home/indowings/scripts/2026-06-25/ros2_ws/install/px4_ros_com/lib/pkgconfig/px4_ros_com.pc'
[57.115s] Level 1:colcon.colcon_core.environment:checking '/home/indowings/scripts/2026-06-25/ros2_ws/install/px4_ros_com/lib/python3.10/site-packages'
[57.116s] Level 1:colcon.colcon_core.environment:checking '/home/indowings/scripts/2026-06-25/ros2_ws/install/px4_ros_com/bin'
[57.118s] INFO:colcon.colcon_core.shell:Creating package script '/home/indowings/scripts/2026-06-25/ros2_ws/install/px4_ros_com/share/px4_ros_com/package.ps1'
[57.122s] INFO:colcon.colcon_core.shell:Creating package descriptor '/home/indowings/scripts/2026-06-25/ros2_ws/install/px4_ros_com/share/px4_ros_com/package.dsv'
[57.126s] INFO:colcon.colcon_core.shell:Creating package script '/home/indowings/scripts/2026-06-25/ros2_ws/install/px4_ros_com/share/px4_ros_com/package.sh'
[57.130s] INFO:colcon.colcon_core.shell:Creating package script '/home/indowings/scripts/2026-06-25/ros2_ws/install/px4_ros_com/share/px4_ros_com/package.bash'
[57.133s] INFO:colcon.colcon_core.shell:Creating package script '/home/indowings/scripts/2026-06-25/ros2_ws/install/px4_ros_com/share/px4_ros_com/package.zsh'
[57.136s] Level 1:colcon.colcon_core.environment:create_file_with_runtime_dependencies(/home/indowings/scripts/2026-06-25/ros2_ws/install/px4_ros_com/share/colcon-core/packages/px4_ros_com)
[57.138s] DEBUG:colcon.colcon_parallel_executor.executor.parallel:closing loop
[57.141s] DEBUG:colcon.colcon_parallel_executor.executor.parallel:loop closed
[57.142s] DEBUG:colcon.colcon_parallel_executor.executor.parallel:run_until_complete finished with '0'
[57.143s] DEBUG:colcon.colcon_core.event_reactor:joining thread
[57.172s] INFO:colcon.colcon_core.plugin_system:Skipping extension 'colcon_notification.desktop_notification.terminal_notifier': Not used on non-Darwin systems
[57.173s] INFO:colcon.colcon_core.plugin_system:Skipping extension 'colcon_notification.desktop_notification.win32': Not used on non-Windows systems
[57.173s] INFO:colcon.colcon_notification.desktop_notification:Sending desktop notification using 'notify2'
[57.240s] DEBUG:colcon.colcon_core.event_reactor:joined thread
[57.241s] INFO:colcon.colcon_core.shell:Creating prefix script '/home/indowings/scripts/2026-06-25/ros2_ws/install/local_setup.ps1'
[57.246s] INFO:colcon.colcon_core.shell:Creating prefix util module '/home/indowings/scripts/2026-06-25/ros2_ws/install/_local_setup_util_ps1.py'
[57.256s] INFO:colcon.colcon_core.shell:Creating prefix chain script '/home/indowings/scripts/2026-06-25/ros2_ws/install/setup.ps1'
[57.262s] INFO:colcon.colcon_core.shell:Creating prefix script '/home/indowings/scripts/2026-06-25/ros2_ws/install/local_setup.sh'
[57.268s] INFO:colcon.colcon_core.shell:Creating prefix util module '/home/indowings/scripts/2026-06-25/ros2_ws/install/_local_setup_util_sh.py'
[57.271s] INFO:colcon.colcon_core.shell:Creating prefix chain script '/home/indowings/scripts/2026-06-25/ros2_ws/install/setup.sh'
[57.278s] INFO:colcon.colcon_core.shell:Creating prefix script '/home/indowings/scripts/2026-06-25/ros2_ws/install/local_setup.bash'
[57.280s] INFO:colcon.colcon_core.shell:Creating prefix chain script '/home/indowings/scripts/2026-06-25/ros2_ws/install/setup.bash'
[57.285s] INFO:colcon.colcon_core.shell:Creating prefix script '/home/indowings/scripts/2026-06-25/ros2_ws/install/local_setup.zsh'
[57.290s] INFO:colcon.colcon_core.shell:Creating prefix chain script '/home/indowings/scripts/2026-06-25/ros2_ws/install/setup.zsh'
