[1.826s] DEBUG:colcon:Command line arguments: ['/usr/bin/colcon', 'build']
[1.827s] DEBUG:colcon:Parsed command line arguments: Namespace(log_base=None, log_level=None, verb_name='build', build_base='build', install_base='install', merge_install=False, symlink_install=False, test_result_base=None, continue_on_error=False, executor='parallel', parallel_workers=8, event_handlers=None, ignore_user_meta=False, metas=['./colcon.meta'], base_paths=['.'], packages_ignore=None, packages_ignore_regex=None, paths=None, packages_up_to=None, packages_up_to_regex=None, packages_above=None, packages_above_and_dependencies=None, packages_above_depth=None, packages_select_by_dep=None, packages_skip_by_dep=None, packages_skip_up_to=None, packages_select_build_failed=False, packages_skip_build_finished=False, packages_select_test_failures=False, packages_skip_test_passed=False, packages_select=None, packages_skip=None, packages_select_regex=None, packages_skip_regex=None, packages_start=None, packages_end=None, allow_overriding=[], cmake_args=None, cmake_target=None, cmake_target_skip_unavailable=False, cmake_clean_cache=False, cmake_clean_first=False, cmake_force_configure=False, ament_cmake_args=None, catkin_cmake_args=None, catkin_skip_building_tests=False, verb_parser=<colcon_defaults.argument_parser.defaults.DefaultArgumentsDecorator object at 0x713a3024d180>, verb_extension=<colcon_core.verb.build.BuildVerb object at 0x713a303eacb0>, main=<bound method BuildVerb.main of <colcon_core.verb.build.BuildVerb object at 0x713a303eacb0>>)
[2.622s] Level 1:colcon.colcon_core.package_discovery:discover_packages(colcon_meta) check parameters
[2.624s] Level 1:colcon.colcon_core.package_discovery:discover_packages(recursive) check parameters
[2.625s] Level 1:colcon.colcon_core.package_discovery:discover_packages(ignore) check parameters
[2.626s] Level 1:colcon.colcon_core.package_discovery:discover_packages(path) check parameters
[2.626s] Level 1:colcon.colcon_core.package_discovery:discover_packages(colcon_meta) discover
[2.627s] Level 1:colcon.colcon_core.package_discovery:discover_packages(recursive) discover
[2.628s] INFO:colcon.colcon_core.package_discovery:Crawling recursively for packages in '/home/indowings/ros2_ws'
[2.629s] Level 1:colcon.colcon_core.package_identification:_identify(.) by extensions ['ignore', 'ignore_ament_install']
[2.630s] Level 1:colcon.colcon_core.package_identification:_identify(.) by extension 'ignore'
[2.631s] Level 1:colcon.colcon_core.package_identification:_identify(.) by extension 'ignore_ament_install'
[2.632s] Level 1:colcon.colcon_core.package_identification:_identify(.) by extensions ['colcon_pkg']
[2.632s] Level 1:colcon.colcon_core.package_identification:_identify(.) by extension 'colcon_pkg'
[2.632s] Level 1:colcon.colcon_core.package_identification:_identify(.) by extensions ['colcon_meta']
[2.633s] Level 1:colcon.colcon_core.package_identification:_identify(.) by extension 'colcon_meta'
[2.633s] Level 1:colcon.colcon_core.package_identification:_identify(.) by extensions ['ros']
[2.634s] Level 1:colcon.colcon_core.package_identification:_identify(.) by extension 'ros'
[2.878s] Level 1:colcon.colcon_core.package_identification:_identify(.) by extensions ['cmake', 'python']
[2.878s] Level 1:colcon.colcon_core.package_identification:_identify(.) by extension 'cmake'
[2.879s] Level 1:colcon.colcon_core.package_identification:_identify(.) by extension 'python'
[2.880s] Level 1:colcon.colcon_core.package_identification:_identify(.) by extensions ['python_setup_py']
[2.880s] Level 1:colcon.colcon_core.package_identification:_identify(.) by extension 'python_setup_py'
[2.882s] Level 1:colcon.colcon_core.package_identification:_identify(build) by extensions ['ignore', 'ignore_ament_install']
[2.883s] Level 1:colcon.colcon_core.package_identification:_identify(build) by extension 'ignore'
[2.884s] Level 1:colcon.colcon_core.package_identification:_identify(build) ignored
[2.885s] Level 1:colcon.colcon_core.package_identification:_identify(install) by extensions ['ignore', 'ignore_ament_install']
[2.887s] Level 1:colcon.colcon_core.package_identification:_identify(install) by extension 'ignore'
[2.888s] Level 1:colcon.colcon_core.package_identification:_identify(install) ignored
[2.889s] Level 1:colcon.colcon_core.package_identification:_identify(log) by extensions ['ignore', 'ignore_ament_install']
[2.890s] Level 1:colcon.colcon_core.package_identification:_identify(log) by extension 'ignore'
[2.891s] Level 1:colcon.colcon_core.package_identification:_identify(log) ignored
[2.892s] Level 1:colcon.colcon_core.package_identification:_identify(src) by extensions ['ignore', 'ignore_ament_install']
[2.894s] Level 1:colcon.colcon_core.package_identification:_identify(src) by extension 'ignore'
[2.894s] Level 1:colcon.colcon_core.package_identification:_identify(src) by extension 'ignore_ament_install'
[2.895s] Level 1:colcon.colcon_core.package_identification:_identify(src) by extensions ['colcon_pkg']
[2.896s] Level 1:colcon.colcon_core.package_identification:_identify(src) by extension 'colcon_pkg'
[2.897s] Level 1:colcon.colcon_core.package_identification:_identify(src) by extensions ['colcon_meta']
[2.897s] Level 1:colcon.colcon_core.package_identification:_identify(src) by extension 'colcon_meta'
[2.898s] Level 1:colcon.colcon_core.package_identification:_identify(src) by extensions ['ros']
[2.899s] Level 1:colcon.colcon_core.package_identification:_identify(src) by extension 'ros'
[2.900s] Level 1:colcon.colcon_core.package_identification:_identify(src) by extensions ['cmake', 'python']
[2.901s] Level 1:colcon.colcon_core.package_identification:_identify(src) by extension 'cmake'
[2.901s] Level 1:colcon.colcon_core.package_identification:_identify(src) by extension 'python'
[2.902s] Level 1:colcon.colcon_core.package_identification:_identify(src) by extensions ['python_setup_py']
[2.903s] Level 1:colcon.colcon_core.package_identification:_identify(src) by extension 'python_setup_py'
[2.906s] Level 1:colcon.colcon_core.package_identification:_identify(src/drone_takeoff) by extensions ['ignore', 'ignore_ament_install']
[2.907s] Level 1:colcon.colcon_core.package_identification:_identify(src/drone_takeoff) by extension 'ignore'
[2.908s] Level 1:colcon.colcon_core.package_identification:_identify(src/drone_takeoff) by extension 'ignore_ament_install'
[2.910s] Level 1:colcon.colcon_core.package_identification:_identify(src/drone_takeoff) by extensions ['colcon_pkg']
[2.911s] Level 1:colcon.colcon_core.package_identification:_identify(src/drone_takeoff) by extension 'colcon_pkg'
[2.912s] Level 1:colcon.colcon_core.package_identification:_identify(src/drone_takeoff) by extensions ['colcon_meta']
[2.913s] Level 1:colcon.colcon_core.package_identification:_identify(src/drone_takeoff) by extension 'colcon_meta'
[2.914s] Level 1:colcon.colcon_core.package_identification:_identify(src/drone_takeoff) by extensions ['ros']
[2.914s] Level 1:colcon.colcon_core.package_identification:_identify(src/drone_takeoff) by extension 'ros'
[2.962s] DEBUG:colcon.colcon_core.package_identification:Package 'src/drone_takeoff' with type 'ros.ament_python' and name 'drone_takeoff'
[2.962s] Level 1:colcon.colcon_core.package_discovery:discover_packages(recursive) using defaults
[2.963s] Level 1:colcon.colcon_core.package_discovery:discover_packages(ignore) discover
[2.964s] Level 1:colcon.colcon_core.package_discovery:discover_packages(ignore) using defaults
[2.964s] Level 1:colcon.colcon_core.package_discovery:discover_packages(path) discover
[2.965s] Level 1:colcon.colcon_core.package_discovery:discover_packages(path) using defaults
[3.292s] Level 1:colcon.colcon_core.package_discovery:discover_packages(prefix_path) check parameters
[3.293s] Level 1:colcon.colcon_core.package_discovery:discover_packages(prefix_path) discover
[3.332s] DEBUG:colcon.colcon_installed_package_information.package_discovery:Found 280 installed packages in /opt/ros/humble
[3.361s] Level 1:colcon.colcon_core.package_discovery:discover_packages(prefix_path) using defaults
[4.080s] Level 5:colcon.colcon_core.verb:set package 'drone_takeoff' build argument 'cmake_args' from command line to 'None'
[4.080s] Level 5:colcon.colcon_core.verb:set package 'drone_takeoff' build argument 'cmake_target' from command line to 'None'
[4.081s] Level 5:colcon.colcon_core.verb:set package 'drone_takeoff' build argument 'cmake_target_skip_unavailable' from command line to 'False'
[4.081s] Level 5:colcon.colcon_core.verb:set package 'drone_takeoff' build argument 'cmake_clean_cache' from command line to 'False'
[4.082s] Level 5:colcon.colcon_core.verb:set package 'drone_takeoff' build argument 'cmake_clean_first' from command line to 'False'
[4.082s] Level 5:colcon.colcon_core.verb:set package 'drone_takeoff' build argument 'cmake_force_configure' from command line to 'False'
[4.082s] Level 5:colcon.colcon_core.verb:set package 'drone_takeoff' build argument 'ament_cmake_args' from command line to 'None'
[4.083s] Level 5:colcon.colcon_core.verb:set package 'drone_takeoff' build argument 'catkin_cmake_args' from command line to 'None'
[4.083s] Level 5:colcon.colcon_core.verb:set package 'drone_takeoff' build argument 'catkin_skip_building_tests' from command line to 'False'
[4.084s] DEBUG:colcon.colcon_core.verb:Building package 'drone_takeoff' with the following arguments: {'ament_cmake_args': None, 'build_base': '/home/indowings/ros2_ws/build/drone_takeoff', 'catkin_cmake_args': None, 'catkin_skip_building_tests': False, 'cmake_args': None, 'cmake_clean_cache': False, 'cmake_clean_first': False, 'cmake_force_configure': False, 'cmake_target': None, 'cmake_target_skip_unavailable': False, 'install_base': '/home/indowings/ros2_ws/install/drone_takeoff', 'merge_install': False, 'path': '/home/indowings/ros2_ws/src/drone_takeoff', 'symlink_install': False, 'test_result_base': None}
[4.086s] INFO:colcon.colcon_core.executor:Executing jobs using 'parallel' executor
[4.097s] DEBUG:colcon.colcon_parallel_executor.executor.parallel:run_until_complete
[4.101s] INFO:colcon.colcon_ros.task.ament_python.build:Building ROS package in '/home/indowings/ros2_ws/src/drone_takeoff' with build type 'ament_python'
[4.103s] Level 1:colcon.colcon_core.shell:create_environment_hook('drone_takeoff', 'ament_prefix_path')
[4.133s] INFO:colcon.colcon_core.plugin_system:Skipping extension 'colcon_core.shell.bat': Not used on non-Windows systems
[4.135s] INFO:colcon.colcon_core.shell:Creating environment hook '/home/indowings/ros2_ws/install/drone_takeoff/share/drone_takeoff/hook/ament_prefix_path.ps1'
[4.145s] INFO:colcon.colcon_core.shell:Creating environment descriptor '/home/indowings/ros2_ws/install/drone_takeoff/share/drone_takeoff/hook/ament_prefix_path.dsv'
[4.155s] INFO:colcon.colcon_core.shell:Creating environment hook '/home/indowings/ros2_ws/install/drone_takeoff/share/drone_takeoff/hook/ament_prefix_path.sh'
[4.170s] INFO:colcon.colcon_core.shell:Skip shell extension 'powershell' for command environment: Not usable outside of PowerShell
[4.171s] DEBUG:colcon.colcon_core.shell:Skip shell extension 'dsv' for command environment
[7.783s] INFO:colcon.colcon_core.task.python.build:Building Python package in '/home/indowings/ros2_ws/src/drone_takeoff'
[7.788s] INFO:colcon.colcon_core.shell:Skip shell extension 'powershell' for command environment: Not usable outside of PowerShell
[7.789s] DEBUG:colcon.colcon_core.shell:Skip shell extension 'dsv' for command environment
[15.725s] DEBUG:colcon.colcon_core.event_handler.log_command:Invoking command in '/home/indowings/ros2_ws/src/drone_takeoff': PYTHONPATH=/home/indowings/ros2_ws/build/drone_takeoff/prefix_override:/usr/lib/python3/dist-packages/colcon_core/task/python/colcon_distutils_commands:/home/indowings/ros2_ws/install/drone_takeoff/lib/python3.10/site-packages:${PYTHONPATH} /usr/bin/python3 -W ignore:setup.py install is deprecated -W ignore:easy_install command is deprecated setup.py egg_info --egg-base ../../build/drone_takeoff build --build-base /home/indowings/ros2_ws/build/drone_takeoff/build install --record /home/indowings/ros2_ws/build/drone_takeoff/install.log --single-version-externally-managed install_data
[22.920s] DEBUG:colcon.colcon_core.event_handler.log_command:Invoked command in '/home/indowings/ros2_ws/src/drone_takeoff' returned '0': PYTHONPATH=/home/indowings/ros2_ws/build/drone_takeoff/prefix_override:/usr/lib/python3/dist-packages/colcon_core/task/python/colcon_distutils_commands:/home/indowings/ros2_ws/install/drone_takeoff/lib/python3.10/site-packages:${PYTHONPATH} /usr/bin/python3 -W ignore:setup.py install is deprecated -W ignore:easy_install command is deprecated setup.py egg_info --egg-base ../../build/drone_takeoff build --build-base /home/indowings/ros2_ws/build/drone_takeoff/build install --record /home/indowings/ros2_ws/build/drone_takeoff/install.log --single-version-externally-managed install_data
[22.950s] Level 1:colcon.colcon_core.environment:checking '/home/indowings/ros2_ws/install/drone_takeoff' for CMake module files
[22.956s] Level 1:colcon.colcon_core.environment:checking '/home/indowings/ros2_ws/install/drone_takeoff' for CMake config files
[22.966s] Level 1:colcon.colcon_core.environment:checking '/home/indowings/ros2_ws/install/drone_takeoff/lib'
[22.969s] Level 1:colcon.colcon_core.environment:checking '/home/indowings/ros2_ws/install/drone_takeoff/bin'
[22.971s] Level 1:colcon.colcon_core.environment:checking '/home/indowings/ros2_ws/install/drone_takeoff/lib/pkgconfig/drone_takeoff.pc'
[22.975s] Level 1:colcon.colcon_core.environment:checking '/home/indowings/ros2_ws/install/drone_takeoff/lib/python3.10/site-packages'
[22.976s] Level 1:colcon.colcon_core.shell:create_environment_hook('drone_takeoff', 'pythonpath')
[22.980s] INFO:colcon.colcon_core.shell:Creating environment hook '/home/indowings/ros2_ws/install/drone_takeoff/share/drone_takeoff/hook/pythonpath.ps1'
[22.985s] INFO:colcon.colcon_core.shell:Creating environment descriptor '/home/indowings/ros2_ws/install/drone_takeoff/share/drone_takeoff/hook/pythonpath.dsv'
[22.991s] INFO:colcon.colcon_core.shell:Creating environment hook '/home/indowings/ros2_ws/install/drone_takeoff/share/drone_takeoff/hook/pythonpath.sh'
[23.001s] Level 1:colcon.colcon_core.environment:checking '/home/indowings/ros2_ws/install/drone_takeoff/bin'
[23.002s] Level 1:colcon.colcon_core.environment:create_environment_scripts_only(drone_takeoff)
[23.007s] INFO:colcon.colcon_core.shell:Creating package script '/home/indowings/ros2_ws/install/drone_takeoff/share/drone_takeoff/package.ps1'
[23.028s] INFO:colcon.colcon_core.shell:Creating package descriptor '/home/indowings/ros2_ws/install/drone_takeoff/share/drone_takeoff/package.dsv'
[23.037s] INFO:colcon.colcon_core.shell:Creating package script '/home/indowings/ros2_ws/install/drone_takeoff/share/drone_takeoff/package.sh'
[23.049s] INFO:colcon.colcon_core.shell:Creating package script '/home/indowings/ros2_ws/install/drone_takeoff/share/drone_takeoff/package.bash'
[23.060s] INFO:colcon.colcon_core.shell:Creating package script '/home/indowings/ros2_ws/install/drone_takeoff/share/drone_takeoff/package.zsh'
[23.071s] Level 1:colcon.colcon_core.environment:create_file_with_runtime_dependencies(/home/indowings/ros2_ws/install/drone_takeoff/share/colcon-core/packages/drone_takeoff)
[23.075s] DEBUG:colcon.colcon_parallel_executor.executor.parallel:closing loop
[23.082s] DEBUG:colcon.colcon_parallel_executor.executor.parallel:loop closed
[23.083s] DEBUG:colcon.colcon_parallel_executor.executor.parallel:run_until_complete finished with '0'
[23.085s] DEBUG:colcon.colcon_core.event_reactor:joining thread
[23.156s] INFO:colcon.colcon_core.plugin_system:Skipping extension 'colcon_notification.desktop_notification.terminal_notifier': Not used on non-Darwin systems
[23.158s] INFO:colcon.colcon_core.plugin_system:Skipping extension 'colcon_notification.desktop_notification.win32': Not used on non-Windows systems
[23.159s] INFO:colcon.colcon_notification.desktop_notification:Sending desktop notification using 'notify2'
[23.413s] DEBUG:colcon.colcon_core.event_reactor:joined thread
[23.418s] INFO:colcon.colcon_core.shell:Creating prefix script '/home/indowings/ros2_ws/install/local_setup.ps1'
[23.437s] INFO:colcon.colcon_core.shell:Creating prefix util module '/home/indowings/ros2_ws/install/_local_setup_util_ps1.py'
[23.463s] INFO:colcon.colcon_core.shell:Creating prefix chain script '/home/indowings/ros2_ws/install/setup.ps1'
[23.478s] INFO:colcon.colcon_core.shell:Creating prefix script '/home/indowings/ros2_ws/install/local_setup.sh'
[23.489s] INFO:colcon.colcon_core.shell:Creating prefix util module '/home/indowings/ros2_ws/install/_local_setup_util_sh.py'
[23.498s] INFO:colcon.colcon_core.shell:Creating prefix chain script '/home/indowings/ros2_ws/install/setup.sh'
[23.514s] INFO:colcon.colcon_core.shell:Creating prefix script '/home/indowings/ros2_ws/install/local_setup.bash'
[23.520s] INFO:colcon.colcon_core.shell:Creating prefix chain script '/home/indowings/ros2_ws/install/setup.bash'
[23.533s] INFO:colcon.colcon_core.shell:Creating prefix script '/home/indowings/ros2_ws/install/local_setup.zsh'
[23.543s] INFO:colcon.colcon_core.shell:Creating prefix chain script '/home/indowings/ros2_ws/install/setup.zsh'
