[0.973s] DEBUG:colcon:Command line arguments: ['/home/indowings/.local/bin/colcon', 'build', '--symlink-install']
[0.974s] DEBUG:colcon:Parsed command line arguments: Namespace(log_base=None, log_level=None, verb_name='build', build_base='build', install_base='install', merge_install=False, symlink_install=True, test_result_base=None, continue_on_error=False, executor='parallel', parallel_workers=8, event_handlers=None, ignore_user_meta=False, metas=['./colcon.meta'], base_paths=['.'], packages_ignore=None, packages_ignore_regex=None, paths=None, packages_up_to=None, packages_up_to_regex=None, packages_above=None, packages_above_and_dependencies=None, packages_above_depth=None, packages_select_by_dep=None, packages_skip_by_dep=None, packages_skip_up_to=None, packages_select_build_failed=False, packages_skip_build_finished=False, packages_select_test_failures=False, packages_skip_test_passed=False, packages_select=None, packages_skip=None, packages_select_regex=None, packages_skip_regex=None, packages_start=None, packages_end=None, allow_overriding=[], cmake_args=None, cmake_target=None, cmake_target_skip_unavailable=False, cmake_clean_cache=False, cmake_clean_first=False, cmake_force_configure=False, ament_cmake_args=None, catkin_cmake_args=None, catkin_skip_building_tests=False, verb_parser=<colcon_defaults.argument_parser.defaults.DefaultArgumentsDecorator object at 0x7866f2259b10>, verb_extension=<colcon_core.verb.build.BuildVerb object at 0x7866f2259600>, main=<bound method BuildVerb.main of <colcon_core.verb.build.BuildVerb object at 0x7866f2259600>>)
[1.259s] Level 1:colcon.colcon_core.package_discovery:discover_packages(colcon_meta) check parameters
[1.259s] Level 1:colcon.colcon_core.package_discovery:discover_packages(recursive) check parameters
[1.259s] Level 1:colcon.colcon_core.package_discovery:discover_packages(ignore) check parameters
[1.259s] Level 1:colcon.colcon_core.package_discovery:discover_packages(path) check parameters
[1.259s] Level 1:colcon.colcon_core.package_discovery:discover_packages(colcon_meta) discover
[1.259s] Level 1:colcon.colcon_core.package_discovery:discover_packages(recursive) discover
[1.260s] INFO:colcon.colcon_core.package_discovery:Crawling recursively for packages in '/home/indowings/scripts/2026-06-25/ros2_ws'
[1.260s] Level 1:colcon.colcon_core.package_identification:_identify(.) by extensions ['ignore', 'ignore_ament_install']
[1.260s] Level 1:colcon.colcon_core.package_identification:_identify(.) by extension 'ignore'
[1.260s] Level 1:colcon.colcon_core.package_identification:_identify(.) by extension 'ignore_ament_install'
[1.260s] Level 1:colcon.colcon_core.package_identification:_identify(.) by extensions ['colcon_pkg']
[1.261s] Level 1:colcon.colcon_core.package_identification:_identify(.) by extension 'colcon_pkg'
[1.261s] Level 1:colcon.colcon_core.package_identification:_identify(.) by extensions ['colcon_meta']
[1.261s] Level 1:colcon.colcon_core.package_identification:_identify(.) by extension 'colcon_meta'
[1.261s] Level 1:colcon.colcon_core.package_identification:_identify(.) by extensions ['ros']
[1.261s] Level 1:colcon.colcon_core.package_identification:_identify(.) by extension 'ros'
[1.473s] Level 1:colcon.colcon_core.package_identification:_identify(.) by extensions ['cmake', 'python']
[1.473s] Level 1:colcon.colcon_core.package_identification:_identify(.) by extension 'cmake'
[1.474s] Level 1:colcon.colcon_core.package_identification:_identify(.) by extension 'python'
[1.474s] Level 1:colcon.colcon_core.package_identification:_identify(.) by extensions ['python_setup_py']
[1.475s] Level 1:colcon.colcon_core.package_identification:_identify(.) by extension 'python_setup_py'
[1.476s] Level 1:colcon.colcon_core.package_identification:_identify(build) by extensions ['ignore', 'ignore_ament_install']
[1.477s] Level 1:colcon.colcon_core.package_identification:_identify(build) by extension 'ignore'
[1.477s] Level 1:colcon.colcon_core.package_identification:_identify(build) ignored
[1.479s] Level 1:colcon.colcon_core.package_identification:_identify(install) by extensions ['ignore', 'ignore_ament_install']
[1.480s] Level 1:colcon.colcon_core.package_identification:_identify(install) by extension 'ignore'
[1.480s] Level 1:colcon.colcon_core.package_identification:_identify(install) ignored
[1.481s] Level 1:colcon.colcon_core.package_identification:_identify(log) by extensions ['ignore', 'ignore_ament_install']
[1.481s] Level 1:colcon.colcon_core.package_identification:_identify(log) by extension 'ignore'
[1.482s] Level 1:colcon.colcon_core.package_identification:_identify(log) ignored
[1.482s] Level 1:colcon.colcon_core.package_identification:_identify(src) by extensions ['ignore', 'ignore_ament_install']
[1.484s] Level 1:colcon.colcon_core.package_identification:_identify(src) by extension 'ignore'
[1.484s] Level 1:colcon.colcon_core.package_identification:_identify(src) by extension 'ignore_ament_install'
[1.485s] Level 1:colcon.colcon_core.package_identification:_identify(src) by extensions ['colcon_pkg']
[1.485s] Level 1:colcon.colcon_core.package_identification:_identify(src) by extension 'colcon_pkg'
[1.485s] Level 1:colcon.colcon_core.package_identification:_identify(src) by extensions ['colcon_meta']
[1.485s] Level 1:colcon.colcon_core.package_identification:_identify(src) by extension 'colcon_meta'
[1.485s] Level 1:colcon.colcon_core.package_identification:_identify(src) by extensions ['ros']
[1.485s] Level 1:colcon.colcon_core.package_identification:_identify(src) by extension 'ros'
[1.486s] Level 1:colcon.colcon_core.package_identification:_identify(src) by extensions ['cmake', 'python']
[1.486s] Level 1:colcon.colcon_core.package_identification:_identify(src) by extension 'cmake'
[1.486s] Level 1:colcon.colcon_core.package_identification:_identify(src) by extension 'python'
[1.486s] Level 1:colcon.colcon_core.package_identification:_identify(src) by extensions ['python_setup_py']
[1.486s] Level 1:colcon.colcon_core.package_identification:_identify(src) by extension 'python_setup_py'
[1.486s] Level 1:colcon.colcon_core.package_identification:_identify(src/px4_mission) by extensions ['ignore', 'ignore_ament_install']
[1.487s] Level 1:colcon.colcon_core.package_identification:_identify(src/px4_mission) by extension 'ignore'
[1.487s] Level 1:colcon.colcon_core.package_identification:_identify(src/px4_mission) by extension 'ignore_ament_install'
[1.487s] Level 1:colcon.colcon_core.package_identification:_identify(src/px4_mission) by extensions ['colcon_pkg']
[1.488s] Level 1:colcon.colcon_core.package_identification:_identify(src/px4_mission) by extension 'colcon_pkg'
[1.488s] Level 1:colcon.colcon_core.package_identification:_identify(src/px4_mission) by extensions ['colcon_meta']
[1.489s] Level 1:colcon.colcon_core.package_identification:_identify(src/px4_mission) by extension 'colcon_meta'
[1.490s] Level 1:colcon.colcon_core.package_identification:_identify(src/px4_mission) by extensions ['ros']
[1.491s] Level 1:colcon.colcon_core.package_identification:_identify(src/px4_mission) by extension 'ros'
[1.509s] DEBUG:colcon.colcon_core.package_identification:Package 'src/px4_mission' with type 'ros.ament_python' and name 'px4_mission'
[1.510s] Level 1:colcon.colcon_core.package_identification:_identify(src/px4_msgs) by extensions ['ignore', 'ignore_ament_install']
[1.511s] Level 1:colcon.colcon_core.package_identification:_identify(src/px4_msgs) by extension 'ignore'
[1.512s] Level 1:colcon.colcon_core.package_identification:_identify(src/px4_msgs) by extension 'ignore_ament_install'
[1.513s] Level 1:colcon.colcon_core.package_identification:_identify(src/px4_msgs) by extensions ['colcon_pkg']
[1.513s] Level 1:colcon.colcon_core.package_identification:_identify(src/px4_msgs) by extension 'colcon_pkg'
[1.514s] Level 1:colcon.colcon_core.package_identification:_identify(src/px4_msgs) by extensions ['colcon_meta']
[1.514s] Level 1:colcon.colcon_core.package_identification:_identify(src/px4_msgs) by extension 'colcon_meta'
[1.515s] Level 1:colcon.colcon_core.package_identification:_identify(src/px4_msgs) by extensions ['ros']
[1.515s] Level 1:colcon.colcon_core.package_identification:_identify(src/px4_msgs) by extension 'ros'
[1.521s] DEBUG:colcon.colcon_core.package_identification:Package 'src/px4_msgs' with type 'ros.ament_cmake' and name 'px4_msgs'
[1.522s] Level 1:colcon.colcon_core.package_identification:_identify(src/px4_ros_com) by extensions ['ignore', 'ignore_ament_install']
[1.523s] Level 1:colcon.colcon_core.package_identification:_identify(src/px4_ros_com) by extension 'ignore'
[1.523s] Level 1:colcon.colcon_core.package_identification:_identify(src/px4_ros_com) by extension 'ignore_ament_install'
[1.524s] Level 1:colcon.colcon_core.package_identification:_identify(src/px4_ros_com) by extensions ['colcon_pkg']
[1.524s] Level 1:colcon.colcon_core.package_identification:_identify(src/px4_ros_com) by extension 'colcon_pkg'
[1.524s] Level 1:colcon.colcon_core.package_identification:_identify(src/px4_ros_com) by extensions ['colcon_meta']
[1.524s] Level 1:colcon.colcon_core.package_identification:_identify(src/px4_ros_com) by extension 'colcon_meta'
[1.524s] Level 1:colcon.colcon_core.package_identification:_identify(src/px4_ros_com) by extensions ['ros']
[1.524s] Level 1:colcon.colcon_core.package_identification:_identify(src/px4_ros_com) by extension 'ros'
[1.532s] DEBUG:colcon.colcon_core.package_identification:Package 'src/px4_ros_com' with type 'ros.ament_cmake' and name 'px4_ros_com'
[1.533s] Level 1:colcon.colcon_core.package_discovery:discover_packages(recursive) using defaults
[1.533s] Level 1:colcon.colcon_core.package_discovery:discover_packages(ignore) discover
[1.534s] Level 1:colcon.colcon_core.package_discovery:discover_packages(ignore) using defaults
[1.534s] Level 1:colcon.colcon_core.package_discovery:discover_packages(path) discover
[1.534s] Level 1:colcon.colcon_core.package_discovery:discover_packages(path) using defaults
[1.661s] Level 1:colcon.colcon_core.package_discovery:discover_packages(prefix_path) check parameters
[1.661s] Level 1:colcon.colcon_core.package_discovery:discover_packages(prefix_path) discover
[1.670s] DEBUG:colcon.colcon_installed_package_information.package_discovery:Found 3 installed packages in /home/indowings/scripts/2026-06-25/ros2_ws/install
[1.677s] DEBUG:colcon.colcon_installed_package_information.package_discovery:Found 281 installed packages in /opt/ros/humble
[1.684s] Level 1:colcon.colcon_core.package_discovery:discover_packages(prefix_path) using defaults
[2.007s] Level 5:colcon.colcon_core.verb:set package 'px4_mission' build argument 'cmake_args' from command line to 'None'
[2.007s] Level 5:colcon.colcon_core.verb:set package 'px4_mission' build argument 'cmake_target' from command line to 'None'
[2.007s] Level 5:colcon.colcon_core.verb:set package 'px4_mission' build argument 'cmake_target_skip_unavailable' from command line to 'False'
[2.008s] Level 5:colcon.colcon_core.verb:set package 'px4_mission' build argument 'cmake_clean_cache' from command line to 'False'
[2.008s] Level 5:colcon.colcon_core.verb:set package 'px4_mission' build argument 'cmake_clean_first' from command line to 'False'
[2.008s] Level 5:colcon.colcon_core.verb:set package 'px4_mission' build argument 'cmake_force_configure' from command line to 'False'
[2.008s] Level 5:colcon.colcon_core.verb:set package 'px4_mission' build argument 'ament_cmake_args' from command line to 'None'
[2.008s] Level 5:colcon.colcon_core.verb:set package 'px4_mission' build argument 'catkin_cmake_args' from command line to 'None'
[2.008s] Level 5:colcon.colcon_core.verb:set package 'px4_mission' build argument 'catkin_skip_building_tests' from command line to 'False'
[2.008s] DEBUG:colcon.colcon_core.verb:Building package 'px4_mission' with the following arguments: {'ament_cmake_args': None, 'build_base': '/home/indowings/scripts/2026-06-25/ros2_ws/build/px4_mission', 'catkin_cmake_args': None, 'catkin_skip_building_tests': False, 'cmake_args': None, 'cmake_clean_cache': False, 'cmake_clean_first': False, 'cmake_force_configure': False, 'cmake_target': None, 'cmake_target_skip_unavailable': False, 'install_base': '/home/indowings/scripts/2026-06-25/ros2_ws/install/px4_mission', 'merge_install': False, 'path': '/home/indowings/scripts/2026-06-25/ros2_ws/src/px4_mission', 'symlink_install': True, 'test_result_base': None}
[2.009s] Level 5:colcon.colcon_core.verb:set package 'px4_msgs' build argument 'cmake_args' from command line to 'None'
[2.010s] Level 5:colcon.colcon_core.verb:set package 'px4_msgs' build argument 'cmake_target' from command line to 'None'
[2.011s] Level 5:colcon.colcon_core.verb:set package 'px4_msgs' build argument 'cmake_target_skip_unavailable' from command line to 'False'
[2.011s] Level 5:colcon.colcon_core.verb:set package 'px4_msgs' build argument 'cmake_clean_cache' from command line to 'False'
[2.011s] Level 5:colcon.colcon_core.verb:set package 'px4_msgs' build argument 'cmake_clean_first' from command line to 'False'
[2.011s] Level 5:colcon.colcon_core.verb:set package 'px4_msgs' build argument 'cmake_force_configure' from command line to 'False'
[2.011s] Level 5:colcon.colcon_core.verb:set package 'px4_msgs' build argument 'ament_cmake_args' from command line to 'None'
[2.012s] Level 5:colcon.colcon_core.verb:set package 'px4_msgs' build argument 'catkin_cmake_args' from command line to 'None'
[2.012s] Level 5:colcon.colcon_core.verb:set package 'px4_msgs' build argument 'catkin_skip_building_tests' from command line to 'False'
[2.012s] DEBUG:colcon.colcon_core.verb:Building package 'px4_msgs' with the following arguments: {'ament_cmake_args': None, 'build_base': '/home/indowings/scripts/2026-06-25/ros2_ws/build/px4_msgs', 'catkin_cmake_args': None, 'catkin_skip_building_tests': False, 'cmake_args': None, 'cmake_clean_cache': False, 'cmake_clean_first': False, 'cmake_force_configure': False, 'cmake_target': None, 'cmake_target_skip_unavailable': False, 'install_base': '/home/indowings/scripts/2026-06-25/ros2_ws/install/px4_msgs', 'merge_install': False, 'path': '/home/indowings/scripts/2026-06-25/ros2_ws/src/px4_msgs', 'symlink_install': True, 'test_result_base': None}
[2.015s] Level 5:colcon.colcon_core.verb:set package 'px4_ros_com' build argument 'cmake_args' from command line to 'None'
[2.015s] Level 5:colcon.colcon_core.verb:set package 'px4_ros_com' build argument 'cmake_target' from command line to 'None'
[2.015s] Level 5:colcon.colcon_core.verb:set package 'px4_ros_com' build argument 'cmake_target_skip_unavailable' from command line to 'False'
[2.015s] Level 5:colcon.colcon_core.verb:set package 'px4_ros_com' build argument 'cmake_clean_cache' from command line to 'False'
[2.016s] Level 5:colcon.colcon_core.verb:set package 'px4_ros_com' build argument 'cmake_clean_first' from command line to 'False'
[2.016s] Level 5:colcon.colcon_core.verb:set package 'px4_ros_com' build argument 'cmake_force_configure' from command line to 'False'
[2.016s] Level 5:colcon.colcon_core.verb:set package 'px4_ros_com' build argument 'ament_cmake_args' from command line to 'None'
[2.017s] Level 5:colcon.colcon_core.verb:set package 'px4_ros_com' build argument 'catkin_cmake_args' from command line to 'None'
[2.017s] Level 5:colcon.colcon_core.verb:set package 'px4_ros_com' build argument 'catkin_skip_building_tests' from command line to 'False'
[2.017s] DEBUG:colcon.colcon_core.verb:Building package 'px4_ros_com' with the following arguments: {'ament_cmake_args': None, 'build_base': '/home/indowings/scripts/2026-06-25/ros2_ws/build/px4_ros_com', 'catkin_cmake_args': None, 'catkin_skip_building_tests': False, 'cmake_args': None, 'cmake_clean_cache': False, 'cmake_clean_first': False, 'cmake_force_configure': False, 'cmake_target': None, 'cmake_target_skip_unavailable': False, 'install_base': '/home/indowings/scripts/2026-06-25/ros2_ws/install/px4_ros_com', 'merge_install': False, 'path': '/home/indowings/scripts/2026-06-25/ros2_ws/src/px4_ros_com', 'symlink_install': True, 'test_result_base': None}
[2.019s] INFO:colcon.colcon_core.executor:Executing jobs using 'parallel' executor
[2.024s] DEBUG:colcon.colcon_parallel_executor.executor.parallel:run_until_complete
[2.027s] INFO:colcon.colcon_ros.task.ament_cmake.build:Building ROS package in '/home/indowings/scripts/2026-06-25/ros2_ws/src/px4_msgs' with build type 'ament_cmake'
[2.029s] INFO:colcon.colcon_cmake.task.cmake.build:Building CMake package in '/home/indowings/scripts/2026-06-25/ros2_ws/src/px4_msgs'
[2.044s] INFO:colcon.colcon_core.plugin_system:Skipping extension 'colcon_core.shell.bat': Not used on non-Windows systems
[2.044s] INFO:colcon.colcon_core.shell:Skip shell extension 'powershell' for command environment: Not usable outside of PowerShell
[2.044s] DEBUG:colcon.colcon_core.shell:Skip shell extension 'dsv' for command environment
[2.068s] INFO:colcon.colcon_ros.task.ament_python.build:Building ROS package in '/home/indowings/scripts/2026-06-25/ros2_ws/src/px4_mission' with build type 'ament_python'
[2.068s] Level 1:colcon.colcon_core.shell:create_environment_hook('px4_mission', 'ament_prefix_path')
[2.070s] INFO:colcon.colcon_core.shell:Creating environment hook '/home/indowings/scripts/2026-06-25/ros2_ws/install/px4_mission/share/px4_mission/hook/ament_prefix_path.ps1'
[2.075s] INFO:colcon.colcon_core.shell:Creating environment descriptor '/home/indowings/scripts/2026-06-25/ros2_ws/install/px4_mission/share/px4_mission/hook/ament_prefix_path.dsv'
[2.079s] INFO:colcon.colcon_core.shell:Creating environment hook '/home/indowings/scripts/2026-06-25/ros2_ws/install/px4_mission/share/px4_mission/hook/ament_prefix_path.sh'
[2.085s] INFO:colcon.colcon_core.shell:Skip shell extension 'powershell' for command environment: Not usable outside of PowerShell
[2.086s] DEBUG:colcon.colcon_core.shell:Skip shell extension 'dsv' for command environment
[2.131s] DEBUG:colcon.colcon_core.event_handler.log_command:Invoking command in '/home/indowings/scripts/2026-06-25/ros2_ws/build/px4_msgs': CMAKE_PREFIX_PATH=${CMAKE_PREFIX_PATH}:/home/indowings/scripts/2026-06-25/ros2_ws/install/px4_mission:/opt/ros/humble /usr/bin/cmake --build /home/indowings/scripts/2026-06-25/ros2_ws/build/px4_msgs -- -j8 -l8
[3.517s] INFO:colcon.colcon_core.task.python.build:Building Python package in '/home/indowings/scripts/2026-06-25/ros2_ws/src/px4_mission'
[3.520s] INFO:colcon.colcon_core.shell:Skip shell extension 'powershell' for command environment: Not usable outside of PowerShell
[3.521s] DEBUG:colcon.colcon_core.shell:Skip shell extension 'dsv' for command environment
[6.927s] DEBUG:colcon.colcon_core.task.python.build:Available setuptools commands: bdist, symlink_data, install_headers, alias, install_scripts, develop, clean, install, build_scripts, sdist, easy_install, saveopts, dist_info, editable_wheel, check, build, extract_messages, install_egg_info, rotate, setopt, update_catalog, egg_info, build_clib, bdist_rpm, bdist_egg, install_data, compile_catalog, init_catalog, build_ext, bdist_dumb, bdist_wheel, install_lib, build_py
[9.130s] DEBUG:colcon.colcon_core.task.python.build:Available setuptools 'develop' options: --multi-version, --exclude-scripts, --always-unzip, --quiet, --no-user-cfg, --uninstall, --build-directory, --prefix, --user, --install-dir, --dry-run, --optimize, --upgrade, --no-find-links, --verbose, --allow-hosts, --version, --record, --help, --editable, --local-snapshots-ok, --always-copy, --no-deps, --script-dir, --zip-ok, --index-url, --find-links, --egg-path, --site-dirs
[9.144s] DEBUG:colcon.colcon_core.event_handler.log_command:Invoking command in '/home/indowings/scripts/2026-06-25/ros2_ws/build/px4_mission': PYTHONPATH=/home/indowings/scripts/2026-06-25/ros2_ws/build/px4_mission/prefix_override:/home/indowings/.local/lib/python3.10/site-packages/colcon_core/task/python/colcon_distutils_commands:/home/indowings/scripts/2026-06-25/ros2_ws/install/px4_mission/lib/python3.10/site-packages:${PYTHONPATH} /usr/bin/python3 -W ignore:setup.py install is deprecated -W ignore:easy_install command is deprecated setup.py develop --editable --build-directory /home/indowings/scripts/2026-06-25/ros2_ws/build/px4_mission/build --no-deps symlink_data
[13.552s] Level 1:colcon.colcon_core.shell:create_environment_hook('px4_mission', 'pythonpath_develop')
[13.558s] INFO:colcon.colcon_core.shell:Creating environment hook '/home/indowings/scripts/2026-06-25/ros2_ws/build/px4_mission/share/px4_mission/hook/pythonpath_develop.ps1'
[13.559s] DEBUG:colcon.colcon_core.event_handler.log_command:Invoked command in '/home/indowings/scripts/2026-06-25/ros2_ws/build/px4_mission' returned '0': PYTHONPATH=/home/indowings/scripts/2026-06-25/ros2_ws/build/px4_mission/prefix_override:/home/indowings/.local/lib/python3.10/site-packages/colcon_core/task/python/colcon_distutils_commands:/home/indowings/scripts/2026-06-25/ros2_ws/install/px4_mission/lib/python3.10/site-packages:${PYTHONPATH} /usr/bin/python3 -W ignore:setup.py install is deprecated -W ignore:easy_install command is deprecated setup.py develop --editable --build-directory /home/indowings/scripts/2026-06-25/ros2_ws/build/px4_mission/build --no-deps symlink_data
[13.561s] INFO:colcon.colcon_core.shell:Creating environment descriptor '/home/indowings/scripts/2026-06-25/ros2_ws/build/px4_mission/share/px4_mission/hook/pythonpath_develop.dsv'
[13.567s] INFO:colcon.colcon_core.shell:Creating environment hook '/home/indowings/scripts/2026-06-25/ros2_ws/build/px4_mission/share/px4_mission/hook/pythonpath_develop.sh'
[13.587s] Level 1:colcon.colcon_core.environment:checking '/home/indowings/scripts/2026-06-25/ros2_ws/install/px4_mission' for CMake module files
[13.590s] Level 1:colcon.colcon_core.environment:checking '/home/indowings/scripts/2026-06-25/ros2_ws/install/px4_mission' for CMake config files
[13.592s] Level 1:colcon.colcon_core.environment:checking '/home/indowings/scripts/2026-06-25/ros2_ws/install/px4_mission/lib'
[13.593s] Level 1:colcon.colcon_core.environment:checking '/home/indowings/scripts/2026-06-25/ros2_ws/install/px4_mission/bin'
[13.593s] Level 1:colcon.colcon_core.environment:checking '/home/indowings/scripts/2026-06-25/ros2_ws/install/px4_mission/lib/pkgconfig/px4_mission.pc'
[13.594s] Level 1:colcon.colcon_core.environment:checking '/home/indowings/scripts/2026-06-25/ros2_ws/install/px4_mission/lib/python3.10/site-packages'
[13.594s] Level 1:colcon.colcon_core.shell:create_environment_hook('px4_mission', 'pythonpath')
[13.595s] INFO:colcon.colcon_core.shell:Creating environment hook '/home/indowings/scripts/2026-06-25/ros2_ws/install/px4_mission/share/px4_mission/hook/pythonpath.ps1'
[13.598s] INFO:colcon.colcon_core.shell:Creating environment descriptor '/home/indowings/scripts/2026-06-25/ros2_ws/install/px4_mission/share/px4_mission/hook/pythonpath.dsv'
[13.601s] INFO:colcon.colcon_core.shell:Creating environment hook '/home/indowings/scripts/2026-06-25/ros2_ws/install/px4_mission/share/px4_mission/hook/pythonpath.sh'
[13.606s] Level 1:colcon.colcon_core.environment:checking '/home/indowings/scripts/2026-06-25/ros2_ws/install/px4_mission/bin'
[13.606s] Level 1:colcon.colcon_core.environment:create_environment_scripts_only(px4_mission)
[13.610s] INFO:colcon.colcon_core.shell:Creating package script '/home/indowings/scripts/2026-06-25/ros2_ws/install/px4_mission/share/px4_mission/package.ps1'
[13.617s] INFO:colcon.colcon_core.shell:Creating package descriptor '/home/indowings/scripts/2026-06-25/ros2_ws/install/px4_mission/share/px4_mission/package.dsv'
[13.620s] INFO:colcon.colcon_core.shell:Creating package script '/home/indowings/scripts/2026-06-25/ros2_ws/install/px4_mission/share/px4_mission/package.sh'
[13.624s] INFO:colcon.colcon_core.shell:Creating package script '/home/indowings/scripts/2026-06-25/ros2_ws/install/px4_mission/share/px4_mission/package.bash'
[13.628s] INFO:colcon.colcon_core.shell:Creating package script '/home/indowings/scripts/2026-06-25/ros2_ws/install/px4_mission/share/px4_mission/package.zsh'
[13.632s] Level 1:colcon.colcon_core.environment:create_file_with_runtime_dependencies(/home/indowings/scripts/2026-06-25/ros2_ws/install/px4_mission/share/colcon-core/packages/px4_mission)
[18.417s] DEBUG:colcon.colcon_core.event_handler.log_command:Invoked command in '/home/indowings/scripts/2026-06-25/ros2_ws/build/px4_msgs' returned '0': CMAKE_PREFIX_PATH=${CMAKE_PREFIX_PATH}:/home/indowings/scripts/2026-06-25/ros2_ws/install/px4_mission:/opt/ros/humble /usr/bin/cmake --build /home/indowings/scripts/2026-06-25/ros2_ws/build/px4_msgs -- -j8 -l8
[18.478s] DEBUG:colcon.colcon_core.event_handler.log_command:Invoking command in '/home/indowings/scripts/2026-06-25/ros2_ws/build/px4_msgs': CMAKE_PREFIX_PATH=${CMAKE_PREFIX_PATH}:/home/indowings/scripts/2026-06-25/ros2_ws/install/px4_mission:/opt/ros/humble /usr/bin/cmake --install /home/indowings/scripts/2026-06-25/ros2_ws/build/px4_msgs
[22.463s] Level 1:colcon.colcon_core.environment:create_environment_scripts_only(px4_msgs)
[22.464s] Level 1:colcon.colcon_core.environment:checking '/home/indowings/scripts/2026-06-25/ros2_ws/install/px4_msgs' for CMake module files
[22.468s] DEBUG:colcon.colcon_core.event_handler.log_command:Invoked command in '/home/indowings/scripts/2026-06-25/ros2_ws/build/px4_msgs' returned '0': CMAKE_PREFIX_PATH=${CMAKE_PREFIX_PATH}:/home/indowings/scripts/2026-06-25/ros2_ws/install/px4_mission:/opt/ros/humble /usr/bin/cmake --install /home/indowings/scripts/2026-06-25/ros2_ws/build/px4_msgs
[22.475s] Level 1:colcon.colcon_core.environment:checking '/home/indowings/scripts/2026-06-25/ros2_ws/install/px4_msgs' for CMake config files
[22.491s] Level 1:colcon.colcon_core.shell:create_environment_hook('px4_msgs', 'cmake_prefix_path')
[22.493s] INFO:colcon.colcon_core.shell:Creating environment hook '/home/indowings/scripts/2026-06-25/ros2_ws/install/px4_msgs/share/px4_msgs/hook/cmake_prefix_path.ps1'
[22.497s] INFO:colcon.colcon_core.shell:Creating environment descriptor '/home/indowings/scripts/2026-06-25/ros2_ws/install/px4_msgs/share/px4_msgs/hook/cmake_prefix_path.dsv'
[22.500s] INFO:colcon.colcon_core.shell:Creating environment hook '/home/indowings/scripts/2026-06-25/ros2_ws/install/px4_msgs/share/px4_msgs/hook/cmake_prefix_path.sh'
[22.507s] Level 1:colcon.colcon_core.environment:checking '/home/indowings/scripts/2026-06-25/ros2_ws/install/px4_msgs/lib'
[22.507s] Level 1:colcon.colcon_core.shell:create_environment_hook('px4_msgs', 'ld_library_path_lib')
[22.508s] INFO:colcon.colcon_core.shell:Creating environment hook '/home/indowings/scripts/2026-06-25/ros2_ws/install/px4_msgs/share/px4_msgs/hook/ld_library_path_lib.ps1'
[22.509s] INFO:colcon.colcon_core.shell:Creating environment descriptor '/home/indowings/scripts/2026-06-25/ros2_ws/install/px4_msgs/share/px4_msgs/hook/ld_library_path_lib.dsv'
[22.510s] INFO:colcon.colcon_core.shell:Creating environment hook '/home/indowings/scripts/2026-06-25/ros2_ws/install/px4_msgs/share/px4_msgs/hook/ld_library_path_lib.sh'
[22.511s] Level 1:colcon.colcon_core.environment:checking '/home/indowings/scripts/2026-06-25/ros2_ws/install/px4_msgs/bin'
[22.511s] Level 1:colcon.colcon_core.environment:checking '/home/indowings/scripts/2026-06-25/ros2_ws/install/px4_msgs/lib/pkgconfig/px4_msgs.pc'
[22.512s] Level 1:colcon.colcon_core.environment:checking '/home/indowings/scripts/2026-06-25/ros2_ws/install/px4_msgs/lib/python3.10/site-packages'
[22.513s] Level 1:colcon.colcon_core.environment:checking '/home/indowings/scripts/2026-06-25/ros2_ws/install/px4_msgs/bin'
[22.514s] INFO:colcon.colcon_core.shell:Creating package script '/home/indowings/scripts/2026-06-25/ros2_ws/install/px4_msgs/share/px4_msgs/package.ps1'
[22.520s] INFO:colcon.colcon_core.shell:Creating package descriptor '/home/indowings/scripts/2026-06-25/ros2_ws/install/px4_msgs/share/px4_msgs/package.dsv'
[22.525s] INFO:colcon.colcon_core.shell:Creating package script '/home/indowings/scripts/2026-06-25/ros2_ws/install/px4_msgs/share/px4_msgs/package.sh'
[22.529s] INFO:colcon.colcon_core.shell:Creating package script '/home/indowings/scripts/2026-06-25/ros2_ws/install/px4_msgs/share/px4_msgs/package.bash'
[22.531s] INFO:colcon.colcon_core.shell:Creating package script '/home/indowings/scripts/2026-06-25/ros2_ws/install/px4_msgs/share/px4_msgs/package.zsh'
[22.533s] Level 1:colcon.colcon_core.environment:create_file_with_runtime_dependencies(/home/indowings/scripts/2026-06-25/ros2_ws/install/px4_msgs/share/colcon-core/packages/px4_msgs)
[22.537s] Level 1:colcon.colcon_core.environment:create_environment_scripts_only(px4_msgs)
[22.539s] Level 1:colcon.colcon_core.environment:checking '/home/indowings/scripts/2026-06-25/ros2_ws/install/px4_msgs' for CMake module files
[22.544s] Level 1:colcon.colcon_core.environment:checking '/home/indowings/scripts/2026-06-25/ros2_ws/install/px4_msgs' for CMake config files
[22.562s] Level 1:colcon.colcon_core.shell:create_environment_hook('px4_msgs', 'cmake_prefix_path')
[22.564s] INFO:colcon.colcon_core.shell:Creating environment hook '/home/indowings/scripts/2026-06-25/ros2_ws/install/px4_msgs/share/px4_msgs/hook/cmake_prefix_path.ps1'
[22.567s] INFO:colcon.colcon_core.shell:Creating environment descriptor '/home/indowings/scripts/2026-06-25/ros2_ws/install/px4_msgs/share/px4_msgs/hook/cmake_prefix_path.dsv'
[22.571s] INFO:colcon.colcon_core.shell:Creating environment hook '/home/indowings/scripts/2026-06-25/ros2_ws/install/px4_msgs/share/px4_msgs/hook/cmake_prefix_path.sh'
[22.573s] Level 1:colcon.colcon_core.environment:checking '/home/indowings/scripts/2026-06-25/ros2_ws/install/px4_msgs/lib'
[22.573s] Level 1:colcon.colcon_core.shell:create_environment_hook('px4_msgs', 'ld_library_path_lib')
[22.574s] INFO:colcon.colcon_core.shell:Creating environment hook '/home/indowings/scripts/2026-06-25/ros2_ws/install/px4_msgs/share/px4_msgs/hook/ld_library_path_lib.ps1'
[22.575s] INFO:colcon.colcon_core.shell:Creating environment descriptor '/home/indowings/scripts/2026-06-25/ros2_ws/install/px4_msgs/share/px4_msgs/hook/ld_library_path_lib.dsv'
[22.576s] INFO:colcon.colcon_core.shell:Creating environment hook '/home/indowings/scripts/2026-06-25/ros2_ws/install/px4_msgs/share/px4_msgs/hook/ld_library_path_lib.sh'
[22.578s] Level 1:colcon.colcon_core.environment:checking '/home/indowings/scripts/2026-06-25/ros2_ws/install/px4_msgs/bin'
[22.579s] Level 1:colcon.colcon_core.environment:checking '/home/indowings/scripts/2026-06-25/ros2_ws/install/px4_msgs/lib/pkgconfig/px4_msgs.pc'
[22.581s] Level 1:colcon.colcon_core.environment:checking '/home/indowings/scripts/2026-06-25/ros2_ws/install/px4_msgs/lib/python3.10/site-packages'
[22.584s] Level 1:colcon.colcon_core.environment:checking '/home/indowings/scripts/2026-06-25/ros2_ws/install/px4_msgs/bin'
[22.587s] INFO:colcon.colcon_core.shell:Creating package script '/home/indowings/scripts/2026-06-25/ros2_ws/install/px4_msgs/share/px4_msgs/package.ps1'
[22.592s] INFO:colcon.colcon_core.shell:Creating package descriptor '/home/indowings/scripts/2026-06-25/ros2_ws/install/px4_msgs/share/px4_msgs/package.dsv'
[22.595s] INFO:colcon.colcon_core.shell:Creating package script '/home/indowings/scripts/2026-06-25/ros2_ws/install/px4_msgs/share/px4_msgs/package.sh'
[22.597s] INFO:colcon.colcon_core.shell:Creating package script '/home/indowings/scripts/2026-06-25/ros2_ws/install/px4_msgs/share/px4_msgs/package.bash'
[22.599s] INFO:colcon.colcon_core.shell:Creating package script '/home/indowings/scripts/2026-06-25/ros2_ws/install/px4_msgs/share/px4_msgs/package.zsh'
[22.602s] Level 1:colcon.colcon_core.environment:create_file_with_runtime_dependencies(/home/indowings/scripts/2026-06-25/ros2_ws/install/px4_msgs/share/colcon-core/packages/px4_msgs)
[22.605s] INFO:colcon.colcon_ros.task.ament_cmake.build:Building ROS package in '/home/indowings/scripts/2026-06-25/ros2_ws/src/px4_ros_com' with build type 'ament_cmake'
[22.606s] INFO:colcon.colcon_cmake.task.cmake.build:Building CMake package in '/home/indowings/scripts/2026-06-25/ros2_ws/src/px4_ros_com'
[22.609s] INFO:colcon.colcon_core.shell:Skip shell extension 'powershell' for command environment: Not usable outside of PowerShell
[22.609s] DEBUG:colcon.colcon_core.shell:Skip shell extension 'dsv' for command environment
[22.669s] DEBUG:colcon.colcon_core.event_handler.log_command:Invoking command in '/home/indowings/scripts/2026-06-25/ros2_ws/build/px4_ros_com': CMAKE_PREFIX_PATH=/home/indowings/scripts/2026-06-25/ros2_ws/install/px4_msgs:/home/indowings/scripts/2026-06-25/ros2_ws/install/px4_ros_com:/home/indowings/scripts/2026-06-25/ros2_ws/install/px4_mission:/opt/ros/humble LD_LIBRARY_PATH=/home/indowings/scripts/2026-06-25/ros2_ws/install/px4_msgs/lib:/home/indowings/scripts/2026-06-25/ros2_ws/install/px4_ros_com/lib:/opt/ros/humble/opt/rviz_ogre_vendor/lib:/opt/ros/humble/lib/x86_64-linux-gnu:/opt/ros/humble/lib /usr/bin/cmake --build /home/indowings/scripts/2026-06-25/ros2_ws/build/px4_ros_com -- -j8 -l8
[26.022s] DEBUG:colcon.colcon_core.event_handler.log_command:Invoked command in '/home/indowings/scripts/2026-06-25/ros2_ws/build/px4_ros_com' returned '0': CMAKE_PREFIX_PATH=/home/indowings/scripts/2026-06-25/ros2_ws/install/px4_msgs:/home/indowings/scripts/2026-06-25/ros2_ws/install/px4_ros_com:/home/indowings/scripts/2026-06-25/ros2_ws/install/px4_mission:/opt/ros/humble LD_LIBRARY_PATH=/home/indowings/scripts/2026-06-25/ros2_ws/install/px4_msgs/lib:/home/indowings/scripts/2026-06-25/ros2_ws/install/px4_ros_com/lib:/opt/ros/humble/opt/rviz_ogre_vendor/lib:/opt/ros/humble/lib/x86_64-linux-gnu:/opt/ros/humble/lib /usr/bin/cmake --build /home/indowings/scripts/2026-06-25/ros2_ws/build/px4_ros_com -- -j8 -l8
[26.030s] DEBUG:colcon.colcon_core.event_handler.log_command:Invoking command in '/home/indowings/scripts/2026-06-25/ros2_ws/build/px4_ros_com': CMAKE_PREFIX_PATH=/home/indowings/scripts/2026-06-25/ros2_ws/install/px4_msgs:/home/indowings/scripts/2026-06-25/ros2_ws/install/px4_ros_com:/home/indowings/scripts/2026-06-25/ros2_ws/install/px4_mission:/opt/ros/humble LD_LIBRARY_PATH=/home/indowings/scripts/2026-06-25/ros2_ws/install/px4_msgs/lib:/home/indowings/scripts/2026-06-25/ros2_ws/install/px4_ros_com/lib:/opt/ros/humble/opt/rviz_ogre_vendor/lib:/opt/ros/humble/lib/x86_64-linux-gnu:/opt/ros/humble/lib /usr/bin/cmake --install /home/indowings/scripts/2026-06-25/ros2_ws/build/px4_ros_com
[26.424s] Level 1:colcon.colcon_core.environment:create_environment_scripts_only(px4_ros_com)
[26.427s] Level 1:colcon.colcon_core.environment:checking '/home/indowings/scripts/2026-06-25/ros2_ws/install/px4_ros_com' for CMake module files
[26.431s] DEBUG:colcon.colcon_core.event_handler.log_command:Invoked command in '/home/indowings/scripts/2026-06-25/ros2_ws/build/px4_ros_com' returned '0': CMAKE_PREFIX_PATH=/home/indowings/scripts/2026-06-25/ros2_ws/install/px4_msgs:/home/indowings/scripts/2026-06-25/ros2_ws/install/px4_ros_com:/home/indowings/scripts/2026-06-25/ros2_ws/install/px4_mission:/opt/ros/humble LD_LIBRARY_PATH=/home/indowings/scripts/2026-06-25/ros2_ws/install/px4_msgs/lib:/home/indowings/scripts/2026-06-25/ros2_ws/install/px4_ros_com/lib:/opt/ros/humble/opt/rviz_ogre_vendor/lib:/opt/ros/humble/lib/x86_64-linux-gnu:/opt/ros/humble/lib /usr/bin/cmake --install /home/indowings/scripts/2026-06-25/ros2_ws/build/px4_ros_com
[26.435s] Level 1:colcon.colcon_core.environment:checking '/home/indowings/scripts/2026-06-25/ros2_ws/install/px4_ros_com' for CMake config files
[26.438s] Level 1:colcon.colcon_core.shell:create_environment_hook('px4_ros_com', 'cmake_prefix_path')
[26.439s] INFO:colcon.colcon_core.shell:Creating environment hook '/home/indowings/scripts/2026-06-25/ros2_ws/install/px4_ros_com/share/px4_ros_com/hook/cmake_prefix_path.ps1'
[26.441s] INFO:colcon.colcon_core.shell:Creating environment descriptor '/home/indowings/scripts/2026-06-25/ros2_ws/install/px4_ros_com/share/px4_ros_com/hook/cmake_prefix_path.dsv'
[26.445s] INFO:colcon.colcon_core.shell:Creating environment hook '/home/indowings/scripts/2026-06-25/ros2_ws/install/px4_ros_com/share/px4_ros_com/hook/cmake_prefix_path.sh'
[26.450s] Level 1:colcon.colcon_core.environment:checking '/home/indowings/scripts/2026-06-25/ros2_ws/install/px4_ros_com/lib'
[26.451s] Level 1:colcon.colcon_core.shell:create_environment_hook('px4_ros_com', 'ld_library_path_lib')
[26.453s] INFO:colcon.colcon_core.shell:Creating environment hook '/home/indowings/scripts/2026-06-25/ros2_ws/install/px4_ros_com/share/px4_ros_com/hook/ld_library_path_lib.ps1'
[26.457s] INFO:colcon.colcon_core.shell:Creating environment descriptor '/home/indowings/scripts/2026-06-25/ros2_ws/install/px4_ros_com/share/px4_ros_com/hook/ld_library_path_lib.dsv'
[26.458s] INFO:colcon.colcon_core.shell:Creating environment hook '/home/indowings/scripts/2026-06-25/ros2_ws/install/px4_ros_com/share/px4_ros_com/hook/ld_library_path_lib.sh'
[26.459s] Level 1:colcon.colcon_core.environment:checking '/home/indowings/scripts/2026-06-25/ros2_ws/install/px4_ros_com/bin'
[26.459s] Level 1:colcon.colcon_core.environment:checking '/home/indowings/scripts/2026-06-25/ros2_ws/install/px4_ros_com/lib/pkgconfig/px4_ros_com.pc'
[26.460s] Level 1:colcon.colcon_core.environment:checking '/home/indowings/scripts/2026-06-25/ros2_ws/install/px4_ros_com/lib/python3.10/site-packages'
[26.462s] Level 1:colcon.colcon_core.environment:checking '/home/indowings/scripts/2026-06-25/ros2_ws/install/px4_ros_com/bin'
[26.464s] INFO:colcon.colcon_core.shell:Creating package script '/home/indowings/scripts/2026-06-25/ros2_ws/install/px4_ros_com/share/px4_ros_com/package.ps1'
[26.469s] INFO:colcon.colcon_core.shell:Creating package descriptor '/home/indowings/scripts/2026-06-25/ros2_ws/install/px4_ros_com/share/px4_ros_com/package.dsv'
[26.473s] INFO:colcon.colcon_core.shell:Creating package script '/home/indowings/scripts/2026-06-25/ros2_ws/install/px4_ros_com/share/px4_ros_com/package.sh'
[26.477s] INFO:colcon.colcon_core.shell:Creating package script '/home/indowings/scripts/2026-06-25/ros2_ws/install/px4_ros_com/share/px4_ros_com/package.bash'
[26.478s] INFO:colcon.colcon_core.shell:Creating package script '/home/indowings/scripts/2026-06-25/ros2_ws/install/px4_ros_com/share/px4_ros_com/package.zsh'
[26.480s] Level 1:colcon.colcon_core.environment:create_file_with_runtime_dependencies(/home/indowings/scripts/2026-06-25/ros2_ws/install/px4_ros_com/share/colcon-core/packages/px4_ros_com)
[26.485s] Level 1:colcon.colcon_core.environment:create_environment_scripts_only(px4_ros_com)
[26.487s] Level 1:colcon.colcon_core.environment:checking '/home/indowings/scripts/2026-06-25/ros2_ws/install/px4_ros_com' for CMake module files
[26.491s] Level 1:colcon.colcon_core.environment:checking '/home/indowings/scripts/2026-06-25/ros2_ws/install/px4_ros_com' for CMake config files
[26.493s] Level 1:colcon.colcon_core.shell:create_environment_hook('px4_ros_com', 'cmake_prefix_path')
[26.495s] INFO:colcon.colcon_core.shell:Creating environment hook '/home/indowings/scripts/2026-06-25/ros2_ws/install/px4_ros_com/share/px4_ros_com/hook/cmake_prefix_path.ps1'
[26.496s] INFO:colcon.colcon_core.shell:Creating environment descriptor '/home/indowings/scripts/2026-06-25/ros2_ws/install/px4_ros_com/share/px4_ros_com/hook/cmake_prefix_path.dsv'
[26.498s] INFO:colcon.colcon_core.shell:Creating environment hook '/home/indowings/scripts/2026-06-25/ros2_ws/install/px4_ros_com/share/px4_ros_com/hook/cmake_prefix_path.sh'
[26.503s] Level 1:colcon.colcon_core.environment:checking '/home/indowings/scripts/2026-06-25/ros2_ws/install/px4_ros_com/lib'
[26.504s] Level 1:colcon.colcon_core.shell:create_environment_hook('px4_ros_com', 'ld_library_path_lib')
[26.507s] INFO:colcon.colcon_core.shell:Creating environment hook '/home/indowings/scripts/2026-06-25/ros2_ws/install/px4_ros_com/share/px4_ros_com/hook/ld_library_path_lib.ps1'
[26.509s] INFO:colcon.colcon_core.shell:Creating environment descriptor '/home/indowings/scripts/2026-06-25/ros2_ws/install/px4_ros_com/share/px4_ros_com/hook/ld_library_path_lib.dsv'
[26.511s] INFO:colcon.colcon_core.shell:Creating environment hook '/home/indowings/scripts/2026-06-25/ros2_ws/install/px4_ros_com/share/px4_ros_com/hook/ld_library_path_lib.sh'
[26.514s] Level 1:colcon.colcon_core.environment:checking '/home/indowings/scripts/2026-06-25/ros2_ws/install/px4_ros_com/bin'
[26.514s] Level 1:colcon.colcon_core.environment:checking '/home/indowings/scripts/2026-06-25/ros2_ws/install/px4_ros_com/lib/pkgconfig/px4_ros_com.pc'
[26.515s] Level 1:colcon.colcon_core.environment:checking '/home/indowings/scripts/2026-06-25/ros2_ws/install/px4_ros_com/lib/python3.10/site-packages'
[26.516s] Level 1:colcon.colcon_core.environment:checking '/home/indowings/scripts/2026-06-25/ros2_ws/install/px4_ros_com/bin'
[26.519s] INFO:colcon.colcon_core.shell:Creating package script '/home/indowings/scripts/2026-06-25/ros2_ws/install/px4_ros_com/share/px4_ros_com/package.ps1'
[26.526s] INFO:colcon.colcon_core.shell:Creating package descriptor '/home/indowings/scripts/2026-06-25/ros2_ws/install/px4_ros_com/share/px4_ros_com/package.dsv'
[26.530s] INFO:colcon.colcon_core.shell:Creating package script '/home/indowings/scripts/2026-06-25/ros2_ws/install/px4_ros_com/share/px4_ros_com/package.sh'
[26.534s] INFO:colcon.colcon_core.shell:Creating package script '/home/indowings/scripts/2026-06-25/ros2_ws/install/px4_ros_com/share/px4_ros_com/package.bash'
[26.536s] INFO:colcon.colcon_core.shell:Creating package script '/home/indowings/scripts/2026-06-25/ros2_ws/install/px4_ros_com/share/px4_ros_com/package.zsh'
[26.540s] Level 1:colcon.colcon_core.environment:create_file_with_runtime_dependencies(/home/indowings/scripts/2026-06-25/ros2_ws/install/px4_ros_com/share/colcon-core/packages/px4_ros_com)
[26.541s] DEBUG:colcon.colcon_parallel_executor.executor.parallel:closing loop
[26.544s] DEBUG:colcon.colcon_parallel_executor.executor.parallel:loop closed
[26.545s] DEBUG:colcon.colcon_parallel_executor.executor.parallel:run_until_complete finished with '0'
[26.545s] DEBUG:colcon.colcon_core.event_reactor:joining thread
[26.585s] INFO:colcon.colcon_core.plugin_system:Skipping extension 'colcon_notification.desktop_notification.terminal_notifier': Not used on non-Darwin systems
[26.586s] INFO:colcon.colcon_core.plugin_system:Skipping extension 'colcon_notification.desktop_notification.win32': Not used on non-Windows systems
[26.586s] INFO:colcon.colcon_notification.desktop_notification:Sending desktop notification using 'notify2'
[26.660s] DEBUG:colcon.colcon_core.event_reactor:joined thread
[26.662s] INFO:colcon.colcon_core.shell:Creating prefix script '/home/indowings/scripts/2026-06-25/ros2_ws/install/local_setup.ps1'
[26.673s] INFO:colcon.colcon_core.shell:Creating prefix util module '/home/indowings/scripts/2026-06-25/ros2_ws/install/_local_setup_util_ps1.py'
[26.679s] INFO:colcon.colcon_core.shell:Creating prefix chain script '/home/indowings/scripts/2026-06-25/ros2_ws/install/setup.ps1'
[26.685s] INFO:colcon.colcon_core.shell:Creating prefix script '/home/indowings/scripts/2026-06-25/ros2_ws/install/local_setup.sh'
[26.691s] INFO:colcon.colcon_core.shell:Creating prefix util module '/home/indowings/scripts/2026-06-25/ros2_ws/install/_local_setup_util_sh.py'
[26.697s] INFO:colcon.colcon_core.shell:Creating prefix chain script '/home/indowings/scripts/2026-06-25/ros2_ws/install/setup.sh'
[26.701s] INFO:colcon.colcon_core.shell:Creating prefix script '/home/indowings/scripts/2026-06-25/ros2_ws/install/local_setup.bash'
[26.702s] INFO:colcon.colcon_core.shell:Creating prefix chain script '/home/indowings/scripts/2026-06-25/ros2_ws/install/setup.bash'
[26.706s] INFO:colcon.colcon_core.shell:Creating prefix script '/home/indowings/scripts/2026-06-25/ros2_ws/install/local_setup.zsh'
[26.708s] INFO:colcon.colcon_core.shell:Creating prefix chain script '/home/indowings/scripts/2026-06-25/ros2_ws/install/setup.zsh'
