[0.193s] DEBUG:colcon:Command line arguments: ['/home/indowings/.local/bin/colcon', 'build', '--symlink-install']
[0.193s] DEBUG:colcon:Parsed command line arguments: Namespace(log_base=None, log_level=None, verb_name='build', build_base='build', install_base='install', merge_install=False, symlink_install=True, test_result_base=None, continue_on_error=False, executor='parallel', parallel_workers=8, event_handlers=None, ignore_user_meta=False, metas=['./colcon.meta'], base_paths=['.'], packages_ignore=None, packages_ignore_regex=None, paths=None, packages_up_to=None, packages_up_to_regex=None, packages_above=None, packages_above_and_dependencies=None, packages_above_depth=None, packages_select_by_dep=None, packages_skip_by_dep=None, packages_skip_up_to=None, packages_select_build_failed=False, packages_skip_build_finished=False, packages_select_test_failures=False, packages_skip_test_passed=False, packages_select=None, packages_skip=None, packages_select_regex=None, packages_skip_regex=None, packages_start=None, packages_end=None, allow_overriding=[], cmake_args=None, cmake_target=None, cmake_target_skip_unavailable=False, cmake_clean_cache=False, cmake_clean_first=False, cmake_force_configure=False, ament_cmake_args=None, catkin_cmake_args=None, catkin_skip_building_tests=False, verb_parser=<colcon_defaults.argument_parser.defaults.DefaultArgumentsDecorator object at 0x7d8020459e40>, verb_extension=<colcon_core.verb.build.BuildVerb object at 0x7d8020459930>, main=<bound method BuildVerb.main of <colcon_core.verb.build.BuildVerb object at 0x7d8020459930>>)
[0.244s] Level 1:colcon.colcon_core.package_discovery:discover_packages(colcon_meta) check parameters
[0.244s] Level 1:colcon.colcon_core.package_discovery:discover_packages(recursive) check parameters
[0.244s] Level 1:colcon.colcon_core.package_discovery:discover_packages(ignore) check parameters
[0.244s] Level 1:colcon.colcon_core.package_discovery:discover_packages(path) check parameters
[0.245s] Level 1:colcon.colcon_core.package_discovery:discover_packages(colcon_meta) discover
[0.245s] Level 1:colcon.colcon_core.package_discovery:discover_packages(recursive) discover
[0.245s] INFO:colcon.colcon_core.package_discovery:Crawling recursively for packages in '/home/indowings/scripts/2026-06-26/ros2_ws'
[0.245s] Level 1:colcon.colcon_core.package_identification:_identify(.) by extensions ['ignore', 'ignore_ament_install']
[0.245s] Level 1:colcon.colcon_core.package_identification:_identify(.) by extension 'ignore'
[0.245s] Level 1:colcon.colcon_core.package_identification:_identify(.) by extension 'ignore_ament_install'
[0.245s] Level 1:colcon.colcon_core.package_identification:_identify(.) by extensions ['colcon_pkg']
[0.245s] Level 1:colcon.colcon_core.package_identification:_identify(.) by extension 'colcon_pkg'
[0.245s] Level 1:colcon.colcon_core.package_identification:_identify(.) by extensions ['colcon_meta']
[0.245s] Level 1:colcon.colcon_core.package_identification:_identify(.) by extension 'colcon_meta'
[0.245s] Level 1:colcon.colcon_core.package_identification:_identify(.) by extensions ['ros']
[0.245s] Level 1:colcon.colcon_core.package_identification:_identify(.) by extension 'ros'
[0.285s] Level 1:colcon.colcon_core.package_identification:_identify(.) by extensions ['cmake', 'python']
[0.285s] Level 1:colcon.colcon_core.package_identification:_identify(.) by extension 'cmake'
[0.285s] Level 1:colcon.colcon_core.package_identification:_identify(.) by extension 'python'
[0.285s] Level 1:colcon.colcon_core.package_identification:_identify(.) by extensions ['python_setup_py']
[0.285s] Level 1:colcon.colcon_core.package_identification:_identify(.) by extension 'python_setup_py'
[0.286s] Level 1:colcon.colcon_core.package_identification:_identify(build) by extensions ['ignore', 'ignore_ament_install']
[0.286s] Level 1:colcon.colcon_core.package_identification:_identify(build) by extension 'ignore'
[0.286s] Level 1:colcon.colcon_core.package_identification:_identify(build) ignored
[0.286s] Level 1:colcon.colcon_core.package_identification:_identify(install) by extensions ['ignore', 'ignore_ament_install']
[0.286s] Level 1:colcon.colcon_core.package_identification:_identify(install) by extension 'ignore'
[0.286s] Level 1:colcon.colcon_core.package_identification:_identify(install) ignored
[0.286s] Level 1:colcon.colcon_core.package_identification:_identify(log) by extensions ['ignore', 'ignore_ament_install']
[0.286s] Level 1:colcon.colcon_core.package_identification:_identify(log) by extension 'ignore'
[0.287s] Level 1:colcon.colcon_core.package_identification:_identify(log) ignored
[0.287s] Level 1:colcon.colcon_core.package_identification:_identify(src) by extensions ['ignore', 'ignore_ament_install']
[0.287s] Level 1:colcon.colcon_core.package_identification:_identify(src) by extension 'ignore'
[0.287s] Level 1:colcon.colcon_core.package_identification:_identify(src) by extension 'ignore_ament_install'
[0.287s] Level 1:colcon.colcon_core.package_identification:_identify(src) by extensions ['colcon_pkg']
[0.287s] Level 1:colcon.colcon_core.package_identification:_identify(src) by extension 'colcon_pkg'
[0.287s] Level 1:colcon.colcon_core.package_identification:_identify(src) by extensions ['colcon_meta']
[0.287s] Level 1:colcon.colcon_core.package_identification:_identify(src) by extension 'colcon_meta'
[0.287s] Level 1:colcon.colcon_core.package_identification:_identify(src) by extensions ['ros']
[0.287s] Level 1:colcon.colcon_core.package_identification:_identify(src) by extension 'ros'
[0.287s] Level 1:colcon.colcon_core.package_identification:_identify(src) by extensions ['cmake', 'python']
[0.288s] Level 1:colcon.colcon_core.package_identification:_identify(src) by extension 'cmake'
[0.288s] Level 1:colcon.colcon_core.package_identification:_identify(src) by extension 'python'
[0.288s] Level 1:colcon.colcon_core.package_identification:_identify(src) by extensions ['python_setup_py']
[0.288s] Level 1:colcon.colcon_core.package_identification:_identify(src) by extension 'python_setup_py'
[0.288s] Level 1:colcon.colcon_core.package_identification:_identify(src/arduplane_controller) by extensions ['ignore', 'ignore_ament_install']
[0.288s] Level 1:colcon.colcon_core.package_identification:_identify(src/arduplane_controller) by extension 'ignore'
[0.288s] Level 1:colcon.colcon_core.package_identification:_identify(src/arduplane_controller) by extension 'ignore_ament_install'
[0.288s] Level 1:colcon.colcon_core.package_identification:_identify(src/arduplane_controller) by extensions ['colcon_pkg']
[0.288s] Level 1:colcon.colcon_core.package_identification:_identify(src/arduplane_controller) by extension 'colcon_pkg'
[0.288s] Level 1:colcon.colcon_core.package_identification:_identify(src/arduplane_controller) by extensions ['colcon_meta']
[0.288s] Level 1:colcon.colcon_core.package_identification:_identify(src/arduplane_controller) by extension 'colcon_meta'
[0.289s] Level 1:colcon.colcon_core.package_identification:_identify(src/arduplane_controller) by extensions ['ros']
[0.289s] Level 1:colcon.colcon_core.package_identification:_identify(src/arduplane_controller) by extension 'ros'
[0.292s] DEBUG:colcon.colcon_core.package_identification:Package 'src/arduplane_controller' with type 'ros.ament_python' and name 'arduplane_controller'
[0.292s] Level 1:colcon.colcon_core.package_discovery:discover_packages(recursive) using defaults
[0.293s] Level 1:colcon.colcon_core.package_discovery:discover_packages(ignore) discover
[0.293s] Level 1:colcon.colcon_core.package_discovery:discover_packages(ignore) using defaults
[0.293s] Level 1:colcon.colcon_core.package_discovery:discover_packages(path) discover
[0.293s] Level 1:colcon.colcon_core.package_discovery:discover_packages(path) using defaults
[0.323s] Level 1:colcon.colcon_core.package_discovery:discover_packages(prefix_path) check parameters
[0.323s] Level 1:colcon.colcon_core.package_discovery:discover_packages(prefix_path) discover
[0.326s] DEBUG:colcon.colcon_installed_package_information.package_discovery:Found 1 installed packages in /home/indowings/scripts/2026-06-26/ros2_ws/install
[0.326s] DEBUG:colcon.colcon_installed_package_information.package_discovery:Found 3 installed packages in /home/indowings/scripts/2026-06-25/ros2_ws/install
[0.328s] DEBUG:colcon.colcon_installed_package_information.package_discovery:Found 281 installed packages in /opt/ros/humble
[0.329s] Level 1:colcon.colcon_core.package_discovery:discover_packages(prefix_path) using defaults
[0.404s] Level 5:colcon.colcon_core.verb:set package 'arduplane_controller' build argument 'cmake_args' from command line to 'None'
[0.404s] Level 5:colcon.colcon_core.verb:set package 'arduplane_controller' build argument 'cmake_target' from command line to 'None'
[0.404s] Level 5:colcon.colcon_core.verb:set package 'arduplane_controller' build argument 'cmake_target_skip_unavailable' from command line to 'False'
[0.404s] Level 5:colcon.colcon_core.verb:set package 'arduplane_controller' build argument 'cmake_clean_cache' from command line to 'False'
[0.404s] Level 5:colcon.colcon_core.verb:set package 'arduplane_controller' build argument 'cmake_clean_first' from command line to 'False'
[0.404s] Level 5:colcon.colcon_core.verb:set package 'arduplane_controller' build argument 'cmake_force_configure' from command line to 'False'
[0.404s] Level 5:colcon.colcon_core.verb:set package 'arduplane_controller' build argument 'ament_cmake_args' from command line to 'None'
[0.404s] Level 5:colcon.colcon_core.verb:set package 'arduplane_controller' build argument 'catkin_cmake_args' from command line to 'None'
[0.404s] Level 5:colcon.colcon_core.verb:set package 'arduplane_controller' build argument 'catkin_skip_building_tests' from command line to 'False'
[0.404s] DEBUG:colcon.colcon_core.verb:Building package 'arduplane_controller' with the following arguments: {'ament_cmake_args': None, 'build_base': '/home/indowings/scripts/2026-06-26/ros2_ws/build/arduplane_controller', 'catkin_cmake_args': None, 'catkin_skip_building_tests': False, 'cmake_args': None, 'cmake_clean_cache': False, 'cmake_clean_first': False, 'cmake_force_configure': False, 'cmake_target': None, 'cmake_target_skip_unavailable': False, 'install_base': '/home/indowings/scripts/2026-06-26/ros2_ws/install/arduplane_controller', 'merge_install': False, 'path': '/home/indowings/scripts/2026-06-26/ros2_ws/src/arduplane_controller', 'symlink_install': True, 'test_result_base': None}
[0.405s] INFO:colcon.colcon_core.executor:Executing jobs using 'parallel' executor
[0.406s] DEBUG:colcon.colcon_parallel_executor.executor.parallel:run_until_complete
[0.407s] INFO:colcon.colcon_ros.task.ament_python.build:Building ROS package in '/home/indowings/scripts/2026-06-26/ros2_ws/src/arduplane_controller' with build type 'ament_python'
[0.407s] Level 1:colcon.colcon_core.shell:create_environment_hook('arduplane_controller', 'ament_prefix_path')
[0.409s] INFO:colcon.colcon_core.plugin_system:Skipping extension 'colcon_core.shell.bat': Not used on non-Windows systems
[0.409s] INFO:colcon.colcon_core.shell:Creating environment hook '/home/indowings/scripts/2026-06-26/ros2_ws/install/arduplane_controller/share/arduplane_controller/hook/ament_prefix_path.ps1'
[0.410s] INFO:colcon.colcon_core.shell:Creating environment descriptor '/home/indowings/scripts/2026-06-26/ros2_ws/install/arduplane_controller/share/arduplane_controller/hook/ament_prefix_path.dsv'
[0.411s] INFO:colcon.colcon_core.shell:Creating environment hook '/home/indowings/scripts/2026-06-26/ros2_ws/install/arduplane_controller/share/arduplane_controller/hook/ament_prefix_path.sh'
[0.412s] INFO:colcon.colcon_core.shell:Skip shell extension 'powershell' for command environment: Not usable outside of PowerShell
[0.412s] DEBUG:colcon.colcon_core.shell:Skip shell extension 'dsv' for command environment
[0.701s] INFO:colcon.colcon_core.task.python.build:Building Python package in '/home/indowings/scripts/2026-06-26/ros2_ws/src/arduplane_controller'
[0.702s] INFO:colcon.colcon_core.shell:Skip shell extension 'powershell' for command environment: Not usable outside of PowerShell
[0.702s] DEBUG:colcon.colcon_core.shell:Skip shell extension 'dsv' for command environment
[1.404s] DEBUG:colcon.colcon_core.task.python.build:Available setuptools commands: update_catalog, build_py, easy_install, build, install_lib, symlink_data, compile_catalog, install_headers, saveopts, alias, sdist, bdist_dumb, bdist_wheel, install, develop, dist_info, init_catalog, extract_messages, setopt, build_ext, clean, egg_info, install_scripts, bdist, editable_wheel, bdist_rpm, bdist_egg, rotate, install_egg_info, build_clib, check, install_data, build_scripts
[1.882s] DEBUG:colcon.colcon_core.task.python.build:Available setuptools 'develop' options: --optimize, --record, --prefix, --site-dirs, --local-snapshots-ok, --egg-path, --editable, --user, --index-url, --quiet, --verbose, --multi-version, --build-directory, --no-deps, --always-copy, --help, --find-links, --exclude-scripts, --script-dir, --always-unzip, --dry-run, --no-find-links, --install-dir, --allow-hosts, --no-user-cfg, --version, --uninstall, --zip-ok, --upgrade
[1.886s] DEBUG:colcon.colcon_core.event_handler.log_command:Invoking command in '/home/indowings/scripts/2026-06-26/ros2_ws/build/arduplane_controller': PYTHONPATH=/home/indowings/scripts/2026-06-26/ros2_ws/build/arduplane_controller/prefix_override:/home/indowings/.local/lib/python3.10/site-packages/colcon_core/task/python/colcon_distutils_commands:/home/indowings/scripts/2026-06-26/ros2_ws/install/arduplane_controller/lib/python3.10/site-packages:${PYTHONPATH} /usr/bin/python3 -W ignore:setup.py install is deprecated -W ignore:easy_install command is deprecated setup.py develop --editable --build-directory /home/indowings/scripts/2026-06-26/ros2_ws/build/arduplane_controller/build --no-deps symlink_data
[2.766s] Level 1:colcon.colcon_core.shell:create_environment_hook('arduplane_controller', 'pythonpath_develop')
[2.766s] INFO:colcon.colcon_core.shell:Creating environment hook '/home/indowings/scripts/2026-06-26/ros2_ws/build/arduplane_controller/share/arduplane_controller/hook/pythonpath_develop.ps1'
[2.767s] DEBUG:colcon.colcon_core.event_handler.log_command:Invoked command in '/home/indowings/scripts/2026-06-26/ros2_ws/build/arduplane_controller' returned '0': PYTHONPATH=/home/indowings/scripts/2026-06-26/ros2_ws/build/arduplane_controller/prefix_override:/home/indowings/.local/lib/python3.10/site-packages/colcon_core/task/python/colcon_distutils_commands:/home/indowings/scripts/2026-06-26/ros2_ws/install/arduplane_controller/lib/python3.10/site-packages:${PYTHONPATH} /usr/bin/python3 -W ignore:setup.py install is deprecated -W ignore:easy_install command is deprecated setup.py develop --editable --build-directory /home/indowings/scripts/2026-06-26/ros2_ws/build/arduplane_controller/build --no-deps symlink_data
[2.768s] INFO:colcon.colcon_core.shell:Creating environment descriptor '/home/indowings/scripts/2026-06-26/ros2_ws/build/arduplane_controller/share/arduplane_controller/hook/pythonpath_develop.dsv'
[2.768s] INFO:colcon.colcon_core.shell:Creating environment hook '/home/indowings/scripts/2026-06-26/ros2_ws/build/arduplane_controller/share/arduplane_controller/hook/pythonpath_develop.sh'
[2.771s] Level 1:colcon.colcon_core.environment:checking '/home/indowings/scripts/2026-06-26/ros2_ws/install/arduplane_controller' for CMake module files
[2.772s] Level 1:colcon.colcon_core.environment:checking '/home/indowings/scripts/2026-06-26/ros2_ws/install/arduplane_controller' for CMake config files
[2.773s] Level 1:colcon.colcon_core.environment:checking '/home/indowings/scripts/2026-06-26/ros2_ws/install/arduplane_controller/lib'
[2.773s] Level 1:colcon.colcon_core.environment:checking '/home/indowings/scripts/2026-06-26/ros2_ws/install/arduplane_controller/bin'
[2.773s] Level 1:colcon.colcon_core.environment:checking '/home/indowings/scripts/2026-06-26/ros2_ws/install/arduplane_controller/lib/pkgconfig/arduplane_controller.pc'
[2.773s] Level 1:colcon.colcon_core.environment:checking '/home/indowings/scripts/2026-06-26/ros2_ws/install/arduplane_controller/lib/python3.10/site-packages'
[2.773s] Level 1:colcon.colcon_core.shell:create_environment_hook('arduplane_controller', 'pythonpath')
[2.774s] INFO:colcon.colcon_core.shell:Creating environment hook '/home/indowings/scripts/2026-06-26/ros2_ws/install/arduplane_controller/share/arduplane_controller/hook/pythonpath.ps1'
[2.774s] INFO:colcon.colcon_core.shell:Creating environment descriptor '/home/indowings/scripts/2026-06-26/ros2_ws/install/arduplane_controller/share/arduplane_controller/hook/pythonpath.dsv'
[2.775s] INFO:colcon.colcon_core.shell:Creating environment hook '/home/indowings/scripts/2026-06-26/ros2_ws/install/arduplane_controller/share/arduplane_controller/hook/pythonpath.sh'
[2.776s] Level 1:colcon.colcon_core.environment:checking '/home/indowings/scripts/2026-06-26/ros2_ws/install/arduplane_controller/bin'
[2.776s] Level 1:colcon.colcon_core.environment:create_environment_scripts_only(arduplane_controller)
[2.776s] INFO:colcon.colcon_core.shell:Creating package script '/home/indowings/scripts/2026-06-26/ros2_ws/install/arduplane_controller/share/arduplane_controller/package.ps1'
[2.778s] INFO:colcon.colcon_core.shell:Creating package descriptor '/home/indowings/scripts/2026-06-26/ros2_ws/install/arduplane_controller/share/arduplane_controller/package.dsv'
[2.778s] INFO:colcon.colcon_core.shell:Creating package script '/home/indowings/scripts/2026-06-26/ros2_ws/install/arduplane_controller/share/arduplane_controller/package.sh'
[2.779s] INFO:colcon.colcon_core.shell:Creating package script '/home/indowings/scripts/2026-06-26/ros2_ws/install/arduplane_controller/share/arduplane_controller/package.bash'
[2.781s] INFO:colcon.colcon_core.shell:Creating package script '/home/indowings/scripts/2026-06-26/ros2_ws/install/arduplane_controller/share/arduplane_controller/package.zsh'
[2.781s] Level 1:colcon.colcon_core.environment:create_file_with_runtime_dependencies(/home/indowings/scripts/2026-06-26/ros2_ws/install/arduplane_controller/share/colcon-core/packages/arduplane_controller)
[2.782s] DEBUG:colcon.colcon_parallel_executor.executor.parallel:closing loop
[2.782s] DEBUG:colcon.colcon_parallel_executor.executor.parallel:loop closed
[2.782s] DEBUG:colcon.colcon_parallel_executor.executor.parallel:run_until_complete finished with '0'
[2.782s] DEBUG:colcon.colcon_core.event_reactor:joining thread
[2.788s] INFO:colcon.colcon_core.plugin_system:Skipping extension 'colcon_notification.desktop_notification.terminal_notifier': Not used on non-Darwin systems
[2.788s] INFO:colcon.colcon_core.plugin_system:Skipping extension 'colcon_notification.desktop_notification.win32': Not used on non-Windows systems
[2.788s] INFO:colcon.colcon_notification.desktop_notification:Sending desktop notification using 'notify2'
[2.804s] DEBUG:colcon.colcon_core.event_reactor:joined thread
[2.804s] INFO:colcon.colcon_core.shell:Creating prefix script '/home/indowings/scripts/2026-06-26/ros2_ws/install/local_setup.ps1'
[2.806s] INFO:colcon.colcon_core.shell:Creating prefix util module '/home/indowings/scripts/2026-06-26/ros2_ws/install/_local_setup_util_ps1.py'
[2.809s] INFO:colcon.colcon_core.shell:Creating prefix chain script '/home/indowings/scripts/2026-06-26/ros2_ws/install/setup.ps1'
[2.812s] INFO:colcon.colcon_core.shell:Creating prefix script '/home/indowings/scripts/2026-06-26/ros2_ws/install/local_setup.sh'
[2.812s] INFO:colcon.colcon_core.shell:Creating prefix util module '/home/indowings/scripts/2026-06-26/ros2_ws/install/_local_setup_util_sh.py'
[2.813s] INFO:colcon.colcon_core.shell:Creating prefix chain script '/home/indowings/scripts/2026-06-26/ros2_ws/install/setup.sh'
[2.814s] INFO:colcon.colcon_core.shell:Creating prefix script '/home/indowings/scripts/2026-06-26/ros2_ws/install/local_setup.bash'
[2.815s] INFO:colcon.colcon_core.shell:Creating prefix chain script '/home/indowings/scripts/2026-06-26/ros2_ws/install/setup.bash'
[2.816s] INFO:colcon.colcon_core.shell:Creating prefix script '/home/indowings/scripts/2026-06-26/ros2_ws/install/local_setup.zsh'
[2.817s] INFO:colcon.colcon_core.shell:Creating prefix chain script '/home/indowings/scripts/2026-06-26/ros2_ws/install/setup.zsh'
