[0.636s] DEBUG:colcon:Command line arguments: ['/home/indowings/.local/bin/colcon', 'build']
[0.636s] DEBUG:colcon:Parsed command line arguments: Namespace(log_base=None, log_level=None, verb_name='build', build_base='build', install_base='install', merge_install=False, symlink_install=False, test_result_base=None, continue_on_error=False, executor='parallel', parallel_workers=8, event_handlers=None, ignore_user_meta=False, metas=['./colcon.meta'], base_paths=['.'], packages_ignore=None, packages_ignore_regex=None, paths=None, packages_up_to=None, packages_up_to_regex=None, packages_above=None, packages_above_and_dependencies=None, packages_above_depth=None, packages_select_by_dep=None, packages_skip_by_dep=None, packages_skip_up_to=None, packages_select_build_failed=False, packages_skip_build_finished=False, packages_select_test_failures=False, packages_skip_test_passed=False, packages_select=None, packages_skip=None, packages_select_regex=None, packages_skip_regex=None, packages_start=None, packages_end=None, allow_overriding=[], cmake_args=None, cmake_target=None, cmake_target_skip_unavailable=False, cmake_clean_cache=False, cmake_clean_first=False, cmake_force_configure=False, ament_cmake_args=None, catkin_cmake_args=None, catkin_skip_building_tests=False, verb_parser=<colcon_defaults.argument_parser.defaults.DefaultArgumentsDecorator object at 0x7e97a5f61b10>, verb_extension=<colcon_core.verb.build.BuildVerb object at 0x7e97a5f61600>, main=<bound method BuildVerb.main of <colcon_core.verb.build.BuildVerb object at 0x7e97a5f61600>>)
[0.823s] Level 1:colcon.colcon_core.package_discovery:discover_packages(colcon_meta) check parameters
[0.824s] Level 1:colcon.colcon_core.package_discovery:discover_packages(recursive) check parameters
[0.824s] Level 1:colcon.colcon_core.package_discovery:discover_packages(ignore) check parameters
[0.824s] Level 1:colcon.colcon_core.package_discovery:discover_packages(path) check parameters
[0.825s] Level 1:colcon.colcon_core.package_discovery:discover_packages(colcon_meta) discover
[0.825s] Level 1:colcon.colcon_core.package_discovery:discover_packages(recursive) discover
[0.825s] INFO:colcon.colcon_core.package_discovery:Crawling recursively for packages in '/home/indowings/scripts/2026-06-25/ros2_ws'
[0.826s] Level 1:colcon.colcon_core.package_identification:_identify(.) by extensions ['ignore', 'ignore_ament_install']
[0.826s] Level 1:colcon.colcon_core.package_identification:_identify(.) by extension 'ignore'
[0.826s] Level 1:colcon.colcon_core.package_identification:_identify(.) by extension 'ignore_ament_install'
[0.827s] Level 1:colcon.colcon_core.package_identification:_identify(.) by extensions ['colcon_pkg']
[0.827s] Level 1:colcon.colcon_core.package_identification:_identify(.) by extension 'colcon_pkg'
[0.827s] Level 1:colcon.colcon_core.package_identification:_identify(.) by extensions ['colcon_meta']
[0.827s] Level 1:colcon.colcon_core.package_identification:_identify(.) by extension 'colcon_meta'
[0.827s] Level 1:colcon.colcon_core.package_identification:_identify(.) by extensions ['ros']
[0.827s] Level 1:colcon.colcon_core.package_identification:_identify(.) by extension 'ros'
[0.968s] Level 1:colcon.colcon_core.package_identification:_identify(.) by extensions ['cmake', 'python']
[0.968s] Level 1:colcon.colcon_core.package_identification:_identify(.) by extension 'cmake'
[0.968s] Level 1:colcon.colcon_core.package_identification:_identify(.) by extension 'python'
[0.968s] Level 1:colcon.colcon_core.package_identification:_identify(.) by extensions ['python_setup_py']
[0.968s] Level 1:colcon.colcon_core.package_identification:_identify(.) by extension 'python_setup_py'
[0.968s] Level 1:colcon.colcon_core.package_identification:_identify(build) by extensions ['ignore', 'ignore_ament_install']
[0.969s] Level 1:colcon.colcon_core.package_identification:_identify(build) by extension 'ignore'
[0.969s] Level 1:colcon.colcon_core.package_identification:_identify(build) ignored
[0.970s] Level 1:colcon.colcon_core.package_identification:_identify(install) by extensions ['ignore', 'ignore_ament_install']
[0.971s] Level 1:colcon.colcon_core.package_identification:_identify(install) by extension 'ignore'
[0.971s] Level 1:colcon.colcon_core.package_identification:_identify(install) ignored
[0.972s] Level 1:colcon.colcon_core.package_identification:_identify(log) by extensions ['ignore', 'ignore_ament_install']
[0.973s] Level 1:colcon.colcon_core.package_identification:_identify(log) by extension 'ignore'
[0.973s] Level 1:colcon.colcon_core.package_identification:_identify(log) ignored
[0.974s] Level 1:colcon.colcon_core.package_identification:_identify(src) by extensions ['ignore', 'ignore_ament_install']
[0.974s] Level 1:colcon.colcon_core.package_identification:_identify(src) by extension 'ignore'
[0.974s] Level 1:colcon.colcon_core.package_identification:_identify(src) by extension 'ignore_ament_install'
[0.975s] Level 1:colcon.colcon_core.package_identification:_identify(src) by extensions ['colcon_pkg']
[0.975s] Level 1:colcon.colcon_core.package_identification:_identify(src) by extension 'colcon_pkg'
[0.975s] Level 1:colcon.colcon_core.package_identification:_identify(src) by extensions ['colcon_meta']
[0.975s] Level 1:colcon.colcon_core.package_identification:_identify(src) by extension 'colcon_meta'
[0.975s] Level 1:colcon.colcon_core.package_identification:_identify(src) by extensions ['ros']
[0.975s] Level 1:colcon.colcon_core.package_identification:_identify(src) by extension 'ros'
[0.976s] Level 1:colcon.colcon_core.package_identification:_identify(src) by extensions ['cmake', 'python']
[0.976s] Level 1:colcon.colcon_core.package_identification:_identify(src) by extension 'cmake'
[0.976s] Level 1:colcon.colcon_core.package_identification:_identify(src) by extension 'python'
[0.976s] Level 1:colcon.colcon_core.package_identification:_identify(src) by extensions ['python_setup_py']
[0.976s] Level 1:colcon.colcon_core.package_identification:_identify(src) by extension 'python_setup_py'
[0.977s] Level 1:colcon.colcon_core.package_identification:_identify(src/px4_mission) by extensions ['ignore', 'ignore_ament_install']
[0.978s] Level 1:colcon.colcon_core.package_identification:_identify(src/px4_mission) by extension 'ignore'
[0.978s] Level 1:colcon.colcon_core.package_identification:_identify(src/px4_mission) by extension 'ignore_ament_install'
[0.978s] Level 1:colcon.colcon_core.package_identification:_identify(src/px4_mission) by extensions ['colcon_pkg']
[0.978s] Level 1:colcon.colcon_core.package_identification:_identify(src/px4_mission) by extension 'colcon_pkg'
[0.979s] Level 1:colcon.colcon_core.package_identification:_identify(src/px4_mission) by extensions ['colcon_meta']
[0.980s] Level 1:colcon.colcon_core.package_identification:_identify(src/px4_mission) by extension 'colcon_meta'
[0.981s] Level 1:colcon.colcon_core.package_identification:_identify(src/px4_mission) by extensions ['ros']
[0.981s] Level 1:colcon.colcon_core.package_identification:_identify(src/px4_mission) by extension 'ros'
[0.990s] DEBUG:colcon.colcon_core.package_identification:Package 'src/px4_mission' with type 'ros.ament_python' and name 'px4_mission'
[0.991s] Level 1:colcon.colcon_core.package_identification:_identify(src/px4_msgs) by extensions ['ignore', 'ignore_ament_install']
[0.992s] Level 1:colcon.colcon_core.package_identification:_identify(src/px4_msgs) by extension 'ignore'
[0.992s] Level 1:colcon.colcon_core.package_identification:_identify(src/px4_msgs) by extension 'ignore_ament_install'
[0.992s] Level 1:colcon.colcon_core.package_identification:_identify(src/px4_msgs) by extensions ['colcon_pkg']
[0.992s] Level 1:colcon.colcon_core.package_identification:_identify(src/px4_msgs) by extension 'colcon_pkg'
[0.993s] Level 1:colcon.colcon_core.package_identification:_identify(src/px4_msgs) by extensions ['colcon_meta']
[0.993s] Level 1:colcon.colcon_core.package_identification:_identify(src/px4_msgs) by extension 'colcon_meta'
[0.993s] Level 1:colcon.colcon_core.package_identification:_identify(src/px4_msgs) by extensions ['ros']
[0.993s] Level 1:colcon.colcon_core.package_identification:_identify(src/px4_msgs) by extension 'ros'
[0.998s] DEBUG:colcon.colcon_core.package_identification:Package 'src/px4_msgs' with type 'ros.ament_cmake' and name 'px4_msgs'
[0.998s] Level 1:colcon.colcon_core.package_identification:_identify(src/px4_ros_com) by extensions ['ignore', 'ignore_ament_install']
[0.998s] Level 1:colcon.colcon_core.package_identification:_identify(src/px4_ros_com) by extension 'ignore'
[0.998s] Level 1:colcon.colcon_core.package_identification:_identify(src/px4_ros_com) by extension 'ignore_ament_install'
[0.998s] Level 1:colcon.colcon_core.package_identification:_identify(src/px4_ros_com) by extensions ['colcon_pkg']
[0.999s] Level 1:colcon.colcon_core.package_identification:_identify(src/px4_ros_com) by extension 'colcon_pkg'
[0.999s] Level 1:colcon.colcon_core.package_identification:_identify(src/px4_ros_com) by extensions ['colcon_meta']
[0.999s] Level 1:colcon.colcon_core.package_identification:_identify(src/px4_ros_com) by extension 'colcon_meta'
[0.999s] Level 1:colcon.colcon_core.package_identification:_identify(src/px4_ros_com) by extensions ['ros']
[0.999s] Level 1:colcon.colcon_core.package_identification:_identify(src/px4_ros_com) by extension 'ros'
[1.004s] DEBUG:colcon.colcon_core.package_identification:Package 'src/px4_ros_com' with type 'ros.ament_cmake' and name 'px4_ros_com'
[1.004s] Level 1:colcon.colcon_core.package_discovery:discover_packages(recursive) using defaults
[1.005s] Level 1:colcon.colcon_core.package_discovery:discover_packages(ignore) discover
[1.005s] Level 1:colcon.colcon_core.package_discovery:discover_packages(ignore) using defaults
[1.005s] Level 1:colcon.colcon_core.package_discovery:discover_packages(path) discover
[1.005s] Level 1:colcon.colcon_core.package_discovery:discover_packages(path) using defaults
[1.090s] Level 1:colcon.colcon_core.package_discovery:discover_packages(prefix_path) check parameters
[1.090s] Level 1:colcon.colcon_core.package_discovery:discover_packages(prefix_path) discover
[1.099s] DEBUG:colcon.colcon_installed_package_information.package_discovery:Found 3 installed packages in /home/indowings/scripts/2026-06-25/ros2_ws/install
[1.103s] DEBUG:colcon.colcon_installed_package_information.package_discovery:Found 281 installed packages in /opt/ros/humble
[1.108s] Level 1:colcon.colcon_core.package_discovery:discover_packages(prefix_path) using defaults
[1.316s] Level 5:colcon.colcon_core.verb:set package 'px4_mission' build argument 'cmake_args' from command line to 'None'
[1.317s] Level 5:colcon.colcon_core.verb:set package 'px4_mission' build argument 'cmake_target' from command line to 'None'
[1.317s] Level 5:colcon.colcon_core.verb:set package 'px4_mission' build argument 'cmake_target_skip_unavailable' from command line to 'False'
[1.317s] Level 5:colcon.colcon_core.verb:set package 'px4_mission' build argument 'cmake_clean_cache' from command line to 'False'
[1.317s] Level 5:colcon.colcon_core.verb:set package 'px4_mission' build argument 'cmake_clean_first' from command line to 'False'
[1.317s] Level 5:colcon.colcon_core.verb:set package 'px4_mission' build argument 'cmake_force_configure' from command line to 'False'
[1.318s] Level 5:colcon.colcon_core.verb:set package 'px4_mission' build argument 'ament_cmake_args' from command line to 'None'
[1.318s] Level 5:colcon.colcon_core.verb:set package 'px4_mission' build argument 'catkin_cmake_args' from command line to 'None'
[1.318s] Level 5:colcon.colcon_core.verb:set package 'px4_mission' build argument 'catkin_skip_building_tests' from command line to 'False'
[1.318s] DEBUG:colcon.colcon_core.verb:Building package 'px4_mission' with the following arguments: {'ament_cmake_args': None, 'build_base': '/home/indowings/scripts/2026-06-25/ros2_ws/build/px4_mission', 'catkin_cmake_args': None, 'catkin_skip_building_tests': False, 'cmake_args': None, 'cmake_clean_cache': False, 'cmake_clean_first': False, 'cmake_force_configure': False, 'cmake_target': None, 'cmake_target_skip_unavailable': False, 'install_base': '/home/indowings/scripts/2026-06-25/ros2_ws/install/px4_mission', 'merge_install': False, 'path': '/home/indowings/scripts/2026-06-25/ros2_ws/src/px4_mission', 'symlink_install': False, 'test_result_base': None}
[1.320s] Level 5:colcon.colcon_core.verb:set package 'px4_msgs' build argument 'cmake_args' from command line to 'None'
[1.320s] Level 5:colcon.colcon_core.verb:set package 'px4_msgs' build argument 'cmake_target' from command line to 'None'
[1.321s] Level 5:colcon.colcon_core.verb:set package 'px4_msgs' build argument 'cmake_target_skip_unavailable' from command line to 'False'
[1.321s] Level 5:colcon.colcon_core.verb:set package 'px4_msgs' build argument 'cmake_clean_cache' from command line to 'False'
[1.321s] Level 5:colcon.colcon_core.verb:set package 'px4_msgs' build argument 'cmake_clean_first' from command line to 'False'
[1.321s] Level 5:colcon.colcon_core.verb:set package 'px4_msgs' build argument 'cmake_force_configure' from command line to 'False'
[1.322s] Level 5:colcon.colcon_core.verb:set package 'px4_msgs' build argument 'ament_cmake_args' from command line to 'None'
[1.322s] Level 5:colcon.colcon_core.verb:set package 'px4_msgs' build argument 'catkin_cmake_args' from command line to 'None'
[1.322s] Level 5:colcon.colcon_core.verb:set package 'px4_msgs' build argument 'catkin_skip_building_tests' from command line to 'False'
[1.322s] DEBUG:colcon.colcon_core.verb:Building package 'px4_msgs' with the following arguments: {'ament_cmake_args': None, 'build_base': '/home/indowings/scripts/2026-06-25/ros2_ws/build/px4_msgs', 'catkin_cmake_args': None, 'catkin_skip_building_tests': False, 'cmake_args': None, 'cmake_clean_cache': False, 'cmake_clean_first': False, 'cmake_force_configure': False, 'cmake_target': None, 'cmake_target_skip_unavailable': False, 'install_base': '/home/indowings/scripts/2026-06-25/ros2_ws/install/px4_msgs', 'merge_install': False, 'path': '/home/indowings/scripts/2026-06-25/ros2_ws/src/px4_msgs', 'symlink_install': False, 'test_result_base': None}
[1.322s] Level 5:colcon.colcon_core.verb:set package 'px4_ros_com' build argument 'cmake_args' from command line to 'None'
[1.323s] Level 5:colcon.colcon_core.verb:set package 'px4_ros_com' build argument 'cmake_target' from command line to 'None'
[1.323s] Level 5:colcon.colcon_core.verb:set package 'px4_ros_com' build argument 'cmake_target_skip_unavailable' from command line to 'False'
[1.323s] Level 5:colcon.colcon_core.verb:set package 'px4_ros_com' build argument 'cmake_clean_cache' from command line to 'False'
[1.323s] Level 5:colcon.colcon_core.verb:set package 'px4_ros_com' build argument 'cmake_clean_first' from command line to 'False'
[1.323s] Level 5:colcon.colcon_core.verb:set package 'px4_ros_com' build argument 'cmake_force_configure' from command line to 'False'
[1.323s] Level 5:colcon.colcon_core.verb:set package 'px4_ros_com' build argument 'ament_cmake_args' from command line to 'None'
[1.323s] Level 5:colcon.colcon_core.verb:set package 'px4_ros_com' build argument 'catkin_cmake_args' from command line to 'None'
[1.323s] Level 5:colcon.colcon_core.verb:set package 'px4_ros_com' build argument 'catkin_skip_building_tests' from command line to 'False'
[1.323s] DEBUG:colcon.colcon_core.verb:Building package 'px4_ros_com' with the following arguments: {'ament_cmake_args': None, 'build_base': '/home/indowings/scripts/2026-06-25/ros2_ws/build/px4_ros_com', 'catkin_cmake_args': None, 'catkin_skip_building_tests': False, 'cmake_args': None, 'cmake_clean_cache': False, 'cmake_clean_first': False, 'cmake_force_configure': False, 'cmake_target': None, 'cmake_target_skip_unavailable': False, 'install_base': '/home/indowings/scripts/2026-06-25/ros2_ws/install/px4_ros_com', 'merge_install': False, 'path': '/home/indowings/scripts/2026-06-25/ros2_ws/src/px4_ros_com', 'symlink_install': False, 'test_result_base': None}
[1.324s] INFO:colcon.colcon_core.executor:Executing jobs using 'parallel' executor
[1.328s] DEBUG:colcon.colcon_parallel_executor.executor.parallel:run_until_complete
[1.329s] INFO:colcon.colcon_ros.task.ament_cmake.build:Building ROS package in '/home/indowings/scripts/2026-06-25/ros2_ws/src/px4_msgs' with build type 'ament_cmake'
[1.329s] INFO:colcon.colcon_cmake.task.cmake.build:Building CMake package in '/home/indowings/scripts/2026-06-25/ros2_ws/src/px4_msgs'
[1.334s] INFO:colcon.colcon_core.plugin_system:Skipping extension 'colcon_core.shell.bat': Not used on non-Windows systems
[1.335s] INFO:colcon.colcon_core.shell:Skip shell extension 'powershell' for command environment: Not usable outside of PowerShell
[1.335s] DEBUG:colcon.colcon_core.shell:Skip shell extension 'dsv' for command environment
[1.348s] INFO:colcon.colcon_ros.task.ament_python.build:Building ROS package in '/home/indowings/scripts/2026-06-25/ros2_ws/src/px4_mission' with build type 'ament_python'
[1.348s] Level 1:colcon.colcon_core.shell:create_environment_hook('px4_mission', 'ament_prefix_path')
[1.349s] INFO:colcon.colcon_core.shell:Creating environment hook '/home/indowings/scripts/2026-06-25/ros2_ws/install/px4_mission/share/px4_mission/hook/ament_prefix_path.ps1'
[1.351s] INFO:colcon.colcon_core.shell:Creating environment descriptor '/home/indowings/scripts/2026-06-25/ros2_ws/install/px4_mission/share/px4_mission/hook/ament_prefix_path.dsv'
[1.352s] INFO:colcon.colcon_core.shell:Creating environment hook '/home/indowings/scripts/2026-06-25/ros2_ws/install/px4_mission/share/px4_mission/hook/ament_prefix_path.sh'
[1.356s] INFO:colcon.colcon_core.shell:Skip shell extension 'powershell' for command environment: Not usable outside of PowerShell
[1.356s] DEBUG:colcon.colcon_core.shell:Skip shell extension 'dsv' for command environment
[1.385s] DEBUG:colcon.colcon_core.event_handler.log_command:Invoking command in '/home/indowings/scripts/2026-06-25/ros2_ws/build/px4_msgs': CMAKE_PREFIX_PATH=${CMAKE_PREFIX_PATH}:/home/indowings/scripts/2026-06-25/ros2_ws/install/px4_mission:/opt/ros/humble /usr/bin/cmake --build /home/indowings/scripts/2026-06-25/ros2_ws/build/px4_msgs -- -j8 -l8
[2.665s] INFO:colcon.colcon_core.task.python.build:Building Python package in '/home/indowings/scripts/2026-06-25/ros2_ws/src/px4_mission'
[2.668s] INFO:colcon.colcon_core.shell:Skip shell extension 'powershell' for command environment: Not usable outside of PowerShell
[2.668s] DEBUG:colcon.colcon_core.shell:Skip shell extension 'dsv' for command environment
[6.008s] DEBUG:colcon.colcon_core.task.python.build:Available setuptools commands: bdist_rpm, bdist_dumb, build_scripts, check, editable_wheel, build_ext, develop, extract_messages, alias, rotate, egg_info, install_headers, saveopts, bdist_egg, install_scripts, bdist_wheel, build, install, init_catalog, compile_catalog, build_py, install_data, symlink_data, update_catalog, build_clib, install_egg_info, bdist, clean, dist_info, install_lib, setopt, sdist, easy_install
[6.018s] DEBUG:colcon.colcon_core.event_handler.log_command:Invoking command in '/home/indowings/scripts/2026-06-25/ros2_ws/src/px4_mission': PYTHONPATH=/home/indowings/scripts/2026-06-25/ros2_ws/build/px4_mission/prefix_override:/home/indowings/.local/lib/python3.10/site-packages/colcon_core/task/python/colcon_distutils_commands:/home/indowings/scripts/2026-06-25/ros2_ws/install/px4_mission/lib/python3.10/site-packages:${PYTHONPATH} /usr/bin/python3 -W ignore:setup.py install is deprecated -W ignore:easy_install command is deprecated setup.py egg_info --egg-base ../../build/px4_mission build --build-base /home/indowings/scripts/2026-06-25/ros2_ws/build/px4_mission/build install --record /home/indowings/scripts/2026-06-25/ros2_ws/build/px4_mission/install.log --install-scripts $base/lib/px4_mission --single-version-externally-managed install_data
[9.381s] DEBUG:colcon.colcon_core.event_handler.log_command:Invoked command in '/home/indowings/scripts/2026-06-25/ros2_ws/src/px4_mission' returned '0': PYTHONPATH=/home/indowings/scripts/2026-06-25/ros2_ws/build/px4_mission/prefix_override:/home/indowings/.local/lib/python3.10/site-packages/colcon_core/task/python/colcon_distutils_commands:/home/indowings/scripts/2026-06-25/ros2_ws/install/px4_mission/lib/python3.10/site-packages:${PYTHONPATH} /usr/bin/python3 -W ignore:setup.py install is deprecated -W ignore:easy_install command is deprecated setup.py egg_info --egg-base ../../build/px4_mission build --build-base /home/indowings/scripts/2026-06-25/ros2_ws/build/px4_mission/build install --record /home/indowings/scripts/2026-06-25/ros2_ws/build/px4_mission/install.log --install-scripts $base/lib/px4_mission --single-version-externally-managed install_data
[9.389s] Level 1:colcon.colcon_core.environment:checking '/home/indowings/scripts/2026-06-25/ros2_ws/install/px4_mission' for CMake module files
[9.393s] Level 1:colcon.colcon_core.environment:checking '/home/indowings/scripts/2026-06-25/ros2_ws/install/px4_mission' for CMake config files
[9.397s] Level 1:colcon.colcon_core.environment:checking '/home/indowings/scripts/2026-06-25/ros2_ws/install/px4_mission/lib'
[9.397s] Level 1:colcon.colcon_core.environment:checking '/home/indowings/scripts/2026-06-25/ros2_ws/install/px4_mission/bin'
[9.398s] Level 1:colcon.colcon_core.environment:checking '/home/indowings/scripts/2026-06-25/ros2_ws/install/px4_mission/lib/pkgconfig/px4_mission.pc'
[9.399s] Level 1:colcon.colcon_core.environment:checking '/home/indowings/scripts/2026-06-25/ros2_ws/install/px4_mission/lib/python3.10/site-packages'
[9.399s] Level 1:colcon.colcon_core.shell:create_environment_hook('px4_mission', 'pythonpath')
[9.400s] INFO:colcon.colcon_core.shell:Creating environment hook '/home/indowings/scripts/2026-06-25/ros2_ws/install/px4_mission/share/px4_mission/hook/pythonpath.ps1'
[9.403s] INFO:colcon.colcon_core.shell:Creating environment descriptor '/home/indowings/scripts/2026-06-25/ros2_ws/install/px4_mission/share/px4_mission/hook/pythonpath.dsv'
[9.406s] INFO:colcon.colcon_core.shell:Creating environment hook '/home/indowings/scripts/2026-06-25/ros2_ws/install/px4_mission/share/px4_mission/hook/pythonpath.sh'
[9.411s] Level 1:colcon.colcon_core.environment:checking '/home/indowings/scripts/2026-06-25/ros2_ws/install/px4_mission/bin'
[9.412s] Level 1:colcon.colcon_core.environment:create_environment_scripts_only(px4_mission)
[9.414s] INFO:colcon.colcon_core.shell:Creating package script '/home/indowings/scripts/2026-06-25/ros2_ws/install/px4_mission/share/px4_mission/package.ps1'
[9.419s] INFO:colcon.colcon_core.shell:Creating package descriptor '/home/indowings/scripts/2026-06-25/ros2_ws/install/px4_mission/share/px4_mission/package.dsv'
[9.423s] INFO:colcon.colcon_core.shell:Creating package script '/home/indowings/scripts/2026-06-25/ros2_ws/install/px4_mission/share/px4_mission/package.sh'
[9.429s] INFO:colcon.colcon_core.shell:Creating package script '/home/indowings/scripts/2026-06-25/ros2_ws/install/px4_mission/share/px4_mission/package.bash'
[9.432s] INFO:colcon.colcon_core.shell:Creating package script '/home/indowings/scripts/2026-06-25/ros2_ws/install/px4_mission/share/px4_mission/package.zsh'
[9.435s] Level 1:colcon.colcon_core.environment:create_file_with_runtime_dependencies(/home/indowings/scripts/2026-06-25/ros2_ws/install/px4_mission/share/colcon-core/packages/px4_mission)
[13.367s] DEBUG:colcon.colcon_core.event_handler.log_command:Invoked command in '/home/indowings/scripts/2026-06-25/ros2_ws/build/px4_msgs' returned '0': CMAKE_PREFIX_PATH=${CMAKE_PREFIX_PATH}:/home/indowings/scripts/2026-06-25/ros2_ws/install/px4_mission:/opt/ros/humble /usr/bin/cmake --build /home/indowings/scripts/2026-06-25/ros2_ws/build/px4_msgs -- -j8 -l8
[13.408s] DEBUG:colcon.colcon_core.event_handler.log_command:Invoking command in '/home/indowings/scripts/2026-06-25/ros2_ws/build/px4_msgs': CMAKE_PREFIX_PATH=${CMAKE_PREFIX_PATH}:/home/indowings/scripts/2026-06-25/ros2_ws/install/px4_mission:/opt/ros/humble /usr/bin/cmake --install /home/indowings/scripts/2026-06-25/ros2_ws/build/px4_msgs
[16.885s] Level 1:colcon.colcon_core.environment:create_environment_scripts_only(px4_msgs)
[16.886s] Level 1:colcon.colcon_core.environment:checking '/home/indowings/scripts/2026-06-25/ros2_ws/install/px4_msgs' for CMake module files
[16.887s] DEBUG:colcon.colcon_core.event_handler.log_command:Invoked command in '/home/indowings/scripts/2026-06-25/ros2_ws/build/px4_msgs' returned '0': CMAKE_PREFIX_PATH=${CMAKE_PREFIX_PATH}:/home/indowings/scripts/2026-06-25/ros2_ws/install/px4_mission:/opt/ros/humble /usr/bin/cmake --install /home/indowings/scripts/2026-06-25/ros2_ws/build/px4_msgs
[16.889s] Level 1:colcon.colcon_core.environment:checking '/home/indowings/scripts/2026-06-25/ros2_ws/install/px4_msgs' for CMake config files
[16.900s] Level 1:colcon.colcon_core.shell:create_environment_hook('px4_msgs', 'cmake_prefix_path')
[16.901s] INFO:colcon.colcon_core.shell:Creating environment hook '/home/indowings/scripts/2026-06-25/ros2_ws/install/px4_msgs/share/px4_msgs/hook/cmake_prefix_path.ps1'
[16.903s] INFO:colcon.colcon_core.shell:Creating environment descriptor '/home/indowings/scripts/2026-06-25/ros2_ws/install/px4_msgs/share/px4_msgs/hook/cmake_prefix_path.dsv'
[16.904s] INFO:colcon.colcon_core.shell:Creating environment hook '/home/indowings/scripts/2026-06-25/ros2_ws/install/px4_msgs/share/px4_msgs/hook/cmake_prefix_path.sh'
[16.908s] Level 1:colcon.colcon_core.environment:checking '/home/indowings/scripts/2026-06-25/ros2_ws/install/px4_msgs/lib'
[16.908s] Level 1:colcon.colcon_core.shell:create_environment_hook('px4_msgs', 'ld_library_path_lib')
[16.909s] INFO:colcon.colcon_core.shell:Creating environment hook '/home/indowings/scripts/2026-06-25/ros2_ws/install/px4_msgs/share/px4_msgs/hook/ld_library_path_lib.ps1'
[16.910s] INFO:colcon.colcon_core.shell:Creating environment descriptor '/home/indowings/scripts/2026-06-25/ros2_ws/install/px4_msgs/share/px4_msgs/hook/ld_library_path_lib.dsv'
[16.912s] INFO:colcon.colcon_core.shell:Creating environment hook '/home/indowings/scripts/2026-06-25/ros2_ws/install/px4_msgs/share/px4_msgs/hook/ld_library_path_lib.sh'
[16.915s] Level 1:colcon.colcon_core.environment:checking '/home/indowings/scripts/2026-06-25/ros2_ws/install/px4_msgs/bin'
[16.916s] Level 1:colcon.colcon_core.environment:checking '/home/indowings/scripts/2026-06-25/ros2_ws/install/px4_msgs/lib/pkgconfig/px4_msgs.pc'
[16.917s] Level 1:colcon.colcon_core.environment:checking '/home/indowings/scripts/2026-06-25/ros2_ws/install/px4_msgs/lib/python3.10/site-packages'
[16.919s] Level 1:colcon.colcon_core.environment:checking '/home/indowings/scripts/2026-06-25/ros2_ws/install/px4_msgs/bin'
[16.921s] INFO:colcon.colcon_core.shell:Creating package script '/home/indowings/scripts/2026-06-25/ros2_ws/install/px4_msgs/share/px4_msgs/package.ps1'
[16.925s] INFO:colcon.colcon_core.shell:Creating package descriptor '/home/indowings/scripts/2026-06-25/ros2_ws/install/px4_msgs/share/px4_msgs/package.dsv'
[16.926s] INFO:colcon.colcon_core.shell:Creating package script '/home/indowings/scripts/2026-06-25/ros2_ws/install/px4_msgs/share/px4_msgs/package.sh'
[16.928s] INFO:colcon.colcon_core.shell:Creating package script '/home/indowings/scripts/2026-06-25/ros2_ws/install/px4_msgs/share/px4_msgs/package.bash'
[16.930s] INFO:colcon.colcon_core.shell:Creating package script '/home/indowings/scripts/2026-06-25/ros2_ws/install/px4_msgs/share/px4_msgs/package.zsh'
[16.933s] Level 1:colcon.colcon_core.environment:create_file_with_runtime_dependencies(/home/indowings/scripts/2026-06-25/ros2_ws/install/px4_msgs/share/colcon-core/packages/px4_msgs)
[16.937s] Level 1:colcon.colcon_core.environment:create_environment_scripts_only(px4_msgs)
[16.939s] Level 1:colcon.colcon_core.environment:checking '/home/indowings/scripts/2026-06-25/ros2_ws/install/px4_msgs' for CMake module files
[16.942s] Level 1:colcon.colcon_core.environment:checking '/home/indowings/scripts/2026-06-25/ros2_ws/install/px4_msgs' for CMake config files
[16.959s] Level 1:colcon.colcon_core.shell:create_environment_hook('px4_msgs', 'cmake_prefix_path')
[16.960s] INFO:colcon.colcon_core.shell:Creating environment hook '/home/indowings/scripts/2026-06-25/ros2_ws/install/px4_msgs/share/px4_msgs/hook/cmake_prefix_path.ps1'
[16.962s] INFO:colcon.colcon_core.shell:Creating environment descriptor '/home/indowings/scripts/2026-06-25/ros2_ws/install/px4_msgs/share/px4_msgs/hook/cmake_prefix_path.dsv'
[16.963s] INFO:colcon.colcon_core.shell:Creating environment hook '/home/indowings/scripts/2026-06-25/ros2_ws/install/px4_msgs/share/px4_msgs/hook/cmake_prefix_path.sh'
[16.965s] Level 1:colcon.colcon_core.environment:checking '/home/indowings/scripts/2026-06-25/ros2_ws/install/px4_msgs/lib'
[16.965s] Level 1:colcon.colcon_core.shell:create_environment_hook('px4_msgs', 'ld_library_path_lib')
[16.967s] INFO:colcon.colcon_core.shell:Creating environment hook '/home/indowings/scripts/2026-06-25/ros2_ws/install/px4_msgs/share/px4_msgs/hook/ld_library_path_lib.ps1'
[16.970s] INFO:colcon.colcon_core.shell:Creating environment descriptor '/home/indowings/scripts/2026-06-25/ros2_ws/install/px4_msgs/share/px4_msgs/hook/ld_library_path_lib.dsv'
[16.973s] INFO:colcon.colcon_core.shell:Creating environment hook '/home/indowings/scripts/2026-06-25/ros2_ws/install/px4_msgs/share/px4_msgs/hook/ld_library_path_lib.sh'
[16.978s] Level 1:colcon.colcon_core.environment:checking '/home/indowings/scripts/2026-06-25/ros2_ws/install/px4_msgs/bin'
[16.978s] Level 1:colcon.colcon_core.environment:checking '/home/indowings/scripts/2026-06-25/ros2_ws/install/px4_msgs/lib/pkgconfig/px4_msgs.pc'
[16.979s] Level 1:colcon.colcon_core.environment:checking '/home/indowings/scripts/2026-06-25/ros2_ws/install/px4_msgs/lib/python3.10/site-packages'
[16.980s] Level 1:colcon.colcon_core.environment:checking '/home/indowings/scripts/2026-06-25/ros2_ws/install/px4_msgs/bin'
[16.981s] INFO:colcon.colcon_core.shell:Creating package script '/home/indowings/scripts/2026-06-25/ros2_ws/install/px4_msgs/share/px4_msgs/package.ps1'
[16.984s] INFO:colcon.colcon_core.shell:Creating package descriptor '/home/indowings/scripts/2026-06-25/ros2_ws/install/px4_msgs/share/px4_msgs/package.dsv'
[16.987s] INFO:colcon.colcon_core.shell:Creating package script '/home/indowings/scripts/2026-06-25/ros2_ws/install/px4_msgs/share/px4_msgs/package.sh'
[16.991s] INFO:colcon.colcon_core.shell:Creating package script '/home/indowings/scripts/2026-06-25/ros2_ws/install/px4_msgs/share/px4_msgs/package.bash'
[16.994s] INFO:colcon.colcon_core.shell:Creating package script '/home/indowings/scripts/2026-06-25/ros2_ws/install/px4_msgs/share/px4_msgs/package.zsh'
[16.998s] Level 1:colcon.colcon_core.environment:create_file_with_runtime_dependencies(/home/indowings/scripts/2026-06-25/ros2_ws/install/px4_msgs/share/colcon-core/packages/px4_msgs)
[16.999s] INFO:colcon.colcon_ros.task.ament_cmake.build:Building ROS package in '/home/indowings/scripts/2026-06-25/ros2_ws/src/px4_ros_com' with build type 'ament_cmake'
[16.999s] INFO:colcon.colcon_cmake.task.cmake.build:Building CMake package in '/home/indowings/scripts/2026-06-25/ros2_ws/src/px4_ros_com'
[17.000s] INFO:colcon.colcon_core.shell:Skip shell extension 'powershell' for command environment: Not usable outside of PowerShell
[17.000s] DEBUG:colcon.colcon_core.shell:Skip shell extension 'dsv' for command environment
[17.046s] DEBUG:colcon.colcon_core.event_handler.log_command:Invoking command in '/home/indowings/scripts/2026-06-25/ros2_ws/build/px4_ros_com': CMAKE_PREFIX_PATH=/home/indowings/scripts/2026-06-25/ros2_ws/install/px4_msgs:/home/indowings/scripts/2026-06-25/ros2_ws/install/px4_ros_com:/home/indowings/scripts/2026-06-25/ros2_ws/install/px4_mission:/opt/ros/humble LD_LIBRARY_PATH=/home/indowings/scripts/2026-06-25/ros2_ws/install/px4_msgs/lib:/home/indowings/scripts/2026-06-25/ros2_ws/install/px4_ros_com/lib:/opt/ros/humble/opt/rviz_ogre_vendor/lib:/opt/ros/humble/lib/x86_64-linux-gnu:/opt/ros/humble/lib /usr/bin/cmake --build /home/indowings/scripts/2026-06-25/ros2_ws/build/px4_ros_com -- -j8 -l8
[19.037s] DEBUG:colcon.colcon_core.event_handler.log_command:Invoked command in '/home/indowings/scripts/2026-06-25/ros2_ws/build/px4_ros_com' returned '0': CMAKE_PREFIX_PATH=/home/indowings/scripts/2026-06-25/ros2_ws/install/px4_msgs:/home/indowings/scripts/2026-06-25/ros2_ws/install/px4_ros_com:/home/indowings/scripts/2026-06-25/ros2_ws/install/px4_mission:/opt/ros/humble LD_LIBRARY_PATH=/home/indowings/scripts/2026-06-25/ros2_ws/install/px4_msgs/lib:/home/indowings/scripts/2026-06-25/ros2_ws/install/px4_ros_com/lib:/opt/ros/humble/opt/rviz_ogre_vendor/lib:/opt/ros/humble/lib/x86_64-linux-gnu:/opt/ros/humble/lib /usr/bin/cmake --build /home/indowings/scripts/2026-06-25/ros2_ws/build/px4_ros_com -- -j8 -l8
[19.045s] DEBUG:colcon.colcon_core.event_handler.log_command:Invoking command in '/home/indowings/scripts/2026-06-25/ros2_ws/build/px4_ros_com': CMAKE_PREFIX_PATH=/home/indowings/scripts/2026-06-25/ros2_ws/install/px4_msgs:/home/indowings/scripts/2026-06-25/ros2_ws/install/px4_ros_com:/home/indowings/scripts/2026-06-25/ros2_ws/install/px4_mission:/opt/ros/humble LD_LIBRARY_PATH=/home/indowings/scripts/2026-06-25/ros2_ws/install/px4_msgs/lib:/home/indowings/scripts/2026-06-25/ros2_ws/install/px4_ros_com/lib:/opt/ros/humble/opt/rviz_ogre_vendor/lib:/opt/ros/humble/lib/x86_64-linux-gnu:/opt/ros/humble/lib /usr/bin/cmake --install /home/indowings/scripts/2026-06-25/ros2_ws/build/px4_ros_com
[19.320s] Level 1:colcon.colcon_core.environment:create_environment_scripts_only(px4_ros_com)
[19.322s] Level 1:colcon.colcon_core.environment:checking '/home/indowings/scripts/2026-06-25/ros2_ws/install/px4_ros_com' for CMake module files
[19.325s] DEBUG:colcon.colcon_core.event_handler.log_command:Invoked command in '/home/indowings/scripts/2026-06-25/ros2_ws/build/px4_ros_com' returned '0': CMAKE_PREFIX_PATH=/home/indowings/scripts/2026-06-25/ros2_ws/install/px4_msgs:/home/indowings/scripts/2026-06-25/ros2_ws/install/px4_ros_com:/home/indowings/scripts/2026-06-25/ros2_ws/install/px4_mission:/opt/ros/humble LD_LIBRARY_PATH=/home/indowings/scripts/2026-06-25/ros2_ws/install/px4_msgs/lib:/home/indowings/scripts/2026-06-25/ros2_ws/install/px4_ros_com/lib:/opt/ros/humble/opt/rviz_ogre_vendor/lib:/opt/ros/humble/lib/x86_64-linux-gnu:/opt/ros/humble/lib /usr/bin/cmake --install /home/indowings/scripts/2026-06-25/ros2_ws/build/px4_ros_com
[19.327s] Level 1:colcon.colcon_core.environment:checking '/home/indowings/scripts/2026-06-25/ros2_ws/install/px4_ros_com' for CMake config files
[19.329s] Level 1:colcon.colcon_core.shell:create_environment_hook('px4_ros_com', 'cmake_prefix_path')
[19.330s] INFO:colcon.colcon_core.shell:Creating environment hook '/home/indowings/scripts/2026-06-25/ros2_ws/install/px4_ros_com/share/px4_ros_com/hook/cmake_prefix_path.ps1'
[19.333s] INFO:colcon.colcon_core.shell:Creating environment descriptor '/home/indowings/scripts/2026-06-25/ros2_ws/install/px4_ros_com/share/px4_ros_com/hook/cmake_prefix_path.dsv'
[19.334s] INFO:colcon.colcon_core.shell:Creating environment hook '/home/indowings/scripts/2026-06-25/ros2_ws/install/px4_ros_com/share/px4_ros_com/hook/cmake_prefix_path.sh'
[19.336s] Level 1:colcon.colcon_core.environment:checking '/home/indowings/scripts/2026-06-25/ros2_ws/install/px4_ros_com/lib'
[19.336s] Level 1:colcon.colcon_core.shell:create_environment_hook('px4_ros_com', 'ld_library_path_lib')
[19.336s] INFO:colcon.colcon_core.shell:Creating environment hook '/home/indowings/scripts/2026-06-25/ros2_ws/install/px4_ros_com/share/px4_ros_com/hook/ld_library_path_lib.ps1'
[19.338s] INFO:colcon.colcon_core.shell:Creating environment descriptor '/home/indowings/scripts/2026-06-25/ros2_ws/install/px4_ros_com/share/px4_ros_com/hook/ld_library_path_lib.dsv'
[19.341s] INFO:colcon.colcon_core.shell:Creating environment hook '/home/indowings/scripts/2026-06-25/ros2_ws/install/px4_ros_com/share/px4_ros_com/hook/ld_library_path_lib.sh'
[19.344s] Level 1:colcon.colcon_core.environment:checking '/home/indowings/scripts/2026-06-25/ros2_ws/install/px4_ros_com/bin'
[19.344s] Level 1:colcon.colcon_core.environment:checking '/home/indowings/scripts/2026-06-25/ros2_ws/install/px4_ros_com/lib/pkgconfig/px4_ros_com.pc'
[19.346s] Level 1:colcon.colcon_core.environment:checking '/home/indowings/scripts/2026-06-25/ros2_ws/install/px4_ros_com/lib/python3.10/site-packages'
[19.347s] Level 1:colcon.colcon_core.environment:checking '/home/indowings/scripts/2026-06-25/ros2_ws/install/px4_ros_com/bin'
[19.350s] INFO:colcon.colcon_core.shell:Creating package script '/home/indowings/scripts/2026-06-25/ros2_ws/install/px4_ros_com/share/px4_ros_com/package.ps1'
[19.352s] INFO:colcon.colcon_core.shell:Creating package descriptor '/home/indowings/scripts/2026-06-25/ros2_ws/install/px4_ros_com/share/px4_ros_com/package.dsv'
[19.353s] INFO:colcon.colcon_core.shell:Creating package script '/home/indowings/scripts/2026-06-25/ros2_ws/install/px4_ros_com/share/px4_ros_com/package.sh'
[19.354s] INFO:colcon.colcon_core.shell:Creating package script '/home/indowings/scripts/2026-06-25/ros2_ws/install/px4_ros_com/share/px4_ros_com/package.bash'
[19.357s] INFO:colcon.colcon_core.shell:Creating package script '/home/indowings/scripts/2026-06-25/ros2_ws/install/px4_ros_com/share/px4_ros_com/package.zsh'
[19.359s] Level 1:colcon.colcon_core.environment:create_file_with_runtime_dependencies(/home/indowings/scripts/2026-06-25/ros2_ws/install/px4_ros_com/share/colcon-core/packages/px4_ros_com)
[19.363s] Level 1:colcon.colcon_core.environment:create_environment_scripts_only(px4_ros_com)
[19.365s] Level 1:colcon.colcon_core.environment:checking '/home/indowings/scripts/2026-06-25/ros2_ws/install/px4_ros_com' for CMake module files
[19.367s] Level 1:colcon.colcon_core.environment:checking '/home/indowings/scripts/2026-06-25/ros2_ws/install/px4_ros_com' for CMake config files
[19.369s] Level 1:colcon.colcon_core.shell:create_environment_hook('px4_ros_com', 'cmake_prefix_path')
[19.371s] INFO:colcon.colcon_core.shell:Creating environment hook '/home/indowings/scripts/2026-06-25/ros2_ws/install/px4_ros_com/share/px4_ros_com/hook/cmake_prefix_path.ps1'
[19.374s] INFO:colcon.colcon_core.shell:Creating environment descriptor '/home/indowings/scripts/2026-06-25/ros2_ws/install/px4_ros_com/share/px4_ros_com/hook/cmake_prefix_path.dsv'
[19.376s] INFO:colcon.colcon_core.shell:Creating environment hook '/home/indowings/scripts/2026-06-25/ros2_ws/install/px4_ros_com/share/px4_ros_com/hook/cmake_prefix_path.sh'
[19.380s] Level 1:colcon.colcon_core.environment:checking '/home/indowings/scripts/2026-06-25/ros2_ws/install/px4_ros_com/lib'
[19.381s] Level 1:colcon.colcon_core.shell:create_environment_hook('px4_ros_com', 'ld_library_path_lib')
[19.383s] INFO:colcon.colcon_core.shell:Creating environment hook '/home/indowings/scripts/2026-06-25/ros2_ws/install/px4_ros_com/share/px4_ros_com/hook/ld_library_path_lib.ps1'
[19.384s] INFO:colcon.colcon_core.shell:Creating environment descriptor '/home/indowings/scripts/2026-06-25/ros2_ws/install/px4_ros_com/share/px4_ros_com/hook/ld_library_path_lib.dsv'
[19.385s] INFO:colcon.colcon_core.shell:Creating environment hook '/home/indowings/scripts/2026-06-25/ros2_ws/install/px4_ros_com/share/px4_ros_com/hook/ld_library_path_lib.sh'
[19.386s] Level 1:colcon.colcon_core.environment:checking '/home/indowings/scripts/2026-06-25/ros2_ws/install/px4_ros_com/bin'
[19.386s] Level 1:colcon.colcon_core.environment:checking '/home/indowings/scripts/2026-06-25/ros2_ws/install/px4_ros_com/lib/pkgconfig/px4_ros_com.pc'
[19.388s] Level 1:colcon.colcon_core.environment:checking '/home/indowings/scripts/2026-06-25/ros2_ws/install/px4_ros_com/lib/python3.10/site-packages'
[19.390s] Level 1:colcon.colcon_core.environment:checking '/home/indowings/scripts/2026-06-25/ros2_ws/install/px4_ros_com/bin'
[19.393s] INFO:colcon.colcon_core.shell:Creating package script '/home/indowings/scripts/2026-06-25/ros2_ws/install/px4_ros_com/share/px4_ros_com/package.ps1'
[19.397s] INFO:colcon.colcon_core.shell:Creating package descriptor '/home/indowings/scripts/2026-06-25/ros2_ws/install/px4_ros_com/share/px4_ros_com/package.dsv'
[19.400s] INFO:colcon.colcon_core.shell:Creating package script '/home/indowings/scripts/2026-06-25/ros2_ws/install/px4_ros_com/share/px4_ros_com/package.sh'
[19.402s] INFO:colcon.colcon_core.shell:Creating package script '/home/indowings/scripts/2026-06-25/ros2_ws/install/px4_ros_com/share/px4_ros_com/package.bash'
[19.403s] INFO:colcon.colcon_core.shell:Creating package script '/home/indowings/scripts/2026-06-25/ros2_ws/install/px4_ros_com/share/px4_ros_com/package.zsh'
[19.404s] Level 1:colcon.colcon_core.environment:create_file_with_runtime_dependencies(/home/indowings/scripts/2026-06-25/ros2_ws/install/px4_ros_com/share/colcon-core/packages/px4_ros_com)
[19.406s] DEBUG:colcon.colcon_parallel_executor.executor.parallel:closing loop
[19.408s] DEBUG:colcon.colcon_parallel_executor.executor.parallel:loop closed
[19.409s] DEBUG:colcon.colcon_parallel_executor.executor.parallel:run_until_complete finished with '0'
[19.409s] DEBUG:colcon.colcon_core.event_reactor:joining thread
[19.435s] INFO:colcon.colcon_core.plugin_system:Skipping extension 'colcon_notification.desktop_notification.terminal_notifier': Not used on non-Darwin systems
[19.436s] INFO:colcon.colcon_core.plugin_system:Skipping extension 'colcon_notification.desktop_notification.win32': Not used on non-Windows systems
[19.436s] INFO:colcon.colcon_notification.desktop_notification:Sending desktop notification using 'notify2'
[19.488s] DEBUG:colcon.colcon_core.event_reactor:joined thread
[19.489s] INFO:colcon.colcon_core.shell:Creating prefix script '/home/indowings/scripts/2026-06-25/ros2_ws/install/local_setup.ps1'
[19.495s] INFO:colcon.colcon_core.shell:Creating prefix util module '/home/indowings/scripts/2026-06-25/ros2_ws/install/_local_setup_util_ps1.py'
[19.500s] INFO:colcon.colcon_core.shell:Creating prefix chain script '/home/indowings/scripts/2026-06-25/ros2_ws/install/setup.ps1'
[19.506s] INFO:colcon.colcon_core.shell:Creating prefix script '/home/indowings/scripts/2026-06-25/ros2_ws/install/local_setup.sh'
[19.510s] INFO:colcon.colcon_core.shell:Creating prefix util module '/home/indowings/scripts/2026-06-25/ros2_ws/install/_local_setup_util_sh.py'
[19.513s] INFO:colcon.colcon_core.shell:Creating prefix chain script '/home/indowings/scripts/2026-06-25/ros2_ws/install/setup.sh'
[19.518s] INFO:colcon.colcon_core.shell:Creating prefix script '/home/indowings/scripts/2026-06-25/ros2_ws/install/local_setup.bash'
[19.520s] INFO:colcon.colcon_core.shell:Creating prefix chain script '/home/indowings/scripts/2026-06-25/ros2_ws/install/setup.bash'
[19.526s] INFO:colcon.colcon_core.shell:Creating prefix script '/home/indowings/scripts/2026-06-25/ros2_ws/install/local_setup.zsh'
[19.530s] INFO:colcon.colcon_core.shell:Creating prefix chain script '/home/indowings/scripts/2026-06-25/ros2_ws/install/setup.zsh'
