[0.050s] Invoking command in '/home/indowings/scripts/2026-06-25/ros2_ws/build/px4_ros_com': CMAKE_PREFIX_PATH=/home/indowings/scripts/2026-06-25/ros2_ws/install/px4_msgs:/home/indowings/scripts/2026-06-25/ros2_ws/install/px4_ros_com:/home/indowings/scripts/2026-06-25/ros2_ws/install/px4_mission:/opt/ros/humble LD_LIBRARY_PATH=/home/indowings/scripts/2026-06-25/ros2_ws/install/px4_msgs/lib:/home/indowings/scripts/2026-06-25/ros2_ws/install/px4_ros_com/lib:/opt/ros/humble/opt/rviz_ogre_vendor/lib:/opt/ros/humble/lib/x86_64-linux-gnu:/opt/ros/humble/lib /usr/bin/cmake --build /home/indowings/scripts/2026-06-25/ros2_ws/build/px4_ros_com -- -j8 -l8
[0.336s] [ 16%] Built target offboard_control
[0.336s] [ 33%] Built target frame_transforms
[0.341s] [ 50%] Built target sensor_combined_listener
[0.347s] [ 66%] Built target offboard_control_srv
[0.357s] [ 83%] Built target debug_vect_advertiser
[0.359s] [100%] Built target vehicle_gps_position_listener
[0.362s] [100%] Built target ament_cmake_python_symlink_px4_ros_com
[1.943s] running egg_info
[2.091s] writing px4_ros_com.egg-info/PKG-INFO
[2.093s] writing dependency_links to px4_ros_com.egg-info/dependency_links.txt
[2.095s] writing top-level names to px4_ros_com.egg-info/top_level.txt
[2.531s] reading manifest file 'px4_ros_com.egg-info/SOURCES.txt'
[2.536s] writing manifest file 'px4_ros_com.egg-info/SOURCES.txt'
[2.713s] [100%] Built target ament_cmake_python_build_px4_ros_com_egg
[2.772s] Invoked command in '/home/indowings/scripts/2026-06-25/ros2_ws/build/px4_ros_com' returned '0': CMAKE_PREFIX_PATH=/home/indowings/scripts/2026-06-25/ros2_ws/install/px4_msgs:/home/indowings/scripts/2026-06-25/ros2_ws/install/px4_ros_com:/home/indowings/scripts/2026-06-25/ros2_ws/install/px4_mission:/opt/ros/humble LD_LIBRARY_PATH=/home/indowings/scripts/2026-06-25/ros2_ws/install/px4_msgs/lib:/home/indowings/scripts/2026-06-25/ros2_ws/install/px4_ros_com/lib:/opt/ros/humble/opt/rviz_ogre_vendor/lib:/opt/ros/humble/lib/x86_64-linux-gnu:/opt/ros/humble/lib /usr/bin/cmake --build /home/indowings/scripts/2026-06-25/ros2_ws/build/px4_ros_com -- -j8 -l8
[2.778s] Invoking command in '/home/indowings/scripts/2026-06-25/ros2_ws/build/px4_ros_com': CMAKE_PREFIX_PATH=/home/indowings/scripts/2026-06-25/ros2_ws/install/px4_msgs:/home/indowings/scripts/2026-06-25/ros2_ws/install/px4_ros_com:/home/indowings/scripts/2026-06-25/ros2_ws/install/px4_mission:/opt/ros/humble LD_LIBRARY_PATH=/home/indowings/scripts/2026-06-25/ros2_ws/install/px4_msgs/lib:/home/indowings/scripts/2026-06-25/ros2_ws/install/px4_ros_com/lib:/opt/ros/humble/opt/rviz_ogre_vendor/lib:/opt/ros/humble/lib/x86_64-linux-gnu:/opt/ros/humble/lib /usr/bin/cmake --install /home/indowings/scripts/2026-06-25/ros2_ws/build/px4_ros_com
[2.816s] -- Install configuration: ""
[2.818s] -- Execute custom install script
[2.822s] -- Up-to-date symlink: /home/indowings/scripts/2026-06-25/ros2_ws/install/px4_ros_com/lib/px4_ros_com/sensor_combined_listener
[2.824s] -- Up-to-date symlink: /home/indowings/scripts/2026-06-25/ros2_ws/install/px4_ros_com/lib/px4_ros_com/vehicle_gps_position_listener
[2.825s] -- Up-to-date symlink: /home/indowings/scripts/2026-06-25/ros2_ws/install/px4_ros_com/lib/px4_ros_com/debug_vect_advertiser
[2.826s] -- Up-to-date symlink: /home/indowings/scripts/2026-06-25/ros2_ws/install/px4_ros_com/lib/px4_ros_com/offboard_control
[2.828s] -- Up-to-date symlink: /home/indowings/scripts/2026-06-25/ros2_ws/install/px4_ros_com/lib/px4_ros_com/offboard_control_srv
[2.830s] -- Up-to-date symlink: /home/indowings/scripts/2026-06-25/ros2_ws/install/px4_ros_com/share/px4_ros_com/environment/library_path.sh
[2.832s] -- Up-to-date symlink: /home/indowings/scripts/2026-06-25/ros2_ws/install/px4_ros_com/share/px4_ros_com/environment/library_path.dsv
[2.833s] -- Up-to-date symlink: /home/indowings/scripts/2026-06-25/ros2_ws/install/px4_ros_com/include/px4_ros_com/frame_transforms.h
[2.835s] -- Up-to-date symlink: /home/indowings/scripts/2026-06-25/ros2_ws/install/px4_ros_com/share/px4_ros_com//launch/offboard_control_launch.yaml
[2.836s] -- Up-to-date symlink: /home/indowings/scripts/2026-06-25/ros2_ws/install/px4_ros_com/share/px4_ros_com//launch/sensor_combined_listener.launch.py
[2.837s] -- Up-to-date symlink: /home/indowings/scripts/2026-06-25/ros2_ws/install/px4_ros_com/share/px4_ros_com//test/__init__.py
[2.837s] -- Up-to-date symlink: /home/indowings/scripts/2026-06-25/ros2_ws/install/px4_ros_com/share/px4_ros_com//test/pipeline_io_test.py
[2.837s] -- Up-to-date symlink: /home/indowings/scripts/2026-06-25/ros2_ws/install/px4_ros_com/share/px4_ros_com//test/test_input.py
[2.838s] -- Up-to-date symlink: /home/indowings/scripts/2026-06-25/ros2_ws/install/px4_ros_com/share/px4_ros_com//test/test_output.py
[2.838s] -- Up-to-date symlink: /home/indowings/scripts/2026-06-25/ros2_ws/install/px4_ros_com/share/px4_ros_com/environment/pythonpath.sh
[2.839s] -- Up-to-date symlink: /home/indowings/scripts/2026-06-25/ros2_ws/install/px4_ros_com/share/px4_ros_com/environment/pythonpath.dsv
[2.841s] -- Up-to-date symlink: /home/indowings/scripts/2026-06-25/ros2_ws/install/px4_ros_com/local/lib/python3.10/dist-packages/px4_ros_com-0.1.0-py3.10.egg-info/PKG-INFO
[2.843s] -- Up-to-date symlink: /home/indowings/scripts/2026-06-25/ros2_ws/install/px4_ros_com/local/lib/python3.10/dist-packages/px4_ros_com-0.1.0-py3.10.egg-info/SOURCES.txt
[2.844s] -- Up-to-date symlink: /home/indowings/scripts/2026-06-25/ros2_ws/install/px4_ros_com/local/lib/python3.10/dist-packages/px4_ros_com-0.1.0-py3.10.egg-info/dependency_links.txt
[2.845s] -- Up-to-date symlink: /home/indowings/scripts/2026-06-25/ros2_ws/install/px4_ros_com/local/lib/python3.10/dist-packages/px4_ros_com-0.1.0-py3.10.egg-info/top_level.txt
[2.847s] -- Up-to-date symlink: /home/indowings/scripts/2026-06-25/ros2_ws/install/px4_ros_com/local/lib/python3.10/dist-packages/px4_ros_com/__init__.py
[2.848s] -- Up-to-date symlink: /home/indowings/scripts/2026-06-25/ros2_ws/install/px4_ros_com/local/lib/python3.10/dist-packages/px4_ros_com/module_to_import.py
[2.849s] -- Up-to-date symlink: /home/indowings/scripts/2026-06-25/ros2_ws/install/px4_ros_com/lib/px4_ros_com/offboard_control.py
[2.851s] -- Up-to-date symlink: /home/indowings/scripts/2026-06-25/ros2_ws/install/px4_ros_com/share/ament_index/resource_index/package_run_dependencies/px4_ros_com
[2.853s] -- Up-to-date symlink: /home/indowings/scripts/2026-06-25/ros2_ws/install/px4_ros_com/share/ament_index/resource_index/parent_prefix_path/px4_ros_com
[2.854s] -- Up-to-date symlink: /home/indowings/scripts/2026-06-25/ros2_ws/install/px4_ros_com/share/px4_ros_com/environment/ament_prefix_path.sh
[2.855s] -- Up-to-date symlink: /home/indowings/scripts/2026-06-25/ros2_ws/install/px4_ros_com/share/px4_ros_com/environment/ament_prefix_path.dsv
[2.856s] -- Up-to-date symlink: /home/indowings/scripts/2026-06-25/ros2_ws/install/px4_ros_com/share/px4_ros_com/environment/path.sh
[2.858s] -- Up-to-date symlink: /home/indowings/scripts/2026-06-25/ros2_ws/install/px4_ros_com/share/px4_ros_com/environment/path.dsv
[2.859s] -- Up-to-date symlink: /home/indowings/scripts/2026-06-25/ros2_ws/install/px4_ros_com/share/px4_ros_com/local_setup.bash
[2.860s] -- Up-to-date symlink: /home/indowings/scripts/2026-06-25/ros2_ws/install/px4_ros_com/share/px4_ros_com/local_setup.sh
[2.860s] -- Up-to-date symlink: /home/indowings/scripts/2026-06-25/ros2_ws/install/px4_ros_com/share/px4_ros_com/local_setup.zsh
[2.860s] -- Up-to-date symlink: /home/indowings/scripts/2026-06-25/ros2_ws/install/px4_ros_com/share/px4_ros_com/local_setup.dsv
[2.860s] -- Symlinking: /home/indowings/scripts/2026-06-25/ros2_ws/install/px4_ros_com/share/px4_ros_com/package.dsv
[2.907s] -- Up-to-date symlink: /home/indowings/scripts/2026-06-25/ros2_ws/install/px4_ros_com/share/ament_index/resource_index/packages/px4_ros_com
[2.908s] -- Up-to-date symlink: /home/indowings/scripts/2026-06-25/ros2_ws/install/px4_ros_com/share/px4_ros_com/cmake/ament_cmake_export_dependencies-extras.cmake
[2.910s] -- Up-to-date symlink: /home/indowings/scripts/2026-06-25/ros2_ws/install/px4_ros_com/share/px4_ros_com/cmake/ament_cmake_export_targets-extras.cmake
[2.911s] -- Up-to-date symlink: /home/indowings/scripts/2026-06-25/ros2_ws/install/px4_ros_com/share/px4_ros_com/cmake/ament_cmake_export_include_directories-extras.cmake
[2.912s] -- Up-to-date symlink: /home/indowings/scripts/2026-06-25/ros2_ws/install/px4_ros_com/share/px4_ros_com/cmake/ament_cmake_export_libraries-extras.cmake
[2.913s] -- Up-to-date symlink: /home/indowings/scripts/2026-06-25/ros2_ws/install/px4_ros_com/share/px4_ros_com/cmake/px4_ros_comConfig.cmake
[2.913s] -- Up-to-date symlink: /home/indowings/scripts/2026-06-25/ros2_ws/install/px4_ros_com/share/px4_ros_com/cmake/px4_ros_comConfig-version.cmake
[2.915s] -- Up-to-date symlink: /home/indowings/scripts/2026-06-25/ros2_ws/install/px4_ros_com/share/px4_ros_com/package.xml
[2.917s] -- Up-to-date: /home/indowings/scripts/2026-06-25/ros2_ws/install/px4_ros_com/lib/libframe_transforms.so
[3.125s] Listing '/home/indowings/scripts/2026-06-25/ros2_ws/install/px4_ros_com/local/lib/python3.10/dist-packages/px4_ros_com'...
[3.159s] -- Up-to-date: /home/indowings/scripts/2026-06-25/ros2_ws/install/px4_ros_com/share/px4_ros_com/cmake/export_frame_transformsExport.cmake
[3.159s] -- Up-to-date: /home/indowings/scripts/2026-06-25/ros2_ws/install/px4_ros_com/share/px4_ros_com/cmake/export_frame_transformsExport-noconfig.cmake
[3.173s] Invoked command in '/home/indowings/scripts/2026-06-25/ros2_ws/build/px4_ros_com' returned '0': CMAKE_PREFIX_PATH=/home/indowings/scripts/2026-06-25/ros2_ws/install/px4_msgs:/home/indowings/scripts/2026-06-25/ros2_ws/install/px4_ros_com:/home/indowings/scripts/2026-06-25/ros2_ws/install/px4_mission:/opt/ros/humble LD_LIBRARY_PATH=/home/indowings/scripts/2026-06-25/ros2_ws/install/px4_msgs/lib:/home/indowings/scripts/2026-06-25/ros2_ws/install/px4_ros_com/lib:/opt/ros/humble/opt/rviz_ogre_vendor/lib:/opt/ros/humble/lib/x86_64-linux-gnu:/opt/ros/humble/lib /usr/bin/cmake --install /home/indowings/scripts/2026-06-25/ros2_ws/build/px4_ros_com
